{"C:\\Users\\Administrator\\Documents\\GitHub\\dualeapa-sprint1-project\\apps\\business-logic-ui\\src\\app\\app.html": {"path":"C:\\Users\\Administrator\\Documents\\GitHub\\dualeapa-sprint1-project\\apps\\business-logic-ui\\src\\app\\app.html","statementMap":{"0":{"start":{"line":1,"column":0},"end":{"line":1,"column":null}}},"fnMap":{},"branchMap":{},"s":{"0":2},"f":{},"b":{},"meta":{"lastBranch":0,"lastFunction":0,"lastStatement":1,"seen":{"s:1:0:1:Infinity":0},"fnNames":{}}}
,"C:\\Users\\Administrator\\Documents\\GitHub\\dualeapa-sprint1-project\\apps\\business-logic-ui\\src\\app\\app.ts": {"path":"C:\\Users\\Administrator\\Documents\\GitHub\\dualeapa-sprint1-project\\apps\\business-logic-ui\\src\\app\\app.ts","statementMap":{"0":{"start":{"line":10,"column":6},"end":{"line":5,"column":25}},"1":{"start":{"line":11,"column":29},"end":{"line":11,"column":null}},"2":{"start":{"line":10,"column":13},"end":{"line":5,"column":25}},"3":{"start":{"line":10,"column":13},"end":{"line":10,"column":null}},"4":{"start":{"line":10,"column":16},"end":{"line":1,"column":null}},"5":{"start":{"line":10,"column":13},"end":{"line":6,"column":null}}},"fnMap":{"0":{"name":"template","decl":{"start":{"line":10,"column":16},"end":{"line":10,"column":null}},"loc":{"start":{"line":10,"column":16},"end":{"line":5,"column":24}},"line":10}},"branchMap":{"0":{"loc":{"start":{"line":10,"column":13},"end":{"line":10,"column":16}},"type":"binary-expr","locations":[{"start":{"line":10,"column":13},"end":{"line":10,"column":16}},{"start":{"line":10,"column":13},"end":{"line":10,"column":16}}],"line":10},"1":{"loc":{"start":{"line":10,"column":16},"end":{"line":1,"column":null}},"type":"if","locations":[{"start":{"line":10,"column":16},"end":{"line":1,"column":null}},{"start":{},"end":{}}],"line":10},"2":{"loc":{"start":{"line":10,"column":13},"end":{"line":6,"column":null}},"type":"binary-expr","locations":[{"start":{"line":10,"column":13},"end":{"line":10,"column":16}},{"start":{"line":10,"column":13},"end":{"line":10,"column":16}},{"start":{"line":10,"column":13},"end":{"line":6,"column":null}}],"line":10},"3":{"loc":{"start":{"line":10,"column":13},"end":{"line":10,"column":null}},"type":"binary-expr","locations":[{"start":{"line":10,"column":13},"end":{"line":10,"column":16}},{"start":{"line":10,"column":13},"end":{"line":10,"column":16}},{"start":{"line":10,"column":13},"end":{"line":10,"column":null}}],"line":10}},"s":{"0":1,"1":2,"2":1,"3":1,"4":2,"5":1},"f":{"0":1},"b":{"0":[2,2],"1":[2,0],"2":[1,1,1],"3":[1,1,1]},"meta":{"lastBranch":4,"lastFunction":1,"lastStatement":6,"seen":{"s:10:6:5:25":0,"s:11:29:11:Infinity":1,"s:10:13:5:25":2,"s:10:13:10:Infinity":3,"b:10:13:10:16:10:13:10:16":0,"f:10:16:10:Infinity":0,"b:10:16:1:Infinity:undefined:undefined:undefined:undefined":1,"s:10:16:1:Infinity":4,"s:10:13:6:Infinity":5,"b:10:13:10:16:10:13:10:16:10:13:6:Infinity":2,"b:10:13:10:16:10:13:10:16:10:13:10:Infinity":3},"fnNames":{}}}
,"C:\\Users\\Administrator\\Documents\\GitHub\\dualeapa-sprint1-project\\apps\\business-logic-ui\\src\\app\\core\\api.config.ts": {"path":"C:\\Users\\Administrator\\Documents\\GitHub\\dualeapa-sprint1-project\\apps\\business-logic-ui\\src\\app\\core\\api.config.ts","statementMap":{"0":{"start":{"line":4,"column":28},"end":{"line":7,"column":null}},"1":{"start":{"line":6,"column":17},"end":{"line":6,"column":null}},"2":{"start":{"line":11,"column":31},"end":{"line":14,"column":null}},"3":{"start":{"line":13,"column":17},"end":{"line":13,"column":null}}},"fnMap":{"0":{"name":"(anonymous_0)","decl":{"start":{"line":6,"column":11},"end":{"line":6,"column":17}},"loc":{"start":{"line":6,"column":17},"end":{"line":6,"column":null}},"line":6},"1":{"name":"(anonymous_1)","decl":{"start":{"line":13,"column":11},"end":{"line":13,"column":17}},"loc":{"start":{"line":13,"column":17},"end":{"line":13,"column":null}},"line":13}},"branchMap":{},"s":{"0":3,"1":36,"2":3,"3":36},"f":{"0":36,"1":36},"b":{},"meta":{"lastBranch":0,"lastFunction":2,"lastStatement":4,"seen":{"s:4:28:7:Infinity":0,"f:6:11:6:17":0,"s:6:17:6:Infinity":1,"s:11:31:14:Infinity":2,"f:13:11:13:17":1,"s:13:17:13:Infinity":3},"fnNames":{}}}
,"C:\\Users\\Administrator\\Documents\\GitHub\\dualeapa-sprint1-project\\apps\\business-logic-ui\\src\\app\\core\\auth\\auth-error.ts": {"path":"C:\\Users\\Administrator\\Documents\\GitHub\\dualeapa-sprint1-project\\apps\\business-logic-ui\\src\\app\\core\\auth\\auth-error.ts","statementMap":{"0":{"start":{"line":7,"column":7},"end":{"line":12,"column":null}},"1":{"start":{"line":9,"column":4},"end":{"line":9,"column":null}},"2":{"start":{"line":10,"column":4},"end":{"line":10,"column":null}},"3":{"start":{"line":15,"column":7},"end":{"line":23,"column":null}},"4":{"start":{"line":20,"column":4},"end":{"line":20,"column":null}},"5":{"start":{"line":17,"column":13},"end":{"line":17,"column":null}},"6":{"start":{"line":18,"column":13},"end":{"line":18,"column":null}},"7":{"start":{"line":21,"column":4},"end":{"line":21,"column":null}},"8":{"start":{"line":25,"column":35},"end":{"line":36,"column":null}},"9":{"start":{"line":40,"column":2},"end":{"line":42,"column":null}},"10":{"start":{"line":41,"column":4},"end":{"line":41,"column":null}},"11":{"start":{"line":43,"column":2},"end":{"line":45,"column":null}},"12":{"start":{"line":44,"column":4},"end":{"line":44,"column":null}},"13":{"start":{"line":46,"column":2},"end":{"line":50,"column":null}},"14":{"start":{"line":47,"column":4},"end":{"line":49,"column":null}},"15":{"start":{"line":51,"column":2},"end":{"line":53,"column":null}},"16":{"start":{"line":52,"column":4},"end":{"line":52,"column":null}},"17":{"start":{"line":54,"column":2},"end":{"line":56,"column":null}},"18":{"start":{"line":55,"column":4},"end":{"line":55,"column":null}},"19":{"start":{"line":58,"column":2},"end":{"line":79,"column":null}},"20":{"start":{"line":60,"column":6},"end":{"line":62,"column":null}},"21":{"start":{"line":64,"column":6},"end":{"line":66,"column":null}},"22":{"start":{"line":65,"column":8},"end":{"line":65,"column":null}},"23":{"start":{"line":67,"column":6},"end":{"line":69,"column":null}},"24":{"start":{"line":68,"column":8},"end":{"line":68,"column":null}},"25":{"start":{"line":70,"column":6},"end":{"line":70,"column":null}},"26":{"start":{"line":72,"column":6},"end":{"line":74,"column":null}},"27":{"start":{"line":73,"column":8},"end":{"line":73,"column":null}},"28":{"start":{"line":75,"column":6},"end":{"line":77,"column":null}},"29":{"start":{"line":76,"column":8},"end":{"line":76,"column":null}},"30":{"start":{"line":78,"column":6},"end":{"line":78,"column":null}},"31":{"start":{"line":84,"column":19},"end":{"line":84,"column":null}},"32":{"start":{"line":85,"column":2},"end":{"line":88,"column":null}},"33":{"start":{"line":86,"column":18},"end":{"line":86,"column":null}},"34":{"start":{"line":86,"column":59},"end":{"line":86,"column":83}},"35":{"start":{"line":87,"column":4},"end":{"line":87,"column":null}},"36":{"start":{"line":89,"column":2},"end":{"line":89,"column":null}}},"fnMap":{"0":{"name":"constructor","decl":{"start":{"line":8,"column":2},"end":{"line":8,"column":16}},"loc":{"start":{"line":8,"column":16},"end":{"line":11,"column":null}},"line":8},"1":{"name":"constructor_2","decl":{"start":{"line":16,"column":2},"end":{"line":16,"column":null}},"loc":{"start":{"line":19,"column":4},"end":{"line":22,"column":null}},"line":19},"2":{"name":"toAuthErrorMessage","decl":{"start":{"line":39,"column":16},"end":{"line":39,"column":35}},"loc":{"start":{"line":39,"column":86},"end":{"line":80,"column":null}},"line":39},"3":{"name":"nestValidationMessage","decl":{"start":{"line":83,"column":9},"end":{"line":83,"column":31}},"loc":{"start":{"line":83,"column":72},"end":{"line":90,"column":null}},"line":83},"4":{"name":"(anonymous_4)","decl":{"start":{"line":86,"column":33},"end":{"line":86,"column":34}},"loc":{"start":{"line":86,"column":59},"end":{"line":86,"column":83}},"line":86}},"branchMap":{"0":{"loc":{"start":{"line":40,"column":2},"end":{"line":42,"column":null}},"type":"if","locations":[{"start":{"line":40,"column":2},"end":{"line":42,"column":null}},{"start":{},"end":{}}],"line":40},"1":{"loc":{"start":{"line":43,"column":2},"end":{"line":45,"column":null}},"type":"if","locations":[{"start":{"line":43,"column":2},"end":{"line":45,"column":null}},{"start":{},"end":{}}],"line":43},"2":{"loc":{"start":{"line":46,"column":2},"end":{"line":50,"column":null}},"type":"if","locations":[{"start":{"line":46,"column":2},"end":{"line":50,"column":null}},{"start":{},"end":{}}],"line":46},"3":{"loc":{"start":{"line":47,"column":11},"end":{"line":49,"column":null}},"type":"cond-expr","locations":[{"start":{"line":48,"column":8},"end":{"line":48,"column":null}},{"start":{"line":49,"column":8},"end":{"line":49,"column":null}}],"line":47},"4":{"loc":{"start":{"line":51,"column":2},"end":{"line":53,"column":null}},"type":"if","locations":[{"start":{"line":51,"column":2},"end":{"line":53,"column":null}},{"start":{},"end":{}}],"line":51},"5":{"loc":{"start":{"line":54,"column":2},"end":{"line":56,"column":null}},"type":"if","locations":[{"start":{"line":54,"column":2},"end":{"line":56,"column":null}},{"start":{},"end":{}}],"line":54},"6":{"loc":{"start":{"line":58,"column":2},"end":{"line":79,"column":null}},"type":"switch","locations":[{"start":{"line":59,"column":4},"end":{"line":62,"column":null}},{"start":{"line":63,"column":4},"end":{"line":70,"column":null}},{"start":{"line":71,"column":4},"end":{"line":78,"column":null}}],"line":58},"7":{"loc":{"start":{"line":60,"column":13},"end":{"line":62,"column":null}},"type":"cond-expr","locations":[{"start":{"line":61,"column":10},"end":{"line":61,"column":null}},{"start":{"line":62,"column":10},"end":{"line":62,"column":null}}],"line":60},"8":{"loc":{"start":{"line":64,"column":6},"end":{"line":66,"column":null}},"type":"if","locations":[{"start":{"line":64,"column":6},"end":{"line":66,"column":null}},{"start":{},"end":{}}],"line":64},"9":{"loc":{"start":{"line":67,"column":6},"end":{"line":69,"column":null}},"type":"if","locations":[{"start":{"line":67,"column":6},"end":{"line":69,"column":null}},{"start":{},"end":{}}],"line":67},"10":{"loc":{"start":{"line":68,"column":15},"end":{"line":68,"column":null}},"type":"binary-expr","locations":[{"start":{"line":68,"column":15},"end":{"line":68,"column":47}},{"start":{"line":68,"column":47},"end":{"line":68,"column":null}}],"line":68},"11":{"loc":{"start":{"line":72,"column":6},"end":{"line":74,"column":null}},"type":"if","locations":[{"start":{"line":72,"column":6},"end":{"line":74,"column":null}},{"start":{},"end":{}}],"line":72},"12":{"loc":{"start":{"line":75,"column":6},"end":{"line":77,"column":null}},"type":"if","locations":[{"start":{"line":75,"column":6},"end":{"line":77,"column":null}},{"start":{},"end":{}}],"line":75},"13":{"loc":{"start":{"line":85,"column":2},"end":{"line":88,"column":null}},"type":"if","locations":[{"start":{"line":85,"column":2},"end":{"line":88,"column":null}},{"start":{},"end":{}}],"line":85},"14":{"loc":{"start":{"line":87,"column":11},"end":{"line":87,"column":null}},"type":"cond-expr","locations":[{"start":{"line":87,"column":26},"end":{"line":87,"column":45}},{"start":{"line":87,"column":45},"end":{"line":87,"column":null}}],"line":87},"15":{"loc":{"start":{"line":89,"column":9},"end":{"line":89,"column":null}},"type":"cond-expr","locations":[{"start":{"line":89,"column":50},"end":{"line":89,"column":60}},{"start":{"line":89,"column":60},"end":{"line":89,"column":null}}],"line":89},"16":{"loc":{"start":{"line":89,"column":9},"end":{"line":89,"column":50}},"type":"binary-expr","locations":[{"start":{"line":89,"column":9},"end":{"line":89,"column":40}},{"start":{"line":89,"column":40},"end":{"line":89,"column":50}}],"line":89}},"s":{"0":3,"1":2,"2":2,"3":3,"4":3,"5":3,"6":3,"7":3,"8":3,"9":17,"10":1,"11":16,"12":2,"13":14,"14":2,"15":12,"16":1,"17":11,"18":1,"19":10,"20":4,"21":2,"22":0,"23":2,"24":2,"25":0,"26":4,"27":2,"28":2,"29":2,"30":0,"31":2,"32":2,"33":1,"34":2,"35":1,"36":1},"f":{"0":2,"1":3,"2":17,"3":2,"4":2},"b":{"0":[1,16],"1":[2,14],"2":[2,12],"3":[1,1],"4":[1,11],"5":[1,10],"6":[4,2,4],"7":[3,1],"8":[0,2],"9":[2,0],"10":[2,1],"11":[2,2],"12":[2,0],"13":[1,1],"14":[1,0],"15":[0,1],"16":[1,0]},"meta":{"lastBranch":17,"lastFunction":5,"lastStatement":37,"seen":{"s:7:7:12:Infinity":0,"f:8:2:8:16":0,"s:9:4:9:Infinity":1,"s:10:4:10:Infinity":2,"s:15:7:23:Infinity":3,"f:16:2:16:Infinity":1,"s:20:4:20:Infinity":4,"s:17:13:17:Infinity":5,"s:18:13:18:Infinity":6,"s:21:4:21:Infinity":7,"s:25:35:36:Infinity":8,"f:39:16:39:35":2,"b:40:2:42:Infinity:undefined:undefined:undefined:undefined":0,"s:40:2:42:Infinity":9,"s:41:4:41:Infinity":10,"b:43:2:45:Infinity:undefined:undefined:undefined:undefined":1,"s:43:2:45:Infinity":11,"s:44:4:44:Infinity":12,"b:46:2:50:Infinity:undefined:undefined:undefined:undefined":2,"s:46:2:50:Infinity":13,"s:47:4:49:Infinity":14,"b:48:8:48:Infinity:49:8:49:Infinity":3,"b:51:2:53:Infinity:undefined:undefined:undefined:undefined":4,"s:51:2:53:Infinity":15,"s:52:4:52:Infinity":16,"b:54:2:56:Infinity:undefined:undefined:undefined:undefined":5,"s:54:2:56:Infinity":17,"s:55:4:55:Infinity":18,"b:59:4:62:Infinity:63:4:70:Infinity:71:4:78:Infinity":6,"s:58:2:79:Infinity":19,"s:60:6:62:Infinity":20,"b:61:10:61:Infinity:62:10:62:Infinity":7,"b:64:6:66:Infinity:undefined:undefined:undefined:undefined":8,"s:64:6:66:Infinity":21,"s:65:8:65:Infinity":22,"b:67:6:69:Infinity:undefined:undefined:undefined:undefined":9,"s:67:6:69:Infinity":23,"s:68:8:68:Infinity":24,"b:68:15:68:47:68:47:68:Infinity":10,"s:70:6:70:Infinity":25,"b:72:6:74:Infinity:undefined:undefined:undefined:undefined":11,"s:72:6:74:Infinity":26,"s:73:8:73:Infinity":27,"b:75:6:77:Infinity:undefined:undefined:undefined:undefined":12,"s:75:6:77:Infinity":28,"s:76:8:76:Infinity":29,"s:78:6:78:Infinity":30,"f:83:9:83:31":3,"s:84:19:84:Infinity":31,"b:85:2:88:Infinity:undefined:undefined:undefined:undefined":13,"s:85:2:88:Infinity":32,"s:86:18:86:Infinity":33,"f:86:33:86:34":4,"s:86:59:86:83":34,"s:87:4:87:Infinity":35,"b:87:26:87:45:87:45:87:Infinity":14,"s:89:2:89:Infinity":36,"b:89:50:89:60:89:60:89:Infinity":15,"b:89:9:89:40:89:40:89:50":16},"fnNames":{}}}
,"C:\\Users\\Administrator\\Documents\\GitHub\\dualeapa-sprint1-project\\apps\\business-logic-ui\\src\\app\\core\\auth\\auth.guard.ts": {"path":"C:\\Users\\Administrator\\Documents\\GitHub\\dualeapa-sprint1-project\\apps\\business-logic-ui\\src\\app\\core\\auth\\auth.guard.ts","statementMap":{"0":{"start":{"line":7,"column":40},"end":{"line":12,"column":null}},"1":{"start":{"line":8,"column":17},"end":{"line":8,"column":null}},"2":{"start":{"line":9,"column":2},"end":{"line":11,"column":null}},"3":{"start":{"line":11,"column":25},"end":{"line":11,"column":66}},"4":{"start":{"line":15,"column":41},"end":{"line":20,"column":null}},"5":{"start":{"line":16,"column":17},"end":{"line":16,"column":null}},"6":{"start":{"line":17,"column":2},"end":{"line":19,"column":null}},"7":{"start":{"line":19,"column":26},"end":{"line":19,"column":78}}},"fnMap":{"0":{"name":"(anonymous_0)","decl":{"start":{"line":7,"column":40},"end":{"line":7,"column":46}},"loc":{"start":{"line":7,"column":46},"end":{"line":12,"column":null}},"line":7},"1":{"name":"(anonymous_1)","decl":{"start":{"line":11,"column":14},"end":{"line":11,"column":15}},"loc":{"start":{"line":11,"column":25},"end":{"line":11,"column":66}},"line":11},"2":{"name":"(anonymous_2)","decl":{"start":{"line":15,"column":41},"end":{"line":15,"column":47}},"loc":{"start":{"line":15,"column":47},"end":{"line":20,"column":null}},"line":15},"3":{"name":"(anonymous_3)","decl":{"start":{"line":19,"column":14},"end":{"line":19,"column":15}},"loc":{"start":{"line":19,"column":26},"end":{"line":19,"column":78}},"line":19}},"branchMap":{"0":{"loc":{"start":{"line":11,"column":25},"end":{"line":11,"column":66}},"type":"binary-expr","locations":[{"start":{"line":11,"column":25},"end":{"line":11,"column":34}},{"start":{"line":11,"column":34},"end":{"line":11,"column":66}}],"line":11},"1":{"loc":{"start":{"line":19,"column":26},"end":{"line":19,"column":78}},"type":"cond-expr","locations":[{"start":{"line":19,"column":34},"end":{"line":19,"column":73}},{"start":{"line":19,"column":73},"end":{"line":19,"column":78}}],"line":19}},"s":{"0":1,"1":2,"2":2,"3":2,"4":1,"5":2,"6":2,"7":2},"f":{"0":2,"1":2,"2":2,"3":2},"b":{"0":[2,1],"1":[1,1]},"meta":{"lastBranch":2,"lastFunction":4,"lastStatement":8,"seen":{"s:7:40:12:Infinity":0,"f:7:40:7:46":0,"s:8:17:8:Infinity":1,"s:9:2:11:Infinity":2,"f:11:14:11:15":1,"s:11:25:11:66":3,"b:11:25:11:34:11:34:11:66":0,"s:15:41:20:Infinity":4,"f:15:41:15:47":2,"s:16:17:16:Infinity":5,"s:17:2:19:Infinity":6,"f:19:14:19:15":3,"s:19:26:19:78":7,"b:19:34:19:73:19:73:19:78":1},"fnNames":{}}}
,"C:\\Users\\Administrator\\Documents\\GitHub\\dualeapa-sprint1-project\\apps\\business-logic-ui\\src\\app\\core\\auth\\auth.interceptor.ts": {"path":"C:\\Users\\Administrator\\Documents\\GitHub\\dualeapa-sprint1-project\\apps\\business-logic-ui\\src\\app\\core\\auth\\auth.interceptor.ts","statementMap":{"0":{"start":{"line":8,"column":50},"end":{"line":14,"column":null}},"1":{"start":{"line":9,"column":22},"end":{"line":9,"column":null}},"2":{"start":{"line":10,"column":2},"end":{"line":12,"column":null}},"3":{"start":{"line":11,"column":4},"end":{"line":11,"column":null}},"4":{"start":{"line":13,"column":2},"end":{"line":13,"column":null}}},"fnMap":{"0":{"name":"(anonymous_0)","decl":{"start":{"line":8,"column":50},"end":{"line":8,"column":51}},"loc":{"start":{"line":8,"column":65},"end":{"line":14,"column":null}},"line":8}},"branchMap":{"0":{"loc":{"start":{"line":10,"column":2},"end":{"line":12,"column":null}},"type":"if","locations":[{"start":{"line":10,"column":2},"end":{"line":12,"column":null}},{"start":{},"end":{}}],"line":10},"1":{"loc":{"start":{"line":10,"column":6},"end":{"line":10,"column":68}},"type":"binary-expr","locations":[{"start":{"line":10,"column":6},"end":{"line":10,"column":22}},{"start":{"line":10,"column":22},"end":{"line":10,"column":68}}],"line":10}},"s":{"0":1,"1":13,"2":13,"3":10,"4":3},"f":{"0":13},"b":{"0":[10,3],"1":[13,4]},"meta":{"lastBranch":2,"lastFunction":1,"lastStatement":5,"seen":{"s:8:50:14:Infinity":0,"f:8:50:8:51":0,"s:9:22:9:Infinity":1,"b:10:2:12:Infinity:undefined:undefined:undefined:undefined":0,"s:10:2:12:Infinity":2,"b:10:6:10:22:10:22:10:68":1,"s:11:4:11:Infinity":3,"s:13:2:13:Infinity":4},"fnNames":{}}}
,"C:\\Users\\Administrator\\Documents\\GitHub\\dualeapa-sprint1-project\\apps\\business-logic-ui\\src\\app\\core\\auth\\auth.service.ts": {"path":"C:\\Users\\Administrator\\Documents\\GitHub\\dualeapa-sprint1-project\\apps\\business-logic-ui\\src\\app\\core\\auth\\auth.service.ts","statementMap":{"0":{"start":{"line":27,"column":6},"end":{"line":26,"column":34}},"1":{"start":{"line":28,"column":27},"end":{"line":28,"column":null}},"2":{"start":{"line":29,"column":30},"end":{"line":29,"column":null}},"3":{"start":{"line":30,"column":33},"end":{"line":30,"column":null}},"4":{"start":{"line":31,"column":36},"end":{"line":31,"column":null}},"5":{"start":{"line":33,"column":29},"end":{"line":33,"column":null}},"6":{"start":{"line":27,"column":13},"end":{"line":26,"column":34}},"7":{"start":{"line":36,"column":4},"end":{"line":36,"column":null}},"8":{"start":{"line":36,"column":75},"end":{"line":36,"column":84}},"9":{"start":{"line":42,"column":37},"end":{"line":42,"column":null}},"10":{"start":{"line":44,"column":4},"end":{"line":70,"column":null}},"11":{"start":{"line":46,"column":8},"end":{"line":48,"column":null}},"12":{"start":{"line":47,"column":10},"end":{"line":47,"column":null}},"13":{"start":{"line":47,"column":34},"end":{"line":47,"column":83}},"14":{"start":{"line":51,"column":8},"end":{"line":58,"column":null}},"15":{"start":{"line":53,"column":12},"end":{"line":56,"column":null}},"16":{"start":{"line":54,"column":14},"end":{"line":56,"column":72}},"17":{"start":{"line":62,"column":8},"end":{"line":67,"column":null}},"18":{"start":{"line":65,"column":12},"end":{"line":65,"column":null}},"19":{"start":{"line":66,"column":12},"end":{"line":66,"column":null}},"20":{"start":{"line":66,"column":36},"end":{"line":66,"column":88}},"21":{"start":{"line":70,"column":16},"end":{"line":70,"column":25}},"22":{"start":{"line":75,"column":25},"end":{"line":75,"column":null}},"23":{"start":{"line":76,"column":4},"end":{"line":76,"column":null}},"24":{"start":{"line":77,"column":4},"end":{"line":79,"column":null}},"25":{"start":{"line":78,"column":6},"end":{"line":78,"column":null}},"26":{"start":{"line":80,"column":4},"end":{"line":83,"column":null}},"27":{"start":{"line":81,"column":16},"end":{"line":81,"column":25}},"28":{"start":{"line":83,"column":23},"end":{"line":83,"column":36}},"29":{"start":{"line":89,"column":4},"end":{"line":91,"column":null}},"30":{"start":{"line":90,"column":6},"end":{"line":90,"column":null}},"31":{"start":{"line":92,"column":25},"end":{"line":92,"column":null}},"32":{"start":{"line":93,"column":4},"end":{"line":95,"column":null}},"33":{"start":{"line":94,"column":6},"end":{"line":94,"column":null}},"34":{"start":{"line":96,"column":4},"end":{"line":104,"column":null}},"35":{"start":{"line":99,"column":24},"end":{"line":99,"column":50}},"36":{"start":{"line":100,"column":18},"end":{"line":100,"column":22}},"37":{"start":{"line":102,"column":10},"end":{"line":102,"column":null}},"38":{"start":{"line":103,"column":10},"end":{"line":103,"column":null}},"39":{"start":{"line":112,"column":4},"end":{"line":114,"column":null}},"40":{"start":{"line":114,"column":28},"end":{"line":114,"column":54}},"41":{"start":{"line":27,"column":13},"end":{"line":27,"column":null}},"42":{"start":{"line":27,"column":13},"end":{"line":26,"column":null}},"43":{"start":{"line":119,"column":2},"end":{"line":128,"column":null}}},"fnMap":{"0":{"name":"login","decl":{"start":{"line":35,"column":2},"end":{"line":35,"column":8}},"loc":{"start":{"line":35,"column":58},"end":{"line":37,"column":null}},"line":35},"1":{"name":"(anonymous_1)","decl":{"start":{"line":36,"column":69},"end":{"line":36,"column":75}},"loc":{"start":{"line":36,"column":75},"end":{"line":36,"column":84}},"line":36},"2":{"name":"register","decl":{"start":{"line":41,"column":2},"end":{"line":41,"column":11}},"loc":{"start":{"line":41,"column":58},"end":{"line":72,"column":null}},"line":41},"3":{"name":"(anonymous_3)","decl":{"start":{"line":45,"column":17},"end":{"line":45,"column":18}},"loc":{"start":{"line":45,"column":36},"end":{"line":60,"column":7}},"line":45},"4":{"name":"(anonymous_4)","decl":{"start":{"line":47,"column":28},"end":{"line":47,"column":34}},"loc":{"start":{"line":47,"column":34},"end":{"line":47,"column":83}},"line":47},"5":{"name":"(anonymous_5)","decl":{"start":{"line":52,"column":21},"end":{"line":52,"column":22}},"loc":{"start":{"line":53,"column":12},"end":{"line":56,"column":null}},"line":53},"6":{"name":"(anonymous_6)","decl":{"start":{"line":53,"column":23},"end":{"line":53,"column":null}},"loc":{"start":{"line":54,"column":14},"end":{"line":56,"column":72}},"line":54},"7":{"name":"(anonymous_7)","decl":{"start":{"line":61,"column":16},"end":{"line":61,"column":null}},"loc":{"start":{"line":62,"column":8},"end":{"line":67,"column":null}},"line":62},"8":{"name":"(anonymous_8)","decl":{"start":{"line":63,"column":21},"end":{"line":63,"column":22}},"loc":{"start":{"line":63,"column":40},"end":{"line":67,"column":11}},"line":63},"9":{"name":"(anonymous_9)","decl":{"start":{"line":66,"column":30},"end":{"line":66,"column":36}},"loc":{"start":{"line":66,"column":36},"end":{"line":66,"column":88}},"line":66},"10":{"name":"(anonymous_10)","decl":{"start":{"line":70,"column":10},"end":{"line":70,"column":16}},"loc":{"start":{"line":70,"column":16},"end":{"line":70,"column":25}},"line":70},"11":{"name":"logout","decl":{"start":{"line":74,"column":2},"end":{"line":74,"column":28}},"loc":{"start":{"line":74,"column":28},"end":{"line":85,"column":null}},"line":74},"12":{"name":"(anonymous_12)","decl":{"start":{"line":81,"column":10},"end":{"line":81,"column":16}},"loc":{"start":{"line":81,"column":16},"end":{"line":81,"column":25}},"line":81},"13":{"name":"(anonymous_13)","decl":{"start":{"line":83,"column":17},"end":{"line":83,"column":23}},"loc":{"start":{"line":83,"column":23},"end":{"line":83,"column":36}},"line":83},"14":{"name":"ensureValidSession","decl":{"start":{"line":88,"column":2},"end":{"line":88,"column":43}},"loc":{"start":{"line":88,"column":43},"end":{"line":106,"column":null}},"line":88},"15":{"name":"(anonymous_15)","decl":{"start":{"line":99,"column":12},"end":{"line":99,"column":13}},"loc":{"start":{"line":99,"column":24},"end":{"line":99,"column":50}},"line":99},"16":{"name":"(anonymous_16)","decl":{"start":{"line":100,"column":12},"end":{"line":100,"column":18}},"loc":{"start":{"line":100,"column":18},"end":{"line":100,"column":22}},"line":100},"17":{"name":"(anonymous_17)","decl":{"start":{"line":101,"column":19},"end":{"line":101,"column":24}},"loc":{"start":{"line":101,"column":24},"end":{"line":104,"column":9}},"line":101},"18":{"name":"requestTokens","decl":{"start":{"line":108,"column":10},"end":{"line":108,"column":null}},"loc":{"start":{"line":111,"column":27},"end":{"line":115,"column":null}},"line":111},"19":{"name":"(anonymous_19)","decl":{"start":{"line":114,"column":16},"end":{"line":114,"column":17}},"loc":{"start":{"line":114,"column":28},"end":{"line":114,"column":54}},"line":114},"20":{"name":"toProfile","decl":{"start":{"line":118,"column":9},"end":{"line":118,"column":19}},"loc":{"start":{"line":118,"column":47},"end":{"line":130,"column":null}},"line":118}},"branchMap":{"0":{"loc":{"start":{"line":46,"column":8},"end":{"line":48,"column":null}},"type":"if","locations":[{"start":{"line":46,"column":8},"end":{"line":48,"column":null}},{"start":{},"end":{}}],"line":46},"1":{"loc":{"start":{"line":46,"column":14},"end":{"line":46,"column":75}},"type":"binary-expr","locations":[{"start":{"line":46,"column":14},"end":{"line":46,"column":52}},{"start":{"line":46,"column":52},"end":{"line":46,"column":75}}],"line":46},"2":{"loc":{"start":{"line":54,"column":14},"end":{"line":56,"column":72}},"type":"cond-expr","locations":[{"start":{"line":55,"column":18},"end":{"line":55,"column":null}},{"start":{"line":56,"column":18},"end":{"line":56,"column":72}}],"line":54},"3":{"loc":{"start":{"line":54,"column":14},"end":{"line":54,"column":null}},"type":"binary-expr","locations":[{"start":{"line":54,"column":14},"end":{"line":54,"column":57}},{"start":{"line":54,"column":57},"end":{"line":54,"column":null}}],"line":54},"4":{"loc":{"start":{"line":77,"column":4},"end":{"line":79,"column":null}},"type":"if","locations":[{"start":{"line":77,"column":4},"end":{"line":79,"column":null}},{"start":{},"end":{}}],"line":77},"5":{"loc":{"start":{"line":89,"column":4},"end":{"line":91,"column":null}},"type":"if","locations":[{"start":{"line":89,"column":4},"end":{"line":91,"column":null}},{"start":{},"end":{}}],"line":89},"6":{"loc":{"start":{"line":93,"column":4},"end":{"line":95,"column":null}},"type":"if","locations":[{"start":{"line":93,"column":4},"end":{"line":95,"column":null}},{"start":{},"end":{}}],"line":93},"7":{"loc":{"start":{"line":27,"column":13},"end":{"line":27,"column":24}},"type":"binary-expr","locations":[{"start":{"line":27,"column":13},"end":{"line":27,"column":24}},{"start":{"line":27,"column":13},"end":{"line":27,"column":24}}],"line":27},"8":{"loc":{"start":{"line":27,"column":13},"end":{"line":26,"column":null}},"type":"binary-expr","locations":[{"start":{"line":27,"column":13},"end":{"line":27,"column":24}},{"start":{"line":27,"column":13},"end":{"line":27,"column":24}},{"start":{"line":27,"column":13},"end":{"line":26,"column":null}}],"line":27},"9":{"loc":{"start":{"line":122,"column":16},"end":{"line":122,"column":null}},"type":"binary-expr","locations":[{"start":{"line":122,"column":16},"end":{"line":122,"column":38}},{"start":{"line":122,"column":38},"end":{"line":122,"column":null}}],"line":122}},"s":{"0":3,"1":36,"2":36,"3":36,"4":36,"5":36,"6":3,"7":2,"8":1,"9":4,"10":4,"11":2,"12":0,"13":0,"14":2,"15":1,"16":1,"17":3,"18":1,"19":1,"20":1,"21":2,"22":2,"23":2,"24":2,"25":1,"26":1,"27":1,"28":0,"29":1,"30":0,"31":1,"32":1,"33":0,"34":1,"35":1,"36":1,"37":0,"38":0,"39":8,"40":4,"41":36,"42":3,"43":3},"f":{"0":2,"1":1,"2":4,"3":2,"4":0,"5":1,"6":1,"7":3,"8":1,"9":1,"10":2,"11":2,"12":1,"13":0,"14":1,"15":1,"16":1,"17":0,"18":8,"19":4,"20":3},"b":{"0":[0,2],"1":[2,2],"2":[1,0],"3":[1,1],"4":[1,1],"5":[0,1],"6":[0,1],"7":[36,36],"8":[3,3,3],"9":[3,3]},"meta":{"lastBranch":10,"lastFunction":21,"lastStatement":44,"seen":{"s:27:6:26:34":0,"s:28:27:28:Infinity":1,"s:29:30:29:Infinity":2,"s:30:33:30:Infinity":3,"s:31:36:31:Infinity":4,"s:33:29:33:Infinity":5,"s:27:13:26:34":6,"f:35:2:35:8":0,"s:36:4:36:Infinity":7,"f:36:69:36:75":1,"s:36:75:36:84":8,"f:41:2:41:11":2,"s:42:37:42:Infinity":9,"s:44:4:70:Infinity":10,"f:45:17:45:18":3,"b:46:8:48:Infinity:undefined:undefined:undefined:undefined":0,"s:46:8:48:Infinity":11,"b:46:14:46:52:46:52:46:75":1,"s:47:10:47:Infinity":12,"f:47:28:47:34":4,"s:47:34:47:83":13,"s:51:8:58:Infinity":14,"f:52:21:52:22":5,"s:53:12:56:Infinity":15,"f:53:23:53:Infinity":6,"s:54:14:56:72":16,"b:55:18:55:Infinity:56:18:56:72":2,"b:54:14:54:57:54:57:54:Infinity":3,"f:61:16:61:Infinity":7,"s:62:8:67:Infinity":17,"f:63:21:63:22":8,"s:65:12:65:Infinity":18,"s:66:12:66:Infinity":19,"f:66:30:66:36":9,"s:66:36:66:88":20,"f:70:10:70:16":10,"s:70:16:70:25":21,"f:74:2:74:28":11,"s:75:25:75:Infinity":22,"s:76:4:76:Infinity":23,"b:77:4:79:Infinity:undefined:undefined:undefined:undefined":4,"s:77:4:79:Infinity":24,"s:78:6:78:Infinity":25,"s:80:4:83:Infinity":26,"f:81:10:81:16":12,"s:81:16:81:25":27,"f:83:17:83:23":13,"s:83:23:83:36":28,"f:88:2:88:43":14,"b:89:4:91:Infinity:undefined:undefined:undefined:undefined":5,"s:89:4:91:Infinity":29,"s:90:6:90:Infinity":30,"s:92:25:92:Infinity":31,"b:93:4:95:Infinity:undefined:undefined:undefined:undefined":6,"s:93:4:95:Infinity":32,"s:94:6:94:Infinity":33,"s:96:4:104:Infinity":34,"f:99:12:99:13":15,"s:99:24:99:50":35,"f:100:12:100:18":16,"s:100:18:100:22":36,"f:101:19:101:24":17,"s:102:10:102:Infinity":37,"s:103:10:103:Infinity":38,"f:108:10:108:Infinity":18,"s:112:4:114:Infinity":39,"f:114:16:114:17":19,"s:114:28:114:54":40,"s:27:13:27:Infinity":41,"b:27:13:27:24:27:13:27:24":7,"s:27:13:26:Infinity":42,"b:27:13:27:24:27:13:27:24:27:13:26:Infinity":8,"f:118:9:118:19":20,"s:119:2:128:Infinity":43,"b:122:16:122:38:122:38:122:Infinity":9},"fnNames":{}}}
,"C:\\Users\\Administrator\\Documents\\GitHub\\dualeapa-sprint1-project\\apps\\business-logic-ui\\src\\app\\core\\auth\\session-timeout.service.ts": {"path":"C:\\Users\\Administrator\\Documents\\GitHub\\dualeapa-sprint1-project\\apps\\business-logic-ui\\src\\app\\core\\auth\\session-timeout.service.ts","statementMap":{"0":{"start":{"line":7,"column":36},"end":{"line":7,"column":null}},"1":{"start":{"line":8,"column":44},"end":{"line":8,"column":null}},"2":{"start":{"line":11,"column":40},"end":{"line":11,"column":null}},"3":{"start":{"line":13,"column":28},"end":{"line":13,"column":null}},"4":{"start":{"line":14,"column":29},"end":{"line":14,"column":null}},"5":{"start":{"line":18,"column":35},"end":{"line":18,"column":null}},"6":{"start":{"line":20,"column":24},"end":{"line":20,"column":null}},"7":{"start":{"line":26,"column":6},"end":{"line":25,"column":34}},"8":{"start":{"line":27,"column":34},"end":{"line":27,"column":null}},"9":{"start":{"line":28,"column":29},"end":{"line":28,"column":null}},"10":{"start":{"line":29,"column":31},"end":{"line":29,"column":null}},"11":{"start":{"line":30,"column":32},"end":{"line":30,"column":null}},"12":{"start":{"line":32,"column":37},"end":{"line":32,"column":null}},"13":{"start":{"line":33,"column":28},"end":{"line":33,"column":null}},"14":{"start":{"line":35,"column":41},"end":{"line":35,"column":null}},"15":{"start":{"line":36,"column":23},"end":{"line":36,"column":null}},"16":{"start":{"line":37,"column":57},"end":{"line":37,"column":null}},"17":{"start":{"line":39,"column":33},"end":{"line":39,"column":null}},"18":{"start":{"line":40,"column":41},"end":{"line":44,"column":null}},"19":{"start":{"line":26,"column":13},"end":{"line":25,"column":34}},"20":{"start":{"line":39,"column":39},"end":{"line":39,"column":null}},"21":{"start":{"line":41,"column":4},"end":{"line":43,"column":null}},"22":{"start":{"line":42,"column":6},"end":{"line":42,"column":null}},"23":{"start":{"line":47,"column":4},"end":{"line":49,"column":null}},"24":{"start":{"line":48,"column":6},"end":{"line":48,"column":null}},"25":{"start":{"line":50,"column":4},"end":{"line":54,"column":null}},"26":{"start":{"line":51,"column":28},"end":{"line":51,"column":null}},"27":{"start":{"line":52,"column":6},"end":{"line":52,"column":null}},"28":{"start":{"line":53,"column":6},"end":{"line":53,"column":null}},"29":{"start":{"line":53,"column":23},"end":{"line":53,"column":66}},"30":{"start":{"line":58,"column":4},"end":{"line":60,"column":null}},"31":{"start":{"line":59,"column":6},"end":{"line":59,"column":null}},"32":{"start":{"line":61,"column":4},"end":{"line":61,"column":null}},"33":{"start":{"line":62,"column":4},"end":{"line":64,"column":null}},"34":{"start":{"line":63,"column":6},"end":{"line":63,"column":null}},"35":{"start":{"line":65,"column":4},"end":{"line":69,"column":null}},"36":{"start":{"line":66,"column":6},"end":{"line":66,"column":null}},"37":{"start":{"line":73,"column":4},"end":{"line":81,"column":null}},"38":{"start":{"line":75,"column":6},"end":{"line":75,"column":null}},"39":{"start":{"line":76,"column":6},"end":{"line":76,"column":null}},"40":{"start":{"line":77,"column":6},"end":{"line":79,"column":null}},"41":{"start":{"line":78,"column":8},"end":{"line":78,"column":null}},"42":{"start":{"line":80,"column":6},"end":{"line":80,"column":null}},"43":{"start":{"line":82,"column":4},"end":{"line":82,"column":null}},"44":{"start":{"line":86,"column":4},"end":{"line":88,"column":null}},"45":{"start":{"line":87,"column":6},"end":{"line":87,"column":null}},"46":{"start":{"line":89,"column":4},"end":{"line":89,"column":null}},"47":{"start":{"line":90,"column":4},"end":{"line":90,"column":null}},"48":{"start":{"line":91,"column":4},"end":{"line":93,"column":null}},"49":{"start":{"line":92,"column":6},"end":{"line":92,"column":null}},"50":{"start":{"line":94,"column":4},"end":{"line":94,"column":null}},"51":{"start":{"line":95,"column":4},"end":{"line":99,"column":null}},"52":{"start":{"line":96,"column":6},"end":{"line":96,"column":null}},"53":{"start":{"line":103,"column":4},"end":{"line":105,"column":null}},"54":{"start":{"line":104,"column":6},"end":{"line":104,"column":null}},"55":{"start":{"line":106,"column":16},"end":{"line":106,"column":null}},"56":{"start":{"line":107,"column":4},"end":{"line":107,"column":null}},"57":{"start":{"line":108,"column":4},"end":{"line":110,"column":null}},"58":{"start":{"line":109,"column":6},"end":{"line":109,"column":null}},"59":{"start":{"line":116,"column":4},"end":{"line":118,"column":null}},"60":{"start":{"line":117,"column":6},"end":{"line":117,"column":null}},"61":{"start":{"line":119,"column":4},"end":{"line":119,"column":null}},"62":{"start":{"line":120,"column":25},"end":{"line":120,"column":null}},"63":{"start":{"line":121,"column":4},"end":{"line":121,"column":null}},"64":{"start":{"line":122,"column":22},"end":{"line":122,"column":null}},"65":{"start":{"line":123,"column":4},"end":{"line":126,"column":null}},"66":{"start":{"line":124,"column":6},"end":{"line":124,"column":null}},"67":{"start":{"line":125,"column":6},"end":{"line":125,"column":null}},"68":{"start":{"line":127,"column":4},"end":{"line":127,"column":null}},"69":{"start":{"line":127,"column":35},"end":{"line":127,"column":49}},"70":{"start":{"line":131,"column":4},"end":{"line":131,"column":null}},"71":{"start":{"line":132,"column":4},"end":{"line":136,"column":null}},"72":{"start":{"line":133,"column":6},"end":{"line":135,"column":null}},"73":{"start":{"line":140,"column":4},"end":{"line":143,"column":null}},"74":{"start":{"line":141,"column":6},"end":{"line":141,"column":null}},"75":{"start":{"line":142,"column":6},"end":{"line":142,"column":null}},"76":{"start":{"line":147,"column":4},"end":{"line":147,"column":null}},"77":{"start":{"line":148,"column":4},"end":{"line":152,"column":null}},"78":{"start":{"line":149,"column":6},"end":{"line":149,"column":null}},"79":{"start":{"line":156,"column":4},"end":{"line":161,"column":null}},"80":{"start":{"line":157,"column":20},"end":{"line":157,"column":null}},"81":{"start":{"line":158,"column":6},"end":{"line":158,"column":null}},"82":{"start":{"line":160,"column":6},"end":{"line":160,"column":null}},"83":{"start":{"line":165,"column":4},"end":{"line":167,"column":null}},"84":{"start":{"line":166,"column":6},"end":{"line":166,"column":null}},"85":{"start":{"line":168,"column":4},"end":{"line":173,"column":null}},"86":{"start":{"line":169,"column":21},"end":{"line":169,"column":null}},"87":{"start":{"line":170,"column":6},"end":{"line":170,"column":null}},"88":{"start":{"line":172,"column":6},"end":{"line":172,"column":null}},"89":{"start":{"line":26,"column":13},"end":{"line":26,"column":null}},"90":{"start":{"line":26,"column":13},"end":{"line":25,"column":null}},"91":{"start":{"line":178,"column":2},"end":{"line":178,"column":null}}},"fnMap":{"0":{"name":"(anonymous_0)","decl":{"start":{"line":39,"column":33},"end":{"line":39,"column":39}},"loc":{"start":{"line":39,"column":39},"end":{"line":39,"column":null}},"line":39},"1":{"name":"(anonymous_1)","decl":{"start":{"line":40,"column":41},"end":{"line":40,"column":46}},"loc":{"start":{"line":40,"column":46},"end":{"line":44,"column":null}},"line":40},"2":{"name":"constructor","decl":{"start":{"line":46,"column":2},"end":{"line":46,"column":null}},"loc":{"start":{"line":46,"column":2},"end":{"line":55,"column":null}},"line":46},"3":{"name":"(anonymous_3)","decl":{"start":{"line":50,"column":11},"end":{"line":50,"column":16}},"loc":{"start":{"line":50,"column":16},"end":{"line":54,"column":5}},"line":50},"4":{"name":"(anonymous_4)","decl":{"start":{"line":53,"column":16},"end":{"line":53,"column":23}},"loc":{"start":{"line":53,"column":23},"end":{"line":53,"column":66}},"line":53},"5":{"name":"setTimeoutMinutes","decl":{"start":{"line":57,"column":2},"end":{"line":57,"column":20}},"loc":{"start":{"line":57,"column":42},"end":{"line":70,"column":null}},"line":57},"6":{"name":"start","decl":{"start":{"line":72,"column":10},"end":{"line":72,"column":23}},"loc":{"start":{"line":72,"column":23},"end":{"line":83,"column":null}},"line":72},"7":{"name":"stop","decl":{"start":{"line":85,"column":10},"end":{"line":85,"column":22}},"loc":{"start":{"line":85,"column":22},"end":{"line":100,"column":null}},"line":85},"8":{"name":"recordActivity","decl":{"start":{"line":102,"column":10},"end":{"line":102,"column":32}},"loc":{"start":{"line":102,"column":32},"end":{"line":111,"column":null}},"line":102},"9":{"name":"check","decl":{"start":{"line":115,"column":10},"end":{"line":115,"column":23}},"loc":{"start":{"line":115,"column":23},"end":{"line":128,"column":null}},"line":115},"10":{"name":"(anonymous_10)","decl":{"start":{"line":127,"column":29},"end":{"line":127,"column":35}},"loc":{"start":{"line":127,"column":35},"end":{"line":127,"column":49}},"line":127},"11":{"name":"signOut","decl":{"start":{"line":130,"column":10},"end":{"line":130,"column":25}},"loc":{"start":{"line":130,"column":25},"end":{"line":137,"column":null}},"line":130},"12":{"name":"(anonymous_12)","decl":{"start":{"line":132,"column":41},"end":{"line":132,"column":46}},"loc":{"start":{"line":132,"column":46},"end":{"line":136,"column":5}},"line":132},"13":{"name":"clearTimer","decl":{"start":{"line":139,"column":10},"end":{"line":139,"column":28}},"loc":{"start":{"line":139,"column":28},"end":{"line":144,"column":null}},"line":139},"14":{"name":"writeActivity","decl":{"start":{"line":146,"column":10},"end":{"line":146,"column":24}},"loc":{"start":{"line":146,"column":43},"end":{"line":153,"column":null}},"line":146},"15":{"name":"readStoredActivity","decl":{"start":{"line":155,"column":10},"end":{"line":155,"column":45}},"loc":{"start":{"line":155,"column":45},"end":{"line":162,"column":null}},"line":155},"16":{"name":"readTimeoutMinutes","decl":{"start":{"line":164,"column":10},"end":{"line":164,"column":38}},"loc":{"start":{"line":164,"column":38},"end":{"line":174,"column":null}},"line":164},"17":{"name":"isTimeoutOption","decl":{"start":{"line":177,"column":9},"end":{"line":177,"column":25}},"loc":{"start":{"line":177,"column":50},"end":{"line":179,"column":null}},"line":177}},"branchMap":{"0":{"loc":{"start":{"line":41,"column":4},"end":{"line":43,"column":null}},"type":"if","locations":[{"start":{"line":41,"column":4},"end":{"line":43,"column":null}},{"start":{},"end":{}}],"line":41},"1":{"loc":{"start":{"line":47,"column":4},"end":{"line":49,"column":null}},"type":"if","locations":[{"start":{"line":47,"column":4},"end":{"line":49,"column":null}},{"start":{},"end":{}}],"line":47},"2":{"loc":{"start":{"line":53,"column":23},"end":{"line":53,"column":66}},"type":"cond-expr","locations":[{"start":{"line":53,"column":39},"end":{"line":53,"column":54}},{"start":{"line":53,"column":54},"end":{"line":53,"column":66}}],"line":53},"3":{"loc":{"start":{"line":58,"column":4},"end":{"line":60,"column":null}},"type":"if","locations":[{"start":{"line":58,"column":4},"end":{"line":60,"column":null}},{"start":{},"end":{}}],"line":58},"4":{"loc":{"start":{"line":62,"column":4},"end":{"line":64,"column":null}},"type":"if","locations":[{"start":{"line":62,"column":4},"end":{"line":64,"column":null}},{"start":{},"end":{}}],"line":62},"5":{"loc":{"start":{"line":73,"column":4},"end":{"line":81,"column":null}},"type":"if","locations":[{"start":{"line":73,"column":4},"end":{"line":81,"column":null}},{"start":{},"end":{}}],"line":73},"6":{"loc":{"start":{"line":75,"column":27},"end":{"line":75,"column":null}},"type":"binary-expr","locations":[{"start":{"line":75,"column":27},"end":{"line":75,"column":56}},{"start":{"line":75,"column":56},"end":{"line":75,"column":null}}],"line":75},"7":{"loc":{"start":{"line":86,"column":4},"end":{"line":88,"column":null}},"type":"if","locations":[{"start":{"line":86,"column":4},"end":{"line":88,"column":null}},{"start":{},"end":{}}],"line":86},"8":{"loc":{"start":{"line":103,"column":4},"end":{"line":105,"column":null}},"type":"if","locations":[{"start":{"line":103,"column":4},"end":{"line":105,"column":null}},{"start":{},"end":{}}],"line":103},"9":{"loc":{"start":{"line":108,"column":4},"end":{"line":110,"column":null}},"type":"if","locations":[{"start":{"line":108,"column":4},"end":{"line":110,"column":null}},{"start":{},"end":{}}],"line":108},"10":{"loc":{"start":{"line":116,"column":4},"end":{"line":118,"column":null}},"type":"if","locations":[{"start":{"line":116,"column":4},"end":{"line":118,"column":null}},{"start":{},"end":{}}],"line":116},"11":{"loc":{"start":{"line":120,"column":54},"end":{"line":120,"column":84}},"type":"binary-expr","locations":[{"start":{"line":120,"column":54},"end":{"line":120,"column":83}},{"start":{"line":120,"column":83},"end":{"line":120,"column":84}}],"line":120},"12":{"loc":{"start":{"line":123,"column":4},"end":{"line":126,"column":null}},"type":"if","locations":[{"start":{"line":123,"column":4},"end":{"line":126,"column":null}},{"start":{},"end":{}}],"line":123},"13":{"loc":{"start":{"line":140,"column":4},"end":{"line":143,"column":null}},"type":"if","locations":[{"start":{"line":140,"column":4},"end":{"line":143,"column":null}},{"start":{},"end":{}}],"line":140},"14":{"loc":{"start":{"line":158,"column":13},"end":{"line":158,"column":null}},"type":"cond-expr","locations":[{"start":{"line":158,"column":51},"end":{"line":158,"column":59}},{"start":{"line":158,"column":59},"end":{"line":158,"column":null}}],"line":158},"15":{"loc":{"start":{"line":158,"column":13},"end":{"line":158,"column":51}},"type":"binary-expr","locations":[{"start":{"line":158,"column":13},"end":{"line":158,"column":39}},{"start":{"line":158,"column":39},"end":{"line":158,"column":51}}],"line":158},"16":{"loc":{"start":{"line":165,"column":4},"end":{"line":167,"column":null}},"type":"if","locations":[{"start":{"line":165,"column":4},"end":{"line":167,"column":null}},{"start":{},"end":{}}],"line":165},"17":{"loc":{"start":{"line":170,"column":13},"end":{"line":170,"column":null}},"type":"cond-expr","locations":[{"start":{"line":170,"column":39},"end":{"line":170,"column":48}},{"start":{"line":170,"column":48},"end":{"line":170,"column":null}}],"line":170},"18":{"loc":{"start":{"line":26,"column":13},"end":{"line":26,"column":34}},"type":"binary-expr","locations":[{"start":{"line":26,"column":13},"end":{"line":26,"column":34}},{"start":{"line":26,"column":13},"end":{"line":26,"column":34}}],"line":26},"19":{"loc":{"start":{"line":26,"column":13},"end":{"line":25,"column":null}},"type":"binary-expr","locations":[{"start":{"line":26,"column":13},"end":{"line":26,"column":34}},{"start":{"line":26,"column":13},"end":{"line":26,"column":34}},{"start":{"line":26,"column":13},"end":{"line":25,"column":null}}],"line":26}},"s":{"0":2,"1":2,"2":2,"3":2,"4":2,"5":2,"6":2,"7":2,"8":29,"9":29,"10":29,"11":29,"12":29,"13":29,"14":29,"15":29,"16":29,"17":7,"18":2,"19":2,"20":7,"21":2,"22":2,"23":29,"24":0,"25":29,"26":51,"27":51,"28":51,"29":51,"30":6,"31":2,"32":4,"33":4,"34":0,"35":4,"36":4,"37":21,"38":18,"39":18,"40":18,"41":108,"42":18,"43":21,"44":47,"45":29,"46":18,"47":18,"48":18,"49":108,"50":18,"51":18,"52":18,"53":7,"54":0,"55":7,"56":7,"57":7,"58":7,"59":43,"60":0,"61":43,"62":43,"63":43,"64":43,"65":43,"66":17,"67":17,"68":26,"69":20,"70":17,"71":17,"72":17,"73":61,"74":26,"75":26,"76":25,"77":25,"78":25,"79":61,"80":61,"81":61,"82":0,"83":29,"84":0,"85":29,"86":29,"87":29,"88":0,"89":29,"90":2,"91":35},"f":{"0":7,"1":2,"2":29,"3":51,"4":51,"5":6,"6":21,"7":47,"8":7,"9":43,"10":20,"11":17,"12":17,"13":61,"14":25,"15":61,"16":29,"17":35},"b":{"0":[2,0],"1":[0,29],"2":[21,30],"3":[2,4],"4":[0,4],"5":[18,3],"6":[18,16],"7":[29,18],"8":[0,7],"9":[7,0],"10":[0,43],"11":[43,1],"12":[17,26],"13":[26,35],"14":[44,17],"15":[61,61],"16":[0,29],"17":[1,28],"18":[29,29],"19":[2,2,2]},"meta":{"lastBranch":20,"lastFunction":18,"lastStatement":92,"seen":{"s:7:36:7:Infinity":0,"s:8:44:8:Infinity":1,"s:11:40:11:Infinity":2,"s:13:28:13:Infinity":3,"s:14:29:14:Infinity":4,"s:18:35:18:Infinity":5,"s:20:24:20:Infinity":6,"s:26:6:25:34":7,"s:27:34:27:Infinity":8,"s:28:29:28:Infinity":9,"s:29:31:29:Infinity":10,"s:30:32:30:Infinity":11,"s:32:37:32:Infinity":12,"s:33:28:33:Infinity":13,"s:35:41:35:Infinity":14,"s:36:23:36:Infinity":15,"s:37:57:37:Infinity":16,"s:39:33:39:Infinity":17,"s:40:41:44:Infinity":18,"s:26:13:25:34":19,"f:39:33:39:39":0,"s:39:39:39:Infinity":20,"f:40:41:40:46":1,"b:41:4:43:Infinity:undefined:undefined:undefined:undefined":0,"s:41:4:43:Infinity":21,"s:42:6:42:Infinity":22,"f:46:2:46:Infinity":2,"b:47:4:49:Infinity:undefined:undefined:undefined:undefined":1,"s:47:4:49:Infinity":23,"s:48:6:48:Infinity":24,"s:50:4:54:Infinity":25,"f:50:11:50:16":3,"s:51:28:51:Infinity":26,"s:52:6:52:Infinity":27,"s:53:6:53:Infinity":28,"f:53:16:53:23":4,"s:53:23:53:66":29,"b:53:39:53:54:53:54:53:66":2,"f:57:2:57:20":5,"b:58:4:60:Infinity:undefined:undefined:undefined:undefined":3,"s:58:4:60:Infinity":30,"s:59:6:59:Infinity":31,"s:61:4:61:Infinity":32,"b:62:4:64:Infinity:undefined:undefined:undefined:undefined":4,"s:62:4:64:Infinity":33,"s:63:6:63:Infinity":34,"s:65:4:69:Infinity":35,"s:66:6:66:Infinity":36,"f:72:10:72:23":6,"b:73:4:81:Infinity:undefined:undefined:undefined:undefined":5,"s:73:4:81:Infinity":37,"s:75:6:75:Infinity":38,"b:75:27:75:56:75:56:75:Infinity":6,"s:76:6:76:Infinity":39,"s:77:6:79:Infinity":40,"s:78:8:78:Infinity":41,"s:80:6:80:Infinity":42,"s:82:4:82:Infinity":43,"f:85:10:85:22":7,"b:86:4:88:Infinity:undefined:undefined:undefined:undefined":7,"s:86:4:88:Infinity":44,"s:87:6:87:Infinity":45,"s:89:4:89:Infinity":46,"s:90:4:90:Infinity":47,"s:91:4:93:Infinity":48,"s:92:6:92:Infinity":49,"s:94:4:94:Infinity":50,"s:95:4:99:Infinity":51,"s:96:6:96:Infinity":52,"f:102:10:102:32":8,"b:103:4:105:Infinity:undefined:undefined:undefined:undefined":8,"s:103:4:105:Infinity":53,"s:104:6:104:Infinity":54,"s:106:16:106:Infinity":55,"s:107:4:107:Infinity":56,"b:108:4:110:Infinity:undefined:undefined:undefined:undefined":9,"s:108:4:110:Infinity":57,"s:109:6:109:Infinity":58,"f:115:10:115:23":9,"b:116:4:118:Infinity:undefined:undefined:undefined:undefined":10,"s:116:4:118:Infinity":59,"s:117:6:117:Infinity":60,"s:119:4:119:Infinity":61,"s:120:25:120:Infinity":62,"b:120:54:120:83:120:83:120:84":11,"s:121:4:121:Infinity":63,"s:122:22:122:Infinity":64,"b:123:4:126:Infinity:undefined:undefined:undefined:undefined":12,"s:123:4:126:Infinity":65,"s:124:6:124:Infinity":66,"s:125:6:125:Infinity":67,"s:127:4:127:Infinity":68,"f:127:29:127:35":10,"s:127:35:127:49":69,"f:130:10:130:25":11,"s:131:4:131:Infinity":70,"s:132:4:136:Infinity":71,"f:132:41:132:46":12,"s:133:6:135:Infinity":72,"f:139:10:139:28":13,"b:140:4:143:Infinity:undefined:undefined:undefined:undefined":13,"s:140:4:143:Infinity":73,"s:141:6:141:Infinity":74,"s:142:6:142:Infinity":75,"f:146:10:146:24":14,"s:147:4:147:Infinity":76,"s:148:4:152:Infinity":77,"s:149:6:149:Infinity":78,"f:155:10:155:45":15,"s:156:4:161:Infinity":79,"s:157:20:157:Infinity":80,"s:158:6:158:Infinity":81,"b:158:51:158:59:158:59:158:Infinity":14,"b:158:13:158:39:158:39:158:51":15,"s:160:6:160:Infinity":82,"f:164:10:164:38":16,"b:165:4:167:Infinity:undefined:undefined:undefined:undefined":16,"s:165:4:167:Infinity":83,"s:166:6:166:Infinity":84,"s:168:4:173:Infinity":85,"s:169:21:169:Infinity":86,"s:170:6:170:Infinity":87,"b:170:39:170:48:170:48:170:Infinity":17,"s:172:6:172:Infinity":88,"s:26:13:26:Infinity":89,"b:26:13:26:34:26:13:26:34":18,"s:26:13:25:Infinity":90,"b:26:13:26:34:26:13:26:34:26:13:25:Infinity":19,"f:177:9:177:25":17,"s:178:2:178:Infinity":91},"fnNames":{}}}
,"C:\\Users\\Administrator\\Documents\\GitHub\\dualeapa-sprint1-project\\apps\\business-logic-ui\\src\\app\\core\\auth\\token-storage.service.ts": {"path":"C:\\Users\\Administrator\\Documents\\GitHub\\dualeapa-sprint1-project\\apps\\business-logic-ui\\src\\app\\core\\auth\\token-storage.service.ts","statementMap":{"0":{"start":{"line":18,"column":20},"end":{"line":18,"column":null}},"1":{"start":{"line":23,"column":6},"end":{"line":22,"column":34}},"2":{"start":{"line":24,"column":32},"end":{"line":24,"column":null}},"3":{"start":{"line":25,"column":30},"end":{"line":25,"column":null}},"4":{"start":{"line":27,"column":24},"end":{"line":27,"column":null}},"5":{"start":{"line":23,"column":13},"end":{"line":22,"column":34}},"6":{"start":{"line":27,"column":39},"end":{"line":27,"column":null}},"7":{"start":{"line":30,"column":4},"end":{"line":30,"column":null}},"8":{"start":{"line":34,"column":4},"end":{"line":34,"column":null}},"9":{"start":{"line":38,"column":20},"end":{"line":38,"column":null}},"10":{"start":{"line":39,"column":4},"end":{"line":39,"column":null}},"11":{"start":{"line":43,"column":35},"end":{"line":46,"column":null}},"12":{"start":{"line":48,"column":4},"end":{"line":48,"column":null}},"13":{"start":{"line":49,"column":4},"end":{"line":51,"column":null}},"14":{"start":{"line":50,"column":6},"end":{"line":50,"column":null}},"15":{"start":{"line":52,"column":4},"end":{"line":56,"column":null}},"16":{"start":{"line":53,"column":6},"end":{"line":53,"column":null}},"17":{"start":{"line":60,"column":4},"end":{"line":60,"column":null}},"18":{"start":{"line":61,"column":4},"end":{"line":63,"column":null}},"19":{"start":{"line":62,"column":6},"end":{"line":62,"column":null}},"20":{"start":{"line":64,"column":4},"end":{"line":68,"column":null}},"21":{"start":{"line":65,"column":6},"end":{"line":65,"column":null}},"22":{"start":{"line":72,"column":4},"end":{"line":74,"column":null}},"23":{"start":{"line":73,"column":6},"end":{"line":73,"column":null}},"24":{"start":{"line":75,"column":4},"end":{"line":88,"column":null}},"25":{"start":{"line":76,"column":18},"end":{"line":76,"column":null}},"26":{"start":{"line":77,"column":6},"end":{"line":79,"column":null}},"27":{"start":{"line":78,"column":8},"end":{"line":78,"column":null}},"28":{"start":{"line":80,"column":21},"end":{"line":80,"column":null}},"29":{"start":{"line":81,"column":6},"end":{"line":85,"column":null}},"30":{"start":{"line":87,"column":6},"end":{"line":87,"column":null}},"31":{"start":{"line":23,"column":13},"end":{"line":23,"column":null}},"32":{"start":{"line":23,"column":13},"end":{"line":22,"column":null}}},"fnMap":{"0":{"name":"(anonymous_0)","decl":{"start":{"line":27,"column":33},"end":{"line":27,"column":39}},"loc":{"start":{"line":27,"column":39},"end":{"line":27,"column":null}},"line":27},"1":{"name":"accessToken","decl":{"start":{"line":29,"column":6},"end":{"line":29,"column":34}},"loc":{"start":{"line":29,"column":34},"end":{"line":31,"column":null}},"line":29},"2":{"name":"refreshToken","decl":{"start":{"line":33,"column":6},"end":{"line":33,"column":35}},"loc":{"start":{"line":33,"column":35},"end":{"line":35,"column":null}},"line":33},"3":{"name":"isAccessTokenValid","decl":{"start":{"line":37,"column":2},"end":{"line":37,"column":21}},"loc":{"start":{"line":37,"column":47},"end":{"line":40,"column":null}},"line":37},"4":{"name":"save","decl":{"start":{"line":42,"column":2},"end":{"line":42,"column":7}},"loc":{"start":{"line":42,"column":32},"end":{"line":57,"column":null}},"line":42},"5":{"name":"clear","decl":{"start":{"line":59,"column":2},"end":{"line":59,"column":15}},"loc":{"start":{"line":59,"column":15},"end":{"line":69,"column":null}},"line":59},"6":{"name":"read","decl":{"start":{"line":71,"column":10},"end":{"line":71,"column":38}},"loc":{"start":{"line":71,"column":38},"end":{"line":89,"column":null}},"line":71}},"branchMap":{"0":{"loc":{"start":{"line":30,"column":11},"end":{"line":30,"column":null}},"type":"binary-expr","locations":[{"start":{"line":30,"column":11},"end":{"line":30,"column":43}},{"start":{"line":30,"column":43},"end":{"line":30,"column":null}}],"line":30},"1":{"loc":{"start":{"line":34,"column":11},"end":{"line":34,"column":null}},"type":"binary-expr","locations":[{"start":{"line":34,"column":11},"end":{"line":34,"column":44}},{"start":{"line":34,"column":44},"end":{"line":34,"column":null}}],"line":34},"2":{"loc":{"start":{"line":37,"column":21},"end":{"line":37,"column":47}},"type":"default-arg","locations":[{"start":{"line":37,"column":27},"end":{"line":37,"column":47}}],"line":37},"3":{"loc":{"start":{"line":39,"column":11},"end":{"line":39,"column":null}},"type":"binary-expr","locations":[{"start":{"line":39,"column":11},"end":{"line":39,"column":31}},{"start":{"line":39,"column":31},"end":{"line":39,"column":null}}],"line":39},"4":{"loc":{"start":{"line":49,"column":4},"end":{"line":51,"column":null}},"type":"if","locations":[{"start":{"line":49,"column":4},"end":{"line":51,"column":null}},{"start":{},"end":{}}],"line":49},"5":{"loc":{"start":{"line":61,"column":4},"end":{"line":63,"column":null}},"type":"if","locations":[{"start":{"line":61,"column":4},"end":{"line":63,"column":null}},{"start":{},"end":{}}],"line":61},"6":{"loc":{"start":{"line":72,"column":4},"end":{"line":74,"column":null}},"type":"if","locations":[{"start":{"line":72,"column":4},"end":{"line":74,"column":null}},{"start":{},"end":{}}],"line":72},"7":{"loc":{"start":{"line":77,"column":6},"end":{"line":79,"column":null}},"type":"if","locations":[{"start":{"line":77,"column":6},"end":{"line":79,"column":null}},{"start":{},"end":{}}],"line":77},"8":{"loc":{"start":{"line":81,"column":13},"end":{"line":85,"column":null}},"type":"cond-expr","locations":[{"start":{"line":84,"column":11},"end":{"line":84,"column":null}},{"start":{"line":85,"column":10},"end":{"line":85,"column":null}}],"line":81},"9":{"loc":{"start":{"line":81,"column":13},"end":{"line":83,"column":null}},"type":"binary-expr","locations":[{"start":{"line":81,"column":13},"end":{"line":81,"column":null}},{"start":{"line":82,"column":8},"end":{"line":82,"column":null}},{"start":{"line":83,"column":8},"end":{"line":83,"column":null}}],"line":81},"10":{"loc":{"start":{"line":23,"column":13},"end":{"line":23,"column":32}},"type":"binary-expr","locations":[{"start":{"line":23,"column":13},"end":{"line":23,"column":32}},{"start":{"line":23,"column":13},"end":{"line":23,"column":32}}],"line":23},"11":{"loc":{"start":{"line":23,"column":13},"end":{"line":22,"column":null}},"type":"binary-expr","locations":[{"start":{"line":23,"column":13},"end":{"line":23,"column":32}},{"start":{"line":23,"column":13},"end":{"line":23,"column":32}},{"start":{"line":23,"column":13},"end":{"line":22,"column":null}}],"line":23}},"s":{"0":3,"1":3,"2":36,"3":36,"4":36,"5":3,"6":9,"7":15,"8":3,"9":1,"10":1,"11":7,"12":7,"13":7,"14":0,"15":7,"16":7,"17":3,"18":3,"19":0,"20":3,"21":3,"22":36,"23":0,"24":36,"25":36,"26":36,"27":36,"28":0,"29":0,"30":0,"31":36,"32":3},"f":{"0":9,"1":15,"2":3,"3":1,"4":7,"5":3,"6":36},"b":{"0":[15,9],"1":[3,1],"2":[1],"3":[1,1],"4":[0,7],"5":[0,3],"6":[0,36],"7":[36,0],"8":[0,0],"9":[0,0,0],"10":[36,36],"11":[3,3,3]},"meta":{"lastBranch":12,"lastFunction":7,"lastStatement":33,"seen":{"s:18:20:18:Infinity":0,"s:23:6:22:34":1,"s:24:32:24:Infinity":2,"s:25:30:25:Infinity":3,"s:27:24:27:Infinity":4,"s:23:13:22:34":5,"f:27:33:27:39":0,"s:27:39:27:Infinity":6,"f:29:6:29:34":1,"s:30:4:30:Infinity":7,"b:30:11:30:43:30:43:30:Infinity":0,"f:33:6:33:35":2,"s:34:4:34:Infinity":8,"b:34:11:34:44:34:44:34:Infinity":1,"f:37:2:37:21":3,"b:37:27:37:47":2,"s:38:20:38:Infinity":9,"s:39:4:39:Infinity":10,"b:39:11:39:31:39:31:39:Infinity":3,"f:42:2:42:7":4,"s:43:35:46:Infinity":11,"s:48:4:48:Infinity":12,"b:49:4:51:Infinity:undefined:undefined:undefined:undefined":4,"s:49:4:51:Infinity":13,"s:50:6:50:Infinity":14,"s:52:4:56:Infinity":15,"s:53:6:53:Infinity":16,"f:59:2:59:15":5,"s:60:4:60:Infinity":17,"b:61:4:63:Infinity:undefined:undefined:undefined:undefined":5,"s:61:4:63:Infinity":18,"s:62:6:62:Infinity":19,"s:64:4:68:Infinity":20,"s:65:6:65:Infinity":21,"f:71:10:71:38":6,"b:72:4:74:Infinity:undefined:undefined:undefined:undefined":6,"s:72:4:74:Infinity":22,"s:73:6:73:Infinity":23,"s:75:4:88:Infinity":24,"s:76:18:76:Infinity":25,"b:77:6:79:Infinity:undefined:undefined:undefined:undefined":7,"s:77:6:79:Infinity":26,"s:78:8:78:Infinity":27,"s:80:21:80:Infinity":28,"s:81:6:85:Infinity":29,"b:84:11:84:Infinity:85:10:85:Infinity":8,"b:81:13:81:Infinity:82:8:82:Infinity:83:8:83:Infinity":9,"s:87:6:87:Infinity":30,"s:23:13:23:Infinity":31,"b:23:13:23:32:23:13:23:32":10,"s:23:13:22:Infinity":32,"b:23:13:23:32:23:13:23:32:23:13:22:Infinity":11},"fnNames":{}}}
,"C:\\Users\\Administrator\\Documents\\GitHub\\dualeapa-sprint1-project\\apps\\business-logic-ui\\src\\app\\dashboard\\dashboard.component.html": {"path":"C:\\Users\\Administrator\\Documents\\GitHub\\dualeapa-sprint1-project\\apps\\business-logic-ui\\src\\app\\dashboard\\dashboard.component.html","statementMap":{"0":{"start":{"line":41,"column":12},"end":{"line":41,"column":46}},"1":{"start":{"line":41,"column":46},"end":{"line":41,"column":64}},"2":{"start":{"line":41,"column":64},"end":{"line":41,"column":null}},"3":{"start":{"line":74,"column":18},"end":{"line":74,"column":null}},"4":{"start":{"line":65,"column":14},"end":{"line":65,"column":null}},"5":{"start":{"line":70,"column":16},"end":{"line":70,"column":null}},"6":{"start":{"line":70,"column":16},"end":{"line":70,"column":25}},"7":{"start":{"line":72,"column":16},"end":{"line":72,"column":54}},"8":{"start":{"line":72,"column":54},"end":{"line":72,"column":72}},"9":{"start":{"line":72,"column":72},"end":{"line":72,"column":null}},"10":{"start":{"line":73,"column":16},"end":{"line":73,"column":null}},"11":{"start":{"line":76,"column":14},"end":{"line":76,"column":null}},"12":{"start":{"line":175,"column":14},"end":{"line":178,"column":null}},"13":{"start":{"line":179,"column":44},"end":{"line":179,"column":68}},"14":{"start":{"line":179,"column":68},"end":{"line":179,"column":null}},"15":{"start":{"line":180,"column":18},"end":{"line":180,"column":null}},"16":{"start":{"line":188,"column":20},"end":{"line":188,"column":null}},"17":{"start":{"line":189,"column":18},"end":{"line":189,"column":null}},"18":{"start":{"line":190,"column":18},"end":{"line":190,"column":null}},"19":{"start":{"line":191,"column":20},"end":{"line":191,"column":null}},"20":{"start":{"line":192,"column":18},"end":{"line":192,"column":null}},"21":{"start":{"line":194,"column":16},"end":{"line":194,"column":null}},"22":{"start":{"line":195,"column":38},"end":{"line":195,"column":79}},"23":{"start":{"line":195,"column":79},"end":{"line":195,"column":null}},"24":{"start":{"line":196,"column":18},"end":{"line":196,"column":null}},"25":{"start":{"line":197,"column":20},"end":{"line":197,"column":null}},"26":{"start":{"line":198,"column":18},"end":{"line":199,"column":null}},"27":{"start":{"line":182,"column":20},"end":{"line":182,"column":null}},"28":{"start":{"line":217,"column":12},"end":{"line":217,"column":null}},"29":{"start":{"line":220,"column":14},"end":{"line":220,"column":null}},"30":{"start":{"line":220,"column":14},"end":{"line":220,"column":23}},"31":{"start":{"line":222,"column":14},"end":{"line":222,"column":50}},"32":{"start":{"line":222,"column":50},"end":{"line":222,"column":73}},"33":{"start":{"line":222,"column":73},"end":{"line":222,"column":null}},"34":{"start":{"line":223,"column":14},"end":{"line":223,"column":53}},"35":{"start":{"line":223,"column":53},"end":{"line":223,"column":86}},"36":{"start":{"line":223,"column":86},"end":{"line":223,"column":null}},"37":{"start":{"line":224,"column":14},"end":{"line":224,"column":null}},"38":{"start":{"line":228,"column":16},"end":{"line":228,"column":null}},"39":{"start":{"line":229,"column":14},"end":{"line":229,"column":null}},"40":{"start":{"line":226,"column":16},"end":{"line":226,"column":null}},"41":{"start":{"line":288,"column":18},"end":{"line":288,"column":null}},"42":{"start":{"line":294,"column":22},"end":{"line":294,"column":null}},"43":{"start":{"line":294,"column":22},"end":{"line":294,"column":31}},"44":{"start":{"line":296,"column":22},"end":{"line":296,"column":48}},"45":{"start":{"line":296,"column":48},"end":{"line":296,"column":68}},"46":{"start":{"line":296,"column":68},"end":{"line":296,"column":null}},"47":{"start":{"line":297,"column":22},"end":{"line":297,"column":null}},"48":{"start":{"line":301,"column":22},"end":{"line":301,"column":60}},"49":{"start":{"line":301,"column":60},"end":{"line":301,"column":80}},"50":{"start":{"line":301,"column":80},"end":{"line":301,"column":null}},"51":{"start":{"line":302,"column":22},"end":{"line":302,"column":null}},"52":{"start":{"line":303,"column":24},"end":{"line":303,"column":null}},"53":{"start":{"line":304,"column":22},"end":{"line":304,"column":null}},"54":{"start":{"line":305,"column":22},"end":{"line":305,"column":null}},"55":{"start":{"line":306,"column":24},"end":{"line":306,"column":null}},"56":{"start":{"line":307,"column":22},"end":{"line":307,"column":null}},"57":{"start":{"line":308,"column":22},"end":{"line":308,"column":null}},"58":{"start":{"line":312,"column":24},"end":{"line":312,"column":null}},"59":{"start":{"line":314,"column":22},"end":{"line":314,"column":null}},"60":{"start":{"line":315,"column":22},"end":{"line":315,"column":null}},"61":{"start":{"line":319,"column":24},"end":{"line":319,"column":null}},"62":{"start":{"line":320,"column":22},"end":{"line":320,"column":null}},"63":{"start":{"line":321,"column":22},"end":{"line":321,"column":null}},"64":{"start":{"line":322,"column":24},"end":{"line":322,"column":null}},"65":{"start":{"line":323,"column":22},"end":{"line":323,"column":null}},"66":{"start":{"line":324,"column":22},"end":{"line":324,"column":null}},"67":{"start":{"line":328,"column":24},"end":{"line":328,"column":null}},"68":{"start":{"line":330,"column":22},"end":{"line":331,"column":null}},"69":{"start":{"line":292,"column":22},"end":{"line":292,"column":null}},"70":{"start":{"line":298,"column":24},"end":{"line":298,"column":49}},"71":{"start":{"line":298,"column":24},"end":{"line":298,"column":null}},"72":{"start":{"line":310,"column":24},"end":{"line":310,"column":null}},"73":{"start":{"line":317,"column":24},"end":{"line":317,"column":null}},"74":{"start":{"line":326,"column":24},"end":{"line":326,"column":null}},"75":{"start":{"line":344,"column":2},"end":{"line":344,"column":null}},"76":{"start":{"line":352,"column":4},"end":{"line":353,"column":null}},"77":{"start":{"line":352,"column":4},"end":{"line":352,"column":14}},"78":{"start":{"line":352,"column":4},"end":{"line":352,"column":27}},"79":{"start":{"line":352,"column":27},"end":{"line":352,"column":null}},"80":{"start":{"line":352,"column":27},"end":{"line":353,"column":null}},"81":{"start":{"line":345,"column":4},"end":{"line":350,"column":null}},"82":{"start":{"line":358,"column":2},"end":{"line":358,"column":23}},"83":{"start":{"line":358,"column":23},"end":{"line":358,"column":null}},"84":{"start":{"line":358,"column":23},"end":{"line":358,"column":33}},"85":{"start":{"line":1,"column":0},"end":{"line":6,"column":null}},"86":{"start":{"line":8,"column":8},"end":{"line":8,"column":null}},"87":{"start":{"line":9,"column":8},"end":{"line":9,"column":76}},"88":{"start":{"line":9,"column":76},"end":{"line":9,"column":89}},"89":{"start":{"line":9,"column":89},"end":{"line":9,"column":null}},"90":{"start":{"line":12,"column":6},"end":{"line":15,"column":null}},"91":{"start":{"line":22,"column":10},"end":{"line":22,"column":null}},"92":{"start":{"line":22,"column":10},"end":{"line":22,"column":74}},"93":{"start":{"line":26,"column":10},"end":{"line":26,"column":54}},"94":{"start":{"line":26,"column":54},"end":{"line":26,"column":78}},"95":{"start":{"line":26,"column":78},"end":{"line":26,"column":null}},"96":{"start":{"line":27,"column":10},"end":{"line":27,"column":56}},"97":{"start":{"line":27,"column":56},"end":{"line":27,"column":97}},"98":{"start":{"line":27,"column":97},"end":{"line":27,"column":null}},"99":{"start":{"line":28,"column":10},"end":{"line":28,"column":70}},"100":{"start":{"line":28,"column":70},"end":{"line":28,"column":84}},"101":{"start":{"line":28,"column":84},"end":{"line":28,"column":null}},"102":{"start":{"line":29,"column":10},"end":{"line":29,"column":null}},"103":{"start":{"line":37,"column":12},"end":{"line":38,"column":null}},"104":{"start":{"line":37,"column":12},"end":{"line":37,"column":51}},"105":{"start":{"line":37,"column":52},"end":{"line":38,"column":52}},"106":{"start":{"line":40,"column":10},"end":{"line":40,"column":null}},"107":{"start":{"line":43,"column":10},"end":{"line":43,"column":null}},"108":{"start":{"line":47,"column":12},"end":{"line":47,"column":null}},"109":{"start":{"line":47,"column":12},"end":{"line":47,"column":21}},"110":{"start":{"line":49,"column":12},"end":{"line":49,"column":null}},"111":{"start":{"line":50,"column":10},"end":{"line":50,"column":null}},"112":{"start":{"line":53,"column":8},"end":{"line":53,"column":null}},"113":{"start":{"line":59,"column":10},"end":{"line":59,"column":null}},"114":{"start":{"line":59,"column":10},"end":{"line":59,"column":69}},"115":{"start":{"line":63,"column":10},"end":{"line":63,"column":null}},"116":{"start":{"line":64,"column":12},"end":{"line":64,"column":null}},"117":{"start":{"line":78,"column":10},"end":{"line":78,"column":null}},"118":{"start":{"line":81,"column":8},"end":{"line":81,"column":null}},"119":{"start":{"line":85,"column":10},"end":{"line":85,"column":null}},"120":{"start":{"line":85,"column":10},"end":{"line":85,"column":69}},"121":{"start":{"line":91,"column":10},"end":{"line":91,"column":32}},"122":{"start":{"line":91,"column":32},"end":{"line":91,"column":34}},"123":{"start":{"line":91,"column":34},"end":{"line":91,"column":null}},"124":{"start":{"line":93,"column":10},"end":{"line":93,"column":null}},"125":{"start":{"line":98,"column":14},"end":{"line":98,"column":null}},"126":{"start":{"line":98,"column":14},"end":{"line":98,"column":35}},"127":{"start":{"line":100,"column":14},"end":{"line":100,"column":null}},"128":{"start":{"line":101,"column":14},"end":{"line":101,"column":20}},"129":{"start":{"line":101,"column":20},"end":{"line":101,"column":28}},"130":{"start":{"line":101,"column":28},"end":{"line":101,"column":null}},"131":{"start":{"line":103,"column":12},"end":{"line":103,"column":null}},"132":{"start":{"line":107,"column":14},"end":{"line":107,"column":null}},"133":{"start":{"line":107,"column":14},"end":{"line":107,"column":34}},"134":{"start":{"line":109,"column":14},"end":{"line":109,"column":null}},"135":{"start":{"line":110,"column":14},"end":{"line":110,"column":20}},"136":{"start":{"line":110,"column":20},"end":{"line":110,"column":27}},"137":{"start":{"line":110,"column":27},"end":{"line":114,"column":null}},"138":{"start":{"line":117,"column":4},"end":{"line":119,"column":null}},"139":{"start":{"line":120,"column":61},"end":{"line":120,"column":null}},"140":{"start":{"line":120,"column":61},"end":{"line":120,"column":90}},"141":{"start":{"line":120,"column":8},"end":{"line":120,"column":31}},"142":{"start":{"line":122,"column":8},"end":{"line":122,"column":null}},"143":{"start":{"line":123,"column":33},"end":{"line":123,"column":42}},"144":{"start":{"line":123,"column":42},"end":{"line":123,"column":null}},"145":{"start":{"line":124,"column":10},"end":{"line":124,"column":null}},"146":{"start":{"line":125,"column":12},"end":{"line":125,"column":null}},"147":{"start":{"line":126,"column":10},"end":{"line":126,"column":null}},"148":{"start":{"line":128,"column":10},"end":{"line":128,"column":null}},"149":{"start":{"line":129,"column":35},"end":{"line":129,"column":45}},"150":{"start":{"line":129,"column":45},"end":{"line":129,"column":null}},"151":{"start":{"line":130,"column":12},"end":{"line":130,"column":null}},"152":{"start":{"line":131,"column":15},"end":{"line":131,"column":61}},"153":{"start":{"line":131,"column":61},"end":{"line":132,"column":null}},"154":{"start":{"line":134,"column":10},"end":{"line":134,"column":null}},"155":{"start":{"line":142,"column":12},"end":{"line":142,"column":56}},"156":{"start":{"line":143,"column":10},"end":{"line":143,"column":null}},"157":{"start":{"line":144,"column":10},"end":{"line":144,"column":null}},"158":{"start":{"line":145,"column":18},"end":{"line":145,"column":66}},"159":{"start":{"line":145,"column":66},"end":{"line":145,"column":null}},"160":{"start":{"line":146,"column":12},"end":{"line":146,"column":18}},"161":{"start":{"line":146,"column":18},"end":{"line":146,"column":60}},"162":{"start":{"line":146,"column":60},"end":{"line":146,"column":null}},"163":{"start":{"line":149,"column":10},"end":{"line":149,"column":null}},"164":{"start":{"line":153,"column":14},"end":{"line":153,"column":null}},"165":{"start":{"line":153,"column":14},"end":{"line":153,"column":34}},"166":{"start":{"line":155,"column":14},"end":{"line":155,"column":null}},"167":{"start":{"line":156,"column":12},"end":{"line":156,"column":null}},"168":{"start":{"line":157,"column":12},"end":{"line":157,"column":59}},"169":{"start":{"line":157,"column":59},"end":{"line":157,"column":82}},"170":{"start":{"line":157,"column":59},"end":{"line":157,"column":80}},"171":{"start":{"line":157,"column":82},"end":{"line":157,"column":90}},"172":{"start":{"line":157,"column":90},"end":{"line":158,"column":null}},"173":{"start":{"line":161,"column":8},"end":{"line":162,"column":null}},"174":{"start":{"line":163,"column":46},"end":{"line":163,"column":65}},"175":{"start":{"line":163,"column":65},"end":{"line":163,"column":null}},"176":{"start":{"line":165,"column":12},"end":{"line":165,"column":52}},"177":{"start":{"line":165,"column":52},"end":{"line":165,"column":60}},"178":{"start":{"line":165,"column":60},"end":{"line":165,"column":null}},"179":{"start":{"line":168,"column":10},"end":{"line":168,"column":null}},"180":{"start":{"line":169,"column":18},"end":{"line":169,"column":23}},"181":{"start":{"line":169,"column":23},"end":{"line":169,"column":null}},"182":{"start":{"line":170,"column":12},"end":{"line":170,"column":37}},"183":{"start":{"line":170,"column":37},"end":{"line":170,"column":42}},"184":{"start":{"line":170,"column":42},"end":{"line":170,"column":null}},"185":{"start":{"line":173,"column":10},"end":{"line":173,"column":null}},"186":{"start":{"line":174,"column":12},"end":{"line":174,"column":26}},"187":{"start":{"line":202,"column":10},"end":{"line":203,"column":null}},"188":{"start":{"line":207,"column":6},"end":{"line":207,"column":null}},"189":{"start":{"line":216,"column":10},"end":{"line":216,"column":29}},"190":{"start":{"line":232,"column":8},"end":{"line":232,"column":null}},"191":{"start":{"line":234,"column":8},"end":{"line":236,"column":null}},"192":{"start":{"line":237,"column":37},"end":{"line":237,"column":52}},"193":{"start":{"line":237,"column":52},"end":{"line":237,"column":null}},"194":{"start":{"line":238,"column":14},"end":{"line":238,"column":null}},"195":{"start":{"line":240,"column":18},"end":{"line":240,"column":null}},"196":{"start":{"line":241,"column":16},"end":{"line":241,"column":null}},"197":{"start":{"line":242,"column":16},"end":{"line":242,"column":null}},"198":{"start":{"line":248,"column":18},"end":{"line":248,"column":null}},"199":{"start":{"line":249,"column":16},"end":{"line":250,"column":null}},"200":{"start":{"line":252,"column":12},"end":{"line":252,"column":34}},"201":{"start":{"line":252,"column":34},"end":{"line":252,"column":67}},"202":{"start":{"line":252,"column":12},"end":{"line":252,"column":null}},"203":{"start":{"line":254,"column":10},"end":{"line":254,"column":null}},"204":{"start":{"line":261,"column":8},"end":{"line":261,"column":null}},"205":{"start":{"line":263,"column":8},"end":{"line":264,"column":null}},"206":{"start":{"line":265,"column":46},"end":{"line":265,"column":52}},"207":{"start":{"line":265,"column":52},"end":{"line":265,"column":null}},"208":{"start":{"line":267,"column":12},"end":{"line":267,"column":52}},"209":{"start":{"line":267,"column":52},"end":{"line":267,"column":60}},"210":{"start":{"line":267,"column":60},"end":{"line":267,"column":null}},"211":{"start":{"line":270,"column":10},"end":{"line":274,"column":null}},"212":{"start":{"line":275,"column":22},"end":{"line":275,"column":27}},"213":{"start":{"line":275,"column":27},"end":{"line":275,"column":null}},"214":{"start":{"line":276,"column":16},"end":{"line":276,"column":22}},"215":{"start":{"line":276,"column":22},"end":{"line":276,"column":27}},"216":{"start":{"line":276,"column":27},"end":{"line":276,"column":null}},"217":{"start":{"line":277,"column":16},"end":{"line":277,"column":41}},"218":{"start":{"line":277,"column":41},"end":{"line":277,"column":47}},"219":{"start":{"line":277,"column":47},"end":{"line":277,"column":null}},"220":{"start":{"line":278,"column":16},"end":{"line":278,"column":41}},"221":{"start":{"line":278,"column":41},"end":{"line":278,"column":50}},"222":{"start":{"line":278,"column":50},"end":{"line":278,"column":null}},"223":{"start":{"line":279,"column":16},"end":{"line":279,"column":41}},"224":{"start":{"line":279,"column":41},"end":{"line":279,"column":46}},"225":{"start":{"line":279,"column":46},"end":{"line":279,"column":null}},"226":{"start":{"line":280,"column":16},"end":{"line":280,"column":41}},"227":{"start":{"line":280,"column":41},"end":{"line":280,"column":47}},"228":{"start":{"line":280,"column":47},"end":{"line":280,"column":null}},"229":{"start":{"line":281,"column":16},"end":{"line":281,"column":41}},"230":{"start":{"line":281,"column":41},"end":{"line":281,"column":49}},"231":{"start":{"line":281,"column":49},"end":{"line":281,"column":null}},"232":{"start":{"line":282,"column":16},"end":{"line":282,"column":41}},"233":{"start":{"line":282,"column":41},"end":{"line":282,"column":46}},"234":{"start":{"line":282,"column":46},"end":{"line":282,"column":null}},"235":{"start":{"line":283,"column":16},"end":{"line":283,"column":41}},"236":{"start":{"line":283,"column":41},"end":{"line":283,"column":48}},"237":{"start":{"line":283,"column":48},"end":{"line":283,"column":null}},"238":{"start":{"line":286,"column":14},"end":{"line":286,"column":null}},"239":{"start":{"line":287,"column":16},"end":{"line":287,"column":26}},"240":{"start":{"line":334,"column":14},"end":{"line":340,"column":null}},"241":{"start":{"line":343,"column":0},"end":{"line":343,"column":null}},"242":{"start":{"line":357,"column":0},"end":{"line":357,"column":null}},"243":{"start":{"line":19,"column":10},"end":{"line":19,"column":38}},"244":{"start":{"line":19,"column":10},"end":{"line":19,"column":null}},"245":{"start":{"line":34,"column":12},"end":{"line":34,"column":null}},"246":{"start":{"line":46,"column":12},"end":{"line":46,"column":null}},"247":{"start":{"line":56,"column":10},"end":{"line":56,"column":42}},"248":{"start":{"line":56,"column":10},"end":{"line":56,"column":null}},"249":{"start":{"line":84,"column":10},"end":{"line":84,"column":null}},"250":{"start":{"line":120,"column":31},"end":{"line":120,"column":61}},"251":{"start":{"line":140,"column":12},"end":{"line":140,"column":null}},"252":{"start":{"line":142,"column":56},"end":{"line":142,"column":null}},"253":{"start":{"line":174,"column":12},"end":{"line":174,"column":null}},"254":{"start":{"line":216,"column":10},"end":{"line":216,"column":null}},"255":{"start":{"line":244,"column":18},"end":{"line":244,"column":null}},"256":{"start":{"line":257,"column":12},"end":{"line":257,"column":39}},"257":{"start":{"line":257,"column":12},"end":{"line":257,"column":null}},"258":{"start":{"line":287,"column":16},"end":{"line":287,"column":null}}},"fnMap":{"0":{"name":"DashboardComponent_For_23_Template_button_click_0_listener","decl":{"start":{"line":70,"column":16},"end":{"line":70,"column":25}},"loc":{"start":{"line":70,"column":16},"end":{"line":70,"column":null}},"line":70},"1":{"name":"DashboardComponent_For_81_Template_button_click_0_listener","decl":{"start":{"line":220,"column":14},"end":{"line":220,"column":23}},"loc":{"start":{"line":220,"column":14},"end":{"line":220,"column":null}},"line":220},"2":{"name":"DashboardComponent_For_125_Template_button_click_1_listener","decl":{"start":{"line":294,"column":22},"end":{"line":294,"column":31}},"loc":{"start":{"line":294,"column":22},"end":{"line":294,"column":null}},"line":294},"3":{"name":"DashboardComponent_Conditional_126_Template_app_order_submission_closed_0_listener","decl":{"start":{"line":352,"column":4},"end":{"line":352,"column":14}},"loc":{"start":{"line":352,"column":4},"end":{"line":352,"column":27}},"line":352},"4":{"name":"DashboardComponent_Conditional_126_Template_app_order_submission_submitted_0_listener","decl":{"start":{"line":352,"column":27},"end":{"line":352,"column":null}},"loc":{"start":{"line":352,"column":27},"end":{"line":353,"column":null}},"line":352},"5":{"name":"DashboardComponent_Conditional_127_Template_app_settings_dialog_closed_0_listener","decl":{"start":{"line":358,"column":23},"end":{"line":358,"column":33}},"loc":{"start":{"line":358,"column":23},"end":{"line":358,"column":null}},"line":358},"6":{"name":"DashboardComponent_Template_app_dashboard_header_dropdown_openChange_8_listener","decl":{"start":{"line":22,"column":10},"end":{"line":22,"column":24}},"loc":{"start":{"line":22,"column":10},"end":{"line":22,"column":null}},"line":22},"7":{"name":"DashboardComponent_Template_input_input_15_listener","decl":{"start":{"line":37,"column":12},"end":{"line":37,"column":21}},"loc":{"start":{"line":37,"column":12},"end":{"line":37,"column":52}},"line":37},"8":{"name":"DashboardComponent_Template_input_change_15_
[...]
,"143":8,"144":8,"145":8,"146":8,"147":8,"148":8,"149":8,"150":8,"151":8,"152":8,"153":9,"154":8,"155":8,"156":0,"157":8,"158":8,"159":9,"160":8,"161":9,"162":8,"163":8,"164":9,"165":8,"166":8,"167":8,"168":8,"169":8,"170":8,"171":9,"172":9,"173":9,"174":9,"175":9,"176":9,"177":9,"178":9,"179":9,"180":9,"181":9,"182":9,"183":9,"184":9,"185":9,"186":9,"187":9,"188":9,"189":9,"190":9,"191":9,"192":9,"193":9},"f":{"0":0,"1":0,"2":0,"3":0,"4":0,"5":0},"b":{"0":[9,16],"1":[9,16],"2":[9,16],"3":[9,16],"4":[1,8],"5":[1,8],"6":[9,16],"7":[9,16],"8":[9,9],"9":[1,8],"10":[1,8],"11":[2,7],"12":[2,7],"13":[2,7],"14":[0,9],"15":[0,9],"16":[9,9],"17":[1,8],"18":[0,9]},"meta":{"lastBranch":19,"lastFunction":6,"lastStatement":194,"seen":{"s:29:14:29:50":0,"s:29:50:29:73":1,"s:29:73:29:Infinity":2,"s:59:12:59:48":3,"s:59:48:59:70":4,"s:59:70:59:Infinity":5,"s:81:12:81:48":6,"s:81:48:81:76":7,"s:81:76:81:Infinity":8,"s:97:14:97:50":9,"s:97:50:97:76":10,"s:97:76:97:Infinity":11,"s:126:14:126:50":12,"s:126:50:126:75":13,"s:126:75:126:Infinity":14,"s:149:12:149:48":15,"s:149:48:149:68":16,"s:149:68:149:Infinity":17,"s:161:14:161:22":18,"s:161:60:161:71":19,"s:161:71:161:Infinity":20,"s:161:22:161:60":21,"s:190:12:190:48":22,"s:190:48:190:70":23,"s:190:70:190:Infinity":24,"s:278:12:278:48":25,"s:278:48:278:71":26,"s:278:71:278:Infinity":27,"s:283:10:283:59":28,"s:283:59:283:79":29,"s:283:79:283:Infinity":30,"s:1:0:1:Infinity":31,"s:2:2:2:Infinity":32,"s:8:2:9:Infinity":33,"s:10:39:10:56":34,"s:10:56:10:Infinity":35,"s:11:6:11:28":36,"s:11:28:11:62":37,"s:11:62:11:Infinity":38,"s:14:4:14:Infinity":39,"s:15:31:15:Infinity":40,"f:15:31:15:43":0,"s:15:31:15:53":41,"s:16:8:17:Infinity":42,"s:18:73:18:83":43,"s:18:83:18:Infinity":44,"s:19:12:19:Infinity":45,"s:26:14:26:Infinity":46,"s:28:12:28:Infinity":47,"s:31:10:31:Infinity":48,"s:33:10:33:Infinity":49,"s:34:74:34:85":50,"s:34:85:34:Infinity":51,"s:35:12:35:Infinity":52,"s:42:14:42:Infinity":53,"s:44:10:44:Infinity":54,"s:47:8:47:Infinity":55,"s:48:70:48:79":56,"s:48:79:48:Infinity":57,"s:49:10:49:Infinity":58,"s:56:12:56:Infinity":59,"s:58:10:58:Infinity":60,"s:61:8:61:Infinity":61,"s:63:8:63:Infinity":62,"s:64:67:64:72":63,"s:64:72:64:Infinity":64,"s:65:10:65:Infinity":65,"s:66:12:69:Infinity":66,"s:77:14:77:Infinity":67,"s:79:10:79:Infinity":68,"s:80:10:80:Infinity":69,"s:83:8:83:Infinity":70,"s:85:8:86:Infinity":71,"s:87:75:87:88":72,"s:87:88:87:Infinity":73,"s:88:12:88:Infinity":74,"s:94:14:94:Infinity":75,"s:96:12:96:Infinity":76,"s:99:10:99:Infinity":77,"s:101:10:101:Infinity":78,"s:102:67:102:70":79,"s:102:70:102:Infinity":80,"s:103:12:103:Infinity":81,"s:114:16:114:Infinity":82,"f:114:16:114:25":1,"s:114:16:114:43":83,"s:104:14:104:Infinity":84,"s:113:16:113:Infinity":85,"s:116:14:116:Infinity":86,"s:119:16:119:Infinity":87,"f:119:16:119:25":2,"s:119:16:119:46":88,"s:122:16:122:25":89,"s:123:14:123:Infinity":90,"s:125:12:125:Infinity":91,"s:128:10:128:Infinity":92,"s:131:8:131:Infinity":93,"s:132:69:132:76":94,"s:132:76:132:Infinity":95,"s:133:10:133:Infinity":96,"s:134:12:137:Infinity":97,"s:145:14:145:Infinity":98,"s:147:10:147:Infinity":99,"s:148:10:148:Infinity":100,"s:151:8:151:Infinity":101,"s:153:8:153:Infinity":102,"s:154:73:154:85":103,"s:154:85:154:Infinity":104,"s:155:10:155:Infinity":105,"s:160:12:160:Infinity":106,"s:163:10:163:Infinity":107,"s:158:12:158:Infinity":108,"s:164:8:164:Infinity":109,"s:166:8:166:Infinity":110,"s:167:76:167:91":111,"s:167:91:167:Infinity":112,"s:168:10:168:Infinity":113,"s:169:12:169:Infinity":114,"s:173:12:173:Infinity":115,"s:182:14:182:Infinity":116,"f:182:14:182:25":3,"s:182:14:182:56":117,"s:181:14:181:Infinity":118,"s:184:10:184:Infinity":119,"s:185:10:185:Infinity":120,"s:186:12:186:Infinity":121,"s:188:10:188:Infinity":122,"s:189:10:189:Infinity":123,"s:192:8:192:Infinity":124,"s:194:8:194:Infinity":125,"s:195:70:195:78":126,"s:195:78:195:Infinity":127,"s:196:10:196:Infinity":128,"s:197:12:200:Infinity":129,"s:208:14:208:Infinity":130,"s:210:12:210:Infinity":131,"s:213:14:213:Infinity":132,"f:213:14:213:23":4,"s:213:14:213:49":133,"s:216:14:216:23":134,"s:217:12:217:Infinity":135,"s:219:10:219:Infinity":136,"s:225:14:225:23":137,"s:226:14:226:Infinity":138,"s:227:12:227:Infinity":139,"s:228:12:228:Infinity":140,"s:233:14:233:23":141,"s:234:14:234:Infinity":142,"s:235:12:235:Infinity":143,"s:236:12:236:Infinity":144,"s:241:14:241:23":145,"s:242:14:242:Infinity":146,"s:243:12:244:Infinity":147,"s:247:8:247:Infinity":148,"s:248:77:248:93":149,"s:248:93:248:Infinity":150,"s:249:10:249:Infinity":151,"s:250:12:253:Infinity":152,"s:261:14:261:Infinity":153,"s:263:12:263:Infinity":154,"s:266:14:266:Infinity":155,"f:266:14:266:23":5,"s:266:14:266:56":156,"s:271:14:271:Infinity":157,"s:275:12:275:Infinity":158,"s:277:10:277:Infinity":159,"s:280:8:280:Infinity":160,"s:282:8:282:Infinity":161,"s:286:8:286:Infinity":162,"s:292:10:292:Infinity":163,"s:293:10:293:Infinity":164,"s:294:8:295:Infinity":165,"s:298:4:298:Infinity":166,"s:300:8:300:Infinity":167,"s:301:8:301:80":168,"s:301:80:301:87":169,"s:301:87:304:Infinity":170,"s:15:12:15:31":171,"b:28:12:28:Infinity:28:12:28:Infinity":0,"b:58:10:58:Infinity:58:10:58:Infinity":1,"b:80:10:80:Infinity:80:10:80:Infinity":2,"b:96:12:96:Infinity:96:12:96:Infinity":3,"s:107:16:107:Infinity":172,"b:107:16:107:Infinity:107:16:107:Infinity":4,"s:120:16:120:Infinity":173,"s:122:25:122:Infinity":174,"b:122:25:122:Infinity:122:25:122:Infinity":5,"b:125:12:125:Infinity:125:12:125:Infinity":6,"b:148:10:148:Infinity:148:10:148:Infinity":7,"s:156:12:156:38":175,"s:156:12:156:Infinity":176,"s:177:14:177:Infinity":177,"b:189:10:189:Infinity:189:10:189:Infinity":8,"s:204:14:204:Infinity":178,"b:204:14:204:Infinity:204:14:204:Infinity":9,"s:214:14:214:Infinity":179,"s:216:23:216:Infinity":180,"b:216:23:216:Infinity:216:23:216:Infinity":10,"s:222:14:222:61":181,"s:222:14:222:Infinity":182,"s:225:23:225:Infinity":183,"b:225:23:225:Infinity:225:23:225:Infinity":11,"s:230:14:230:58":184,"s:230:14:230:Infinity":185,"s:233:23:233:Infinity":186,"b:233:23:233:Infinity:233:23:233:Infinity":12,"s:238:14:238:68":187,"s:238:14:238:Infinity":188,"s:241:23:241:Infinity":189,"b:241:23:241:Infinity:241:23:241:Infinity":13,"s:257:14:257:Infinity":190,"b:257:14:257:Infinity:257:14:257:Infinity":14,"s:267:14:267:Infinity":191,"s:272:16:272:Infinity":192,"b:272:16:272:Infinity:272:16:272:Infinity":15,"b:277:10:277:Infinity:277:10:277:Infinity":16,"b:282:8:282:Infinity:282:8:282:Infinity":17,"s:289:10:289:Infinity":193,"b:293:10:293:Infinity:293:10:293:Infinity":18},"fnNames":{}}}
,"C:\\Users\\Administrator\\Documents\\GitHub\\dualeapa-sprint1-project\\apps\\business-logic-ui\\src\\app\\register\\register.component.ts": {"path":"C:\\Users\\Administrator\\Documents\\GitHub\\dualeapa-sprint1-project\\apps\\business-logic-ui\\src\\app\\register\\register.component.ts","statementMap":{"0":{"start":{"line":38,"column":34},"end":{"line":38,"column":null}},"1":{"start":{"line":39,"column":23},"end":{"line":39,"column":null}},"2":{"start":{"line":40,"column":20},"end":{"line":40,"column":null}},"3":{"start":{"line":41,"column":32},"end":{"line":41,"column":null}},"4":{"start":{"line":45,"column":2},"end":{"line":49,"column":null}},"5":{"start":{"line":46,"column":21},"end":{"line":46,"column":null}},"6":{"start":{"line":47,"column":28},"end":{"line":47,"column":null}},"7":{"start":{"line":48,"column":4},"end":{"line":48,"column":null}},"8":{"start":{"line":81,"column":6},"end":{"line":59,"column":null}},"9":{"start":{"line":82,"column":34},"end":{"line":82,"column":null}},"10":{"start":{"line":83,"column":29},"end":{"line":83,"column":null}},"11":{"start":{"line":84,"column":33},"end":{"line":84,"column":null}},"12":{"start":{"line":86,"column":36},"end":{"line":86,"column":null}},"13":{"start":{"line":87,"column":43},"end":{"line":87,"column":null}},"14":{"start":{"line":89,"column":31},"end":{"line":89,"column":null}},"15":{"start":{"line":90,"column":33},"end":{"line":90,"column":null}},"16":{"start":{"line":92,"column":31},"end":{"line":92,"column":null}},"17":{"start":{"line":94,"column":36},"end":{"line":94,"column":null}},"18":{"start":{"line":96,"column":36},"end":{"line":96,"column":null}},"19":{"start":{"line":97,"column":45},"end":{"line":97,"column":null}},"20":{"start":{"line":99,"column":25},"end":{"line":99,"column":null}},"21":{"start":{"line":101,"column":28},"end":{"line":126,"column":null}},"22":{"start":{"line":130,"column":36},"end":{"line":132,"column":null}},"23":{"start":{"line":134,"column":36},"end":{"line":134,"column":null}},"24":{"start":{"line":135,"column":33},"end":{"line":135,"column":null}},"25":{"start":{"line":136,"column":43},"end":{"line":137,"column":null}},"26":{"start":{"line":81,"column":13},"end":{"line":59,"column":null}},"27":{"start":{"line":134,"column":51},"end":{"line":134,"column":null}},"28":{"start":{"line":135,"column":48},"end":{"line":135,"column":null}},"29":{"start":{"line":137,"column":4},"end":{"line":137,"column":null}},"30":{"start":{"line":141,"column":4},"end":{"line":143,"column":null}},"31":{"start":{"line":143,"column":23},"end":{"line":143,"column":50}},"32":{"start":{"line":148,"column":20},"end":{"line":148,"column":null}},"33":{"start":{"line":149,"column":22},"end":{"line":151,"column":null}},"34":{"start":{"line":152,"column":4},"end":{"line":152,"column":null}},"35":{"start":{"line":157,"column":4},"end":{"line":159,"column":null}},"36":{"start":{"line":158,"column":6},"end":{"line":158,"column":null}},"37":{"start":{"line":163,"column":4},"end":{"line":163,"column":null}},"38":{"start":{"line":163,"column":40},"end":{"line":163,"column":46}},"39":{"start":{"line":167,"column":4},"end":{"line":167,"column":null}},"40":{"start":{"line":167,"column":47},"end":{"line":167,"column":53}},"41":{"start":{"line":171,"column":4},"end":{"line":171,"column":null}},"42":{"start":{"line":171,"column":35},"end":{"line":171,"column":41}},"43":{"start":{"line":175,"column":4},"end":{"line":175,"column":null}},"44":{"start":{"line":177,"column":4},"end":{"line":180,"column":null}},"45":{"start":{"line":178,"column":6},"end":{"line":178,"column":null}},"46":{"start":{"line":179,"column":6},"end":{"line":179,"column":null}},"47":{"start":{"line":181,"column":4},"end":{"line":183,"column":null}},"48":{"start":{"line":182,"column":6},"end":{"line":182,"column":null}},"49":{"start":{"line":185,"column":62},"end":{"line":185,"column":null}},"50":{"start":{"line":185,"column":62},"end":{"line":185,"column":67}},"51":{"start":{"line":185,"column":50},"end":{"line":185,"column":29}},"52":{"start":{"line":186,"column":4},"end":{"line":186,"column":null}},"53":{"start":{"line":187,"column":4},"end":{"line":187,"column":null}},"54":{"start":{"line":189,"column":4},"end":{"line":201,"column":null}},"55":{"start":{"line":194,"column":10},"end":{"line":194,"column":null}},"56":{"start":{"line":195,"column":10},"end":{"line":195,"column":null}},"57":{"start":{"line":198,"column":10},"end":{"line":198,"column":null}},"58":{"start":{"line":199,"column":10},"end":{"line":199,"column":null}},"59":{"start":{"line":81,"column":13},"end":{"line":81,"column":null}},"60":{"start":{"line":77,"column":3},"end":{"line":304,"column":null}},"61":{"start":{"line":81,"column":13},"end":{"line":77,"column":null}}},"fnMap":{"0":{"name":"passwordsMatchValidator","decl":{"start":{"line":44,"column":9},"end":{"line":44,"column":47}},"loc":{"start":{"line":44,"column":47},"end":{"line":50,"column":null}},"line":44},"1":{"name":"(anonymous_1)","decl":{"start":{"line":45,"column":9},"end":{"line":45,"column":10}},"loc":{"start":{"line":45,"column":63},"end":{"line":49,"column":null}},"line":45},"2":{"name":"(anonymous_2)","decl":{"start":{"line":134,"column":45},"end":{"line":134,"column":51}},"loc":{"start":{"line":134,"column":51},"end":{"line":134,"column":null}},"line":134},"3":{"name":"(anonymous_3)","decl":{"start":{"line":135,"column":42},"end":{"line":135,"column":48}},"loc":{"start":{"line":135,"column":48},"end":{"line":135,"column":null}},"line":135},"4":{"name":"(anonymous_4)","decl":{"start":{"line":136,"column":52},"end":{"line":136,"column":null}},"loc":{"start":{"line":137,"column":4},"end":{"line":137,"column":null}},"line":137},"5":{"name":"constructor","decl":{"start":{"line":140,"column":2},"end":{"line":140,"column":null}},"loc":{"start":{"line":140,"column":2},"end":{"line":144,"column":null}},"line":140},"6":{"name":"(anonymous_6)","decl":{"start":{"line":143,"column":17},"end":{"line":143,"column":23}},"loc":{"start":{"line":143,"column":23},"end":{"line":143,"column":50}},"line":143},"7":{"name":"onSsnInput","decl":{"start":{"line":147,"column":12},"end":{"line":147,"column":23}},"loc":{"start":{"line":147,"column":42},"end":{"line":153,"column":null}},"line":147},"8":{"name":"onAvailableFundsKeydown","decl":{"start":{"line":156,"column":12},"end":{"line":156,"column":36}},"loc":{"start":{"line":156,"column":63},"end":{"line":160,"column":null}},"line":156},"9":{"name":"togglePasswordVisibility","decl":{"start":{"line":162,"column":12},"end":{"line":162,"column":44}},"loc":{"start":{"line":162,"column":44},"end":{"line":164,"column":null}},"line":162},"10":{"name":"(anonymous_10)","decl":{"start":{"line":163,"column":29},"end":{"line":163,"column":30}},"loc":{"start":{"line":163,"column":40},"end":{"line":163,"column":46}},"line":163},"11":{"name":"toggleConfirmPasswordVisibility","decl":{"start":{"line":166,"column":12},"end":{"line":166,"column":51}},"loc":{"start":{"line":166,"column":51},"end":{"line":168,"column":null}},"line":166},"12":{"name":"(anonymous_12)","decl":{"start":{"line":167,"column":36},"end":{"line":167,"column":37}},"loc":{"start":{"line":167,"column":47},"end":{"line":167,"column":53}},"line":167},"13":{"name":"toggleSsnVisibility","decl":{"start":{"line":170,"column":12},"end":{"line":170,"column":39}},"loc":{"start":{"line":170,"column":39},"end":{"line":172,"column":null}},"line":170},"14":{"name":"(anonymous_14)","decl":{"start":{"line":171,"column":24},"end":{"line":171,"column":25}},"loc":{"start":{"line":171,"column":35},"end":{"line":171,"column":41}},"line":171},"15":{"name":"onSubmit","decl":{"start":{"line":174,"column":12},"end":{"line":174,"column":28}},"loc":{"start":{"line":174,"column":28},"end":{"line":202,"column":null}},"line":174},"16":{"name":"(anonymous_16)","decl":{"start":{"line":193,"column":14},"end":{"line":193,"column":19}},"loc":{"start":{"line":193,"column":19},"end":{"line":196,"column":null}},"line":193},"17":{"name":"(anonymous_17)","decl":{"start":{"line":197,"column":15},"end":{"line":197,"column":16}},"loc":{"start":{"line":197,"column":34},"end":{"line":200,"column":null}},"line":197},"18":{"name":"template","decl":{"start":{"line":77,"column":3},"end":{"line":77,"column":null}},"loc":{"start":{"line":77,"column":3},"end":{"line":293,"column":null}},"line":77}},"branchMap":{"0":{"loc":{"start":{"line":48,"column":11},"end":{"line":48,"column":null}},"type":"cond-expr","locations":[{"start":{"line":48,"column":42},"end":{"line":48,"column":49}},{"start":{"line":48,"column":49},"end":{"line":48,"column":null}}],"line":48},"1":{"loc":{"start":{"line":157,"column":4},"end":{"line":159,"column":null}},"type":"if","locations":[{"start":{"line":157,"column":4},"end":{"line":159,"column":null}},{"start":{},"end":{}}],"line":157},"2":{"loc":{"start":{"line":177,"column":4},"end":{"line":180,"column":null}},"type":"if","locations":[{"start":{"line":177,"column":4},"end":{"line":180,"column":null}},{"start":{},"end":{}}],"line":177},"3":{"loc":{"start":{"line":181,"column":4},"end":{"line":183,"column":null}},"type":"if","locations":[{"start":{"line":181,"column":4},"end":{"line":183,"column":null}},{"start":{},"end":{}}],"line":181},"4":{"loc":{"start":{"line":81,"column":13},"end":{"line":81,"column":30}},"type":"binary-expr","locations":[{"start":{"line":81,"column":13},"end":{"line":81,"column":30}},{"start":{"line":81,"column":13},"end":{"line":81,"column":30}}],"line":81},"5":{"loc":{"start":{"line":77,"column":3},"end":{"line":304,"column":null}},"type":"if","locations":[{"start":{"line":77,"column":3},"end":{"line":304,"column":null}},{"start":{},"end":{}}],"line":77},"6":{"loc":{"start":{"line":81,"column":13},"end":{"line":77,"column":null}},"type":"binary-expr","locations":[{"start":{"line":81,"column":13},"end":{"line":81,"column":30}},{"start":{"line":81,"column":13},"end":{"line":81,"column":30}},{"start":{"line":81,"column":13},"end":{"line":77,"column":null}}],"line":81},"7":{"loc":{"start":{"line":81,"column":13},"end":{"line":81,"column":null}},"type":"binary-expr","locations":[{"start":{"line":81,"column":13},"end":{"line":81,"column":30}},{"start":{"line":81,"column":13},"end":{"line":81,"column":30}},{"start":{"line":81,"column":13},"end":{"line":81,"column":null}}],"line":81}},"s":{"0":1,"1":1,"2":1,"3":1,"4":8,"5":94,"6":94,"7":94,"8":1,"9":8,"10":8,"11":8,"12":8,"13":8,"14":8,"15":8,"16":8,"17":8,"18":8,"19":8,"20":8,"21":8,"22":8,"23":8,"24":8,"25":8,"26":1,"27":7,"28":7,"29":7,"30":8,"31":2,"32":0,"33":0,"34":0,"35":0,"36":0,"37":1,"38":1,"39":0,"40":0,"41":1,"42":1,"43":2,"44":2,"45":0,"46":0,"47":2,"48":0,"49":2,"50":2,"51":2,"52":2,"53":2,"54":2,"55":1,"56":1,"57":1,"58":1,"59":1,"60":17,"61":1},"f":{"0":8,"1":94,"2":7,"3":7,"4":7,"5":8,"6":2,"7":0,"8":0,"9":1,"10":1,"11":0,"12":0,"13":1,"14":1,"15":2,"16":1,"17":1,"18":1},"b":{"0":[94,0],"1":[0,0],"2":[0,2],"3":[0,2],"4":[8,8],"5":[8,9],"6":[1,1,1],"7":[1,1,1]},"meta":{"lastBranch":8,"lastFunction":19,"lastStatement":62,"seen":{"s:38:34:38:Infinity":0,"s:39:23:39:Infinity":1,"s:40:20:40:Infinity":2,"s:41:32:41:Infinity":3,"f:44:9:44:47":0,"s:45:2:49:Infinity":4,"f:45:9:45:10":1,"s:46:21:46:Infinity":5,"s:47:28:47:Infinity":6,"s:48:4:48:Infinity":7,"b:48:42:48:49:48:49:48:Infinity":0,"s:81:6:59:Infinity":8,"s:82:34:82:Infinity":9,"s:83:29:83:Infinity":10,"s:84:33:84:Infinity":11,"s:86:36:86:Infinity":12,"s:87:43:87:Infinity":13,"s:89:31:89:Infinity":14,"s:90:33:90:Infinity":15,"s:92:31:92:Infinity":16,"s:94:36:94:Infinity":17,"s:96:36:96:Infinity":18,"s:97:45:97:Infinity":19,"s:99:25:99:Infinity":20,"s:101:28:126:Infinity":21,"s:130:36:132:Infinity":22,"s:134:36:134:Infinity":23,"s:135:33:135:Infinity":24,"s:136:43:137:Infinity":25,"s:81:13:59:Infinity":26,"f:134:45:134:51":2,"s:134:51:134:Infinity":27,"f:135:42:135:48":3,"s:135:48:135:Infinity":28,"f:136:52:136:Infinity":4,"s:137:4:137:Infinity":29,"f:140:2:140:Infinity":5,"s:141:4:143:Infinity":30,"f:143:17:143:23":6,"s:143:23:143:50":31,"f:147:12:147:23":7,"s:148:20:148:Infinity":32,"s:149:22:151:Infinity":33,"s:152:4:152:Infinity":34,"f:156:12:156:36":8,"b:157:4:159:Infinity:undefined:undefined:undefined:undefined":1,"s:157:4:159:Infinity":35,"s:158:6:158:Infinity":36,"f:162:12:162:44":9,"s:163:4:163:Infinity":37,"f:163:29:163:30":10,"s:163:40:163:46":38,"f:166:12:166:51":11,"s:167:4:167:Infinity":39,"f:167:36:167:37":12,"s:167:47:167:53":40,"f:170:12:170:39":13,"s:171:4:171:Infinity":41,"f:171:24:171:25":14,"s:171:35:171:41":42,"f:174:12:174:28":15,"s:175:4:175:Infinity":43,"b:177:4:180:Infinity:undefined:undefined:undefined:undefined":2,"s:177:4:180:Infinity":44,"s:178:6:178:Infinity":45,"s:179:6:179:Infinity":46,"b:181:4:183:Infinity:undefined:undefined:undefined:undefined":3,"s:181:4:183:Infinity":47,"s:182:6:182:Infinity":48,"s:185:62:185:Infinity":49,"s:185:62:185:67":50,"s:185:50:185:29":51,"s:186:4:186:Infinity":52,"s:187:4:187:Infinity":53,"s:189:4:201:Infinity":54,"f:193:14:193:19":16,"s:194:10:194:Infinity":55,"s:195:10:195:Infinity":56,"f:197:15:197:16":17,"s:198:10:198:Infinity":57,"s:199:10:199:Infinity":58,"s:81:13:81:Infinity":59,"b:81:13:81:30:81:13:81:30":4,"f:77:3:77:Infinity":18,"b:77:3:304:Infinity:undefined:undefined:undefined:undefined":5,"s:77:3:304:Infinity":60,"s:81:13:77:Infinity":61,"b:81:13:81:30:81:13:81:30:81:13:77:Infinity":6,"b:81:13:81:30:81:13:81:30:81:13:81:Infinity":7},"fnNames":{}}}
}
