<?xml version="1.0" ?>
<!DOCTYPE coverage SYSTEM "http://cobertura.sourceforge.net/xml/coverage-04.dtd">
<coverage lines-valid="208" lines-covered="181" line-rate="0.8701000000000001" branches-valid="84" branches-covered="65" branch-rate="0.7737999999999999" timestamp="1789678652555" complexity="0" version="0.1">
  <sources>
    <source>C:/Users/Administrator/Documents/GitHub/dualeapa-sprint1-project/apps/auth-service</source>
  </sources>
  <packages>
    <package name="auth" line-rate="0.9745999999999999" branch-rate="0.9411">
      <classes>
        <class name="auth.controller.ts" filename="src\auth\auth.controller.ts" line-rate="0.75" branch-rate="0.5">
          <methods>
            <method name="constructor" hits="12" signature="()V">
              <lines>
                <line number="11" hits="12"/>
              </lines>
            </method>
            <method name="register" hits="1" signature="()V">
              <lines>
                <line number="14" hits="1"/>
              </lines>
            </method>
            <method name="login" hits="0" signature="()V">
              <lines>
                <line number="20" hits="0"/>
              </lines>
            </method>
            <method name="refresh" hits="0" signature="()V">
              <lines>
                <line number="27" hits="0"/>
              </lines>
            </method>
            <method name="logout" hits="3" signature="()V">
              <lines>
                <line number="44" hits="3"/>
              </lines>
            </method>
          </methods>
          <lines>
            <line number="9" hits="3" branch="true" condition-coverage="50% (1/2)"/>
            <line number="10" hits="3" branch="false"/>
            <line number="11" hits="12" branch="false"/>
            <line number="15" hits="1" branch="false"/>
            <line number="21" hits="0" branch="false"/>
            <line number="28" hits="0" branch="false"/>
            <line number="45" hits="3" branch="false"/>
            <line number="46" hits="3" branch="false"/>
          </lines>
        </class>
        <class name="auth.module.ts" filename="src\auth\auth.module.ts" line-rate="1" branch-rate="1">
          <methods>
            <method name="buildJwtOptions" hits="5" signature="()V">
              <lines>
                <line number="20" hits="5"/>
              </lines>
            </method>
          </methods>
          <lines>
            <line number="21" hits="5" branch="false"/>
            <line number="39" hits="1" branch="false"/>
            <line number="60" hits="1" branch="false"/>
          </lines>
        </class>
        <class name="auth.service.ts" filename="src\auth\auth.service.ts" line-rate="1" branch-rate="1">
          <methods>
            <method name="constructor" hits="32" signature="()V">
              <lines>
                <line number="40" hits="32"/>
              </lines>
            </method>
            <method name="register" hits="7" signature="()V">
              <lines>
                <line number="46" hits="7"/>
              </lines>
            </method>
            <method name="login" hits="12" signature="()V">
              <lines>
                <line number="64" hits="12"/>
              </lines>
            </method>
            <method name="validateUser" hits="18" signature="()V">
              <lines>
                <line number="87" hits="18"/>
              </lines>
            </method>
            <method name="refreshToken" hits="7" signature="()V">
              <lines>
                <line number="131" hits="7"/>
              </lines>
            </method>
            <method name="(anonymous_5)" hits="1" signature="()V">
              <lines>
                <line number="146" hits="1"/>
              </lines>
            </method>
            <method name="logout" hits="2" signature="()V">
              <lines>
                <line number="162" hits="2"/>
              </lines>
            </method>
            <method name="issueTokens" hits="10" signature="()V">
              <lines>
                <line number="178" hits="10"/>
              </lines>
            </method>
          </methods>
          <lines>
            <line number="22" hits="4" branch="false"/>
            <line number="35" hits="4" branch="false"/>
            <line number="36" hits="4" branch="false"/>
            <line number="37" hits="32" branch="false"/>
            <line number="38" hits="32" branch="false"/>
            <line number="41" hits="32" branch="false"/>
            <line number="42" hits="32" branch="false"/>
            <line number="43" hits="32" branch="false"/>
            <line number="47" hits="7" branch="true" condition-coverage="100% (4/4)"/>
            <line number="48" hits="2" branch="false"/>
            <line number="51" hits="5" branch="true" condition-coverage="100% (2/2)"/>
            <line number="52" hits="1" branch="false"/>
            <line number="57" hits="4" branch="false"/>
            <line number="58" hits="4" branch="false"/>
            <line number="60" hits="2" branch="false"/>
            <line number="61" hits="2" branch="false"/>
            <line number="68" hits="12" branch="false"/>
            <line number="69" hits="12" branch="true" condition-coverage="100% (2/2)"/>
            <line number="70" hits="5" branch="false"/>
            <line number="73" hits="7" branch="false"/>
            <line number="74" hits="7" branch="false"/>
            <line number="88" hits="18" branch="false"/>
            <line number="90" hits="18" branch="true" condition-coverage="100% (2/2)"/>
            <line number="94" hits="5" branch="false"/>
            <line number="95" hits="5" branch="false"/>
            <line number="96" hits="5" branch="false"/>
            <line number="99" hits="13" branch="true" condition-coverage="100% (2/2)"/>
            <line number="100" hits="1" branch="false"/>
            <line number="101" hits="1" branch="false"/>
            <line number="102" hits="1" branch="false"/>
            <line number="105" hits="12" branch="true" condition-coverage="100% (2/2)"/>
            <line number="106" hits="1" branch="false"/>
            <line number="107" hits="1" branch="false"/>
            <line number="108" hits="1" branch="false"/>
            <line number="111" hits="11" branch="false"/>
            <line number="116" hits="11" branch="true" condition-coverage="100% (2/2)"/>
            <line number="118" hits="3" branch="false"/>
            <line number="119" hits="3" branch="true" condition-coverage="100% (2/2)"/>
            <line number="120" hits="1" branch="false"/>
            <line number="122" hits="3" branch="false"/>
            <line number="123" hits="3" branch="false"/>
            <line number="127" hits="8" branch="false"/>
            <line number="128" hits="8" branch="false"/>
            <line number="132" hits="7" branch="false"/>
            <line number="134" hits="7" branch="true" condition-coverage="100% (2/2)"/>
            <line number="135" hits="1" branch="false"/>
            <line number="141" hits="6" branch="true" condition-coverage="100% (2/2)"/>
            <line number="142" hits="3" branch="false"/>
            <line number="143" hits="3" branch="false"/>
            <line number="146" hits="3" branch="false"/>
            <line number="147" hits="3" branch="true" condition-coverage="100% (4/4)"/>
            <line number="148" hits="2" branch="false"/>
            <line number="149" hits="2" branch="false"/>
            <line number="152" hits="1" branch="false"/>
            <line number="153" hits="1" branch="false"/>
            <line number="163" hits="2" branch="false"/>
            <line number="164" hits="2" branch="true" condition-coverage="100% (2/2)"/>
            <line number="165" hits="1" branch="false"/>
            <line number="166" hits="1" branch="false"/>
            <line number="184" hits="10" branch="false"/>
            <line number="185" hits="10" branch="true" condition-coverage="100% (2/2)"/>
            <line number="187" hits="10" branch="false"/>
            <line number="199" hits="10" branch="false"/>
            <line number="203" hits="10" branch="false"/>
          </lines>
        </class>
        <class name="well-known.controller.ts" filename="src\auth\well-known.controller.ts" line-rate="1" branch-rate="0.5">
          <methods>
            <method name="constructor" hits="1" signature="()V">
              <lines>
                <line number="18" hits="1"/>
              </lines>
            </method>
            <method name="getJwks" hits="6" signature="()V">
              <lines>
                <line number="20" hits="6"/>
              </lines>
            </method>
          </methods>
          <lines>
            <line number="16" hits="2" branch="true" condition-coverage="50% (1/2)"/>
            <line number="17" hits="2" branch="false"/>
            <line number="18" hits="1" branch="false"/>
            <line number="25" hits="6" branch="false"/>
          </lines>
        </class>
      </classes>
    </package>
    <package name="auth.dto" line-rate="1" branch-rate="1">
      <classes>
        <class name="login.dto.ts" filename="src\auth\dto\login.dto.ts" line-rate="0" branch-rate="0">
          <methods>
          </methods>
          <lines>
          </lines>
        </class>
        <class name="refresh-token.dto.ts" filename="src\auth\dto\refresh-token.dto.ts" line-rate="0" branch-rate="0">
          <methods>
          </methods>
          <lines>
          </lines>
        </class>
        <class name="register.dto.ts" filename="src\auth\dto\register.dto.ts" line-rate="0" branch-rate="0">
          <methods>
          </methods>
          <lines>
          </lines>
        </class>
      </classes>
    </package>
    <package name="auth.guards" line-rate="1" branch-rate="1">
      <classes>
        <class name="local-auth.guard.ts" filename="src\auth\guards\local-auth.guard.ts" line-rate="1" branch-rate="1">
          <methods>
          </methods>
          <lines>
            <line number="4" hits="3" branch="false"/>
            <line number="5" hits="3" branch="false"/>
          </lines>
        </class>
      </classes>
    </package>
    <package name="auth.services" line-rate="0.6896" branch-rate="0.6666">
      <classes>
        <class name="jwt-keys.service.ts" filename="src\auth\services\jwt-keys.service.ts" line-rate="0.6896" branch-rate="0.6666">
          <methods>
            <method name="normalizePem" hits="12" signature="()V">
              <lines>
                <line number="17" hits="12"/>
              </lines>
            </method>
            <method name="constructor" hits="1" signature="()V">
              <lines>
                <line number="35" hits="1"/>
              </lines>
            </method>
            <method name="getPrivateKey" hits="0" signature="()V">
              <lines>
                <line number="66" hits="0"/>
              </lines>
            </method>
            <method name="getPublicKeyObject" hits="0" signature="()V">
              <lines>
                <line number="73" hits="0"/>
              </lines>
            </method>
            <method name="getPublicKeyPem" hits="6" signature="()V">
              <lines>
                <line number="80" hits="6"/>
              </lines>
            </method>
            <method name="getJwks" hits="6" signature="()V">
              <lines>
                <line number="87" hits="6"/>
              </lines>
            </method>
            <method name="publicKeyToJwk" hits="6" signature="()V">
              <lines>
                <line number="108" hits="6"/>
              </lines>
            </method>
            <method name="generateKeyId" hits="6" signature="()V">
              <lines>
                <line number="133" hits="6"/>
              </lines>
            </method>
            <method name="normalizeKey" hits="1" signature="()V">
              <lines>
                <line number="147" hits="1"/>
              </lines>
            </method>
          </methods>
          <lines>
            <line number="18" hits="12" branch="true" condition-coverage="50% (1/2)"/>
            <line number="28" hits="2" branch="false"/>
            <line number="29" hits="2" branch="false"/>
            <line number="30" hits="1" branch="false"/>
            <line number="36" hits="1" branch="true" condition-coverage="50% (1/2)"/>
            <line number="37" hits="1" branch="true" condition-coverage="50% (1/2)"/>
            <line number="39" hits="1" branch="true" condition-coverage="75% (3/4)"/>
            <line number="40" hits="0" branch="false"/>
            <line number="43" hits="0" branch="false"/>
            <line number="48" hits="1" branch="false"/>
            <line number="50" hits="1" branch="false"/>
            <line number="53" hits="1" branch="false"/>
            <line number="58" hits="0" branch="false"/>
            <line number="59" hits="0" branch="false"/>
            <line number="67" hits="0" branch="false"/>
            <line number="74" hits="0" branch="false"/>
            <line number="81" hits="6" branch="false"/>
            <line number="88" hits="6" branch="false"/>
            <line number="89" hits="6" branch="false"/>
            <line number="90" hits="6" branch="false"/>
            <line number="94" hits="0" branch="false"/>
            <line number="95" hits="0" branch="false"/>
            <line number="109" hits="6" branch="false"/>
            <line number="115" hits="6" branch="true" condition-coverage="80% (4/5)"/>
            <line number="116" hits="0" branch="false"/>
            <line number="119" hits="6" branch="false"/>
            <line number="135" hits="6" branch="false"/>
            <line number="136" hits="6" branch="false"/>
            <line number="148" hits="1" branch="false"/>
          </lines>
        </class>
      </classes>
    </package>
    <package name="auth.strategies" line-rate="0.25" branch-rate="0.25">
      <classes>
        <class name="local.strategy.ts" filename="src\auth\strategies\local.strategy.ts" line-rate="0.25" branch-rate="0.25">
          <methods>
            <method name="constructor" hits="0" signature="()V">
              <lines>
                <line number="9" hits="0"/>
              </lines>
            </method>
            <method name="validate" hits="0" signature="()V">
              <lines>
                <line number="16" hits="0"/>
              </lines>
            </method>
          </methods>
          <lines>
            <line number="7" hits="1" branch="true" condition-coverage="50% (1/2)"/>
            <line number="8" hits="1" branch="false"/>
            <line number="9" hits="0" branch="false"/>
            <line number="10" hits="0" branch="false"/>
            <line number="17" hits="0" branch="false"/>
            <line number="18" hits="0" branch="true" condition-coverage="0% (0/2)"/>
            <line number="19" hits="0" branch="false"/>
            <line number="21" hits="0" branch="false"/>
          </lines>
        </class>
      </classes>
    </package>
    <package name="config" line-rate="1" branch-rate="1">
      <classes>
        <class name="cors.config.ts" filename="src\config\cors.config.ts" line-rate="1" branch-rate="1">
          <methods>
            <method name="parseOrigins" hits="7" signature="()V">
              <lines>
                <line number="17" hits="7"/>
              </lines>
            </method>
            <method name="(anonymous_1)" hits="9" signature="()V">
              <lines>
                <line number="20" hits="9"/>
              </lines>
            </method>
            <method name="buildCorsOptions" hits="7" signature="()V">
              <lines>
                <line number="25" hits="7"/>
              </lines>
            </method>
          </methods>
          <lines>
            <line number="4" hits="1" branch="false"/>
            <line number="18" hits="7" branch="true" condition-coverage="100% (2/2)"/>
            <line number="20" hits="9" branch="false"/>
            <line number="22" hits="7" branch="true" condition-coverage="100% (2/2)"/>
            <line number="28" hits="7" branch="false"/>
          </lines>
        </class>
        <class name="validation.config.ts" filename="src\config\validation.config.ts" line-rate="1" branch-rate="1">
          <methods>
            <method name="buildValidationPipe" hits="12" signature="()V">
              <lines>
                <line number="10" hits="12"/>
              </lines>
            </method>
          </methods>
          <lines>
            <line number="11" hits="12" branch="false"/>
          </lines>
        </class>
      </classes>
    </package>
    <package name="refresh-tokens" line-rate="0.9666" branch-rate="0.8332999999999999">
      <classes>
        <class name="refresh-token.entity.ts" filename="src\refresh-tokens\refresh-token.entity.ts" line-rate="1" branch-rate="0.5">
          <methods>
            <method name="(anonymous_0)" hits="0" signature="()V">
              <lines>
                <line number="23" hits="0"/>
              </lines>
            </method>
          </methods>
          <lines>
            <line number="10" hits="5" branch="false"/>
            <line number="11" hits="5" branch="false"/>
            <line number="12" hits="5" branch="false"/>
            <line number="20" hits="5" branch="false"/>
            <line number="23" hits="5" branch="true" condition-coverage="50% (1/2)"/>
            <line number="31" hits="5" branch="false"/>
            <line number="35" hits="5" branch="false"/>
          </lines>
        </class>
        <class name="refresh-tokens.module.ts" filename="src\refresh-tokens\refresh-tokens.module.ts" line-rate="1" branch-rate="1">
          <methods>
          </methods>
          <lines>
            <line number="6" hits="1" branch="false"/>
            <line number="11" hits="1" branch="false"/>
          </lines>
        </class>
        <class name="refresh-tokens.service.ts" filename="src\refresh-tokens\refresh-tokens.service.ts" line-rate="0.9523" branch-rate="1">
          <methods>
            <method name="constructor" hits="11" signature="()V">
              <lines>
                <line number="14" hits="11"/>
              </lines>
            </method>
            <method name="hash" hits="6" signature="()V">
              <lines>
                <line number="27" hits="6"/>
              </lines>
            </method>
            <method name="issue" hits="5" signature="()V">
              <lines>
                <line number="32" hits="5"/>
              </lines>
            </method>
            <method name="findByToken" hits="0" signature="()V">
              <lines>
                <line number="49" hits="0"/>
              </lines>
            </method>
            <method name="isUsable" hits="3" signature="()V">
              <lines>
                <line number="54" hits="3"/>
              </lines>
            </method>
            <method name="rotate" hits="1" signature="()V">
              <lines>
                <line number="62" hits="1"/>
              </lines>
            </method>
            <method name="revoke" hits="2" signature="()V">
              <lines>
                <line number="83" hits="2"/>
              </lines>
            </method>
            <method name="revokeAllForUser" hits="1" signature="()V">
              <lines>
                <line number="97" hits="1"/>
              </lines>
            </method>
          </methods>
          <lines>
            <line number="8" hits="5" branch="false"/>
            <line number="11" hits="5" branch="false"/>
            <line number="12" hits="11" branch="false"/>
            <line number="16" hits="11" branch="false"/>
            <line number="28" hits="6" branch="false"/>
            <line number="33" hits="5" branch="false"/>
            <line number="35" hits="5" branch="false"/>
            <line number="45" hits="5" branch="false"/>
            <line number="50" hits="0" branch="false"/>
            <line number="55" hits="3" branch="true" condition-coverage="100% (2/2)"/>
            <line number="63" hits="1" branch="false"/>
            <line number="65" hits="1" branch="false"/>
            <line number="75" hits="1" branch="false"/>
            <line number="76" hits="1" branch="false"/>
            <line number="77" hits="1" branch="false"/>
            <line number="79" hits="1" branch="false"/>
            <line number="84" hits="2" branch="true" condition-coverage="100% (2/2)"/>
            <line number="85" hits="1" branch="false"/>
            <line number="86" hits="1" branch="false"/>
            <line number="98" hits="1" branch="false"/>
            <line number="102" hits="1" branch="false"/>
          </lines>
        </class>
      </classes>
    </package>
    <package name="users" line-rate="0.8332999999999999" branch-rate="0.5555">
      <classes>
        <class name="user.entity.ts" filename="src\users\user.entity.ts" line-rate="1" branch-rate="0.5">
          <methods>
          </methods>
          <lines>
            <line number="20" hits="5" branch="false"/>
            <line number="21" hits="5" branch="false"/>
            <line number="22" hits="5" branch="false"/>
            <line number="25" hits="5" branch="false"/>
            <line number="29" hits="5" branch="false"/>
            <line number="32" hits="5" branch="false"/>
            <line number="40" hits="5" branch="false"/>
            <line number="44" hits="5" branch="false"/>
            <line number="48" hits="5" branch="false"/>
            <line number="51" hits="5" branch="true" condition-coverage="50% (1/2)"/>
            <line number="54" hits="5" branch="true" condition-coverage="50% (1/2)"/>
          </lines>
        </class>
        <class name="users.module.ts" filename="src\users\users.module.ts" line-rate="1" branch-rate="1">
          <methods>
          </methods>
          <lines>
            <line number="6" hits="1" branch="false"/>
            <line number="11" hits="1" branch="false"/>
          </lines>
        </class>
        <class name="users.service.ts" filename="src\users\users.service.ts" line-rate="0.7804000000000001" branch-rate="0.5714">
          <methods>
            <method name="constructor" hits="13" signature="()V">
              <lines>
                <line number="11" hits="13"/>
              </lines>
            </method>
            <method name="create" hits="3" signature="()V">
              <lines>
                <line number="16" hits="3"/>
              </lines>
            </method>
            <method name="findByEmail" hits="2" signature="()V">
              <lines>
                <line number="45" hits="2"/>
              </lines>
            </method>
            <method name="findById" hits="0" signature="()V">
              <lines>
                <line number="49" hits="0"/>
              </lines>
            </method>
            <method name="validatePassword" hits="2" signature="()V">
              <lines>
                <line number="57" hits="2"/>
              </lines>
            </method>
            <method name="incrementFailedAttempts" hits="2" signature="()V">
              <lines>
                <line number="64" hits="2"/>
              </lines>
            </method>
            <method name="lockAccount" hits="1" signature="()V">
              <lines>
                <line number="74" hits="1"/>
              </lines>
            </method>
            <method name="resetFailedAttempts" hits="1" signature="()V">
              <lines>
                <line number="88" hits="1"/>
              </lines>
            </method>
            <method name="isAccountLocked" hits="3" signature="()V">
              <lines>
                <line number="99" hits="3"/>
              </lines>
            </method>
            <method name="mapToDto" hits="1" signature="()V">
              <lines>
                <line number="106" hits="1"/>
              </lines>
            </method>
          </methods>
          <lines>
            <line number="10" hits="5" branch="false"/>
            <line number="13" hits="13" branch="false"/>
            <line number="17" hits="3" branch="false"/>
            <line number="20" hits="3" branch="true" condition-coverage="100% (2/2)"/>
            <line number="21" hits="2" branch="false"/>
            <line number="24" hits="1" branch="false"/>
            <line number="26" hits="1" branch="false"/>
            <line number="31" hits="1" branch="false"/>
            <line number="32" hits="1" branch="false"/>
            <line number="33" hits="1" branch="false"/>
            <line number="38" hits="0" branch="true" condition-coverage="0% (0/2)"/>
            <line number="39" hits="0" branch="false"/>
            <line number="41" hits="0" branch="false"/>
            <line number="46" hits="2" branch="false"/>
            <line number="50" hits="0" branch="false"/>
            <line number="51" hits="0" branch="true" condition-coverage="0% (0/2)"/>
            <line number="52" hits="0" branch="false"/>
            <line number="54" hits="0" branch="false"/>
            <line number="61" hits="2" branch="false"/>
            <line number="65" hits="2" branch="false"/>
            <line number="66" hits="2" branch="true" condition-coverage="100% (2/2)"/>
            <line number="67" hits="1" branch="false"/>
            <line number="70" hits="1" branch="false"/>
            <line number="71" hits="1" branch="false"/>
            <line number="75" hits="1" branch="false"/>
            <line number="76" hits="1" branch="true" condition-coverage="50% (1/2)"/>
            <line number="77" hits="0" branch="false"/>
            <line number="81" hits="1" branch="false"/>
            <line number="82" hits="1" branch="false"/>
            <line number="84" hits="1" branch="false"/>
            <line number="85" hits="1" branch="false"/>
            <line number="89" hits="1" branch="false"/>
            <line number="90" hits="1" branch="true" condition-coverage="50% (1/2)"/>
            <line number="91" hits="0" branch="false"/>
            <line number="94" hits="1" branch="false"/>
            <line number="95" hits="1" branch="false"/>
            <line number="96" hits="1" branch="false"/>
            <line number="100" hits="3" branch="true" condition-coverage="100% (2/2)"/>
            <line number="101" hits="1" branch="false"/>
            <line number="103" hits="2" branch="false"/>
            <line number="107" hits="1" branch="false"/>
          </lines>
        </class>
      </classes>
    </package>
  </packages>
</coverage>
