TN:
SF:src\auth\auth.controller.ts
FN:11,constructor
FN:14,register
FN:20,login
FN:27,refresh
FN:44,logout
FNF:5
FNH:5
FNDA:17,constructor
FNDA:2,register
FNDA:1,login
FNDA:1,refresh
FNDA:3,logout
DA:9,3
DA:10,3
DA:11,17
DA:15,2
DA:21,1
DA:28,1
DA:45,3
DA:46,3
LF:8
LH:8
BRDA:9,0,0,0
BRDA:9,0,1,3
BRF:2
BRH:1
end_of_record
TN:
SF:src\auth\auth.module.ts
FN:20,buildJwtOptions
FNF:1
FNH:1
FNDA:5,buildJwtOptions
DA:21,5
DA:39,1
DA:60,1
LF:3
LH:3
BRF:0
BRH:0
end_of_record
TN:
SF:src\auth\auth.service.ts
FN:40,constructor
FN:46,register
FN:64,login
FN:87,validateUser
FN:131,refreshToken
FN:146,(anonymous_5)
FN:162,logout
FN:178,issueTokens
FNF:8
FNH:8
FNDA:32,constructor
FNDA:7,register
FNDA:12,login
FNDA:18,validateUser
FNDA:7,refreshToken
FNDA:1,(anonymous_5)
FNDA:2,logout
FNDA:10,issueTokens
DA:22,5
DA:35,5
DA:36,5
DA:37,32
DA:38,32
DA:41,32
DA:42,32
DA:43,32
DA:47,7
DA:48,2
DA:51,5
DA:52,1
DA:57,4
DA:58,4
DA:60,2
DA:61,2
DA:68,12
DA:69,12
DA:70,5
DA:73,7
DA:74,7
DA:88,18
DA:90,18
DA:94,5
DA:95,5
DA:96,5
DA:99,13
DA:100,1
DA:101,1
DA:102,1
DA:105,12
DA:106,1
DA:107,1
DA:108,1
DA:111,11
DA:116,11
DA:118,3
DA:119,3
DA:120,1
DA:122,3
DA:123,3
DA:127,8
DA:128,8
DA:132,7
DA:134,7
DA:135,1
DA:141,6
DA:142,3
DA:143,3
DA:146,3
DA:147,3
DA:148,2
DA:149,2
DA:152,1
DA:153,1
DA:163,2
DA:164,2
DA:165,1
DA:166,1
DA:184,10
DA:185,10
DA:187,10
DA:199,10
DA:203,10
LF:64
LH:64
BRDA:47,0,0,2
BRDA:47,0,1,5
BRDA:47,1,0,7
BRDA:47,1,1,6
BRDA:51,2,0,1
BRDA:51,2,1,4
BRDA:69,3,0,5
BRDA:69,3,1,7
BRDA:90,4,0,5
BRDA:90,4,1,13
BRDA:99,5,0,1
BRDA:99,5,1,12
BRDA:105,6,0,1
BRDA:105,6,1,11
BRDA:116,7,0,3
BRDA:116,7,1,8
BRDA:119,8,0,1
BRDA:119,8,1,2
BRDA:134,9,0,1
BRDA:134,9,1,6
BRDA:141,10,0,3
BRDA:141,10,1,3
BRDA:147,11,0,2
BRDA:147,11,1,1
BRDA:147,12,0,3
BRDA:147,12,1,2
BRDA:164,13,0,1
BRDA:164,13,1,1
BRDA:185,14,0,10
BRDA:185,14,1,7
BRF:30
BRH:30
end_of_record
TN:
SF:src\auth\well-known.controller.ts
FN:18,constructor
FN:20,getJwks
FNF:2
FNH:2
FNDA:1,constructor
FNDA:6,getJwks
DA:16,2
DA:17,2
DA:18,1
DA:25,6
LF:4
LH:4
BRDA:16,0,0,0
BRDA:16,0,1,2
BRF:2
BRH:1
end_of_record
TN:
SF:src\auth\dto\login.dto.ts
FNF:0
FNH:0
LF:0
LH:0
BRF:0
BRH:0
end_of_record
TN:
SF:src\auth\dto\refresh-token.dto.ts
FNF:0
FNH:0
LF:0
LH:0
BRF:0
BRH:0
end_of_record
TN:
SF:src\auth\dto\register.dto.ts
FNF:0
FNH:0
LF:0
LH:0
BRF:0
BRH:0
end_of_record
TN:
SF:src\auth\guards\local-auth.guard.ts
FNF:0
FNH:0
DA:4,3
DA:5,3
LF:2
LH:2
BRF:0
BRH:0
end_of_record
TN:
SF:src\auth\services\jwt-keys.service.ts
FN:17,normalizePem
FN:35,constructor
FN:66,getPrivateKey
FN:73,getPublicKeyObject
FN:80,getPublicKeyPem
FN:87,getJwks
FN:108,publicKeyToJwk
FN:133,generateKeyId
FN:147,normalizeKey
FNF:9
FNH:9
FNDA:22,normalizePem
FNDA:10,constructor
FNDA:1,getPrivateKey
FNDA:1,getPublicKeyObject
FNDA:10,getPublicKeyPem
FNDA:10,getJwks
FNDA:10,publicKeyToJwk
FNDA:9,generateKeyId
FNDA:9,normalizeKey
DA:18,22
DA:28,3
DA:29,3
DA:30,10
DA:36,10
DA:37,10
DA:39,10
DA:40,2
DA:43,2
DA:48,8
DA:50,8
DA:53,8
DA:58,1
DA:59,1
DA:67,1
DA:74,1
DA:81,10
DA:88,10
DA:89,10
DA:90,10
DA:94,1
DA:95,1
DA:109,10
DA:115,10
DA:116,1
DA:119,9
DA:135,9
DA:136,9
DA:148,9
LF:29
LH:29
BRDA:18,0,0,22
BRDA:18,0,1,1
BRDA:36,1,0,10
BRDA:36,1,1,1
BRDA:37,2,0,10
BRDA:37,2,1,1
BRDA:39,3,0,2
BRDA:39,3,1,8
BRDA:39,4,0,10
BRDA:39,4,1,9
BRDA:115,5,0,1
BRDA:115,5,1,9
BRDA:115,6,0,10
BRDA:115,6,1,9
BRDA:115,6,2,9
BRF:15
BRH:15
end_of_record
TN:
SF:src\auth\strategies\local.strategy.ts
FN:9,constructor
FN:16,validate
FNF:2
FNH:2
FNDA:13,constructor
FNDA:5,validate
DA:7,3
DA:8,3
DA:9,13
DA:10,13
DA:17,5
DA:18,5
DA:19,3
DA:21,2
LF:8
LH:8
BRDA:18,0,0,3
BRDA:18,0,1,2
BRDA:7,1,0,0
BRDA:7,1,1,3
BRF:4
BRH:3
end_of_record
TN:
SF:src\config\cors.config.ts
FN:17,parseOrigins
FN:20,(anonymous_1)
FN:25,buildCorsOptions
FNF:3
FNH:3
FNDA:7,parseOrigins
FNDA:9,(anonymous_1)
FNDA:7,buildCorsOptions
DA:4,1
DA:18,7
DA:20,9
DA:22,7
DA:28,7
LF:5
LH:5
BRDA:18,0,0,7
BRDA:18,0,1,3
BRDA:22,1,0,3
BRDA:22,1,1,4
BRDA:26,2,0,7
BRDA:36,3,0,7
BRDA:36,3,1,4
BRF:7
BRH:7
end_of_record
TN:
SF:src\config\validation.config.ts
FN:10,buildValidationPipe
FNF:1
FNH:1
FNDA:17,buildValidationPipe
DA:11,17
LF:1
LH:1
BRF:0
BRH:0
end_of_record
TN:
SF:src\refresh-tokens\refresh-token.entity.ts
FN:23,(anonymous_0)
FNF:1
FNH:0
FNDA:0,(anonymous_0)
DA:10,6
DA:11,6
DA:12,6
DA:20,6
DA:23,6
DA:31,6
DA:35,6
LF:7
LH:7
BRDA:23,0,0,0
BRDA:23,0,1,6
BRF:2
BRH:1
end_of_record
TN:
SF:src\refresh-tokens\refresh-tokens.module.ts
FNF:0
FNH:0
DA:6,1
DA:11,1
LF:2
LH:2
BRF:0
BRH:0
end_of_record
TN:
SF:src\refresh-tokens\refresh-tokens.service.ts
FN:14,constructor
FN:27,hash
FN:32,issue
FN:49,findByToken
FN:54,isUsable
FN:62,rotate
FN:83,revoke
FN:97,revokeAllForUser
FNF:8
FNH:7
FNDA:11,constructor
FNDA:6,hash
FNDA:5,issue
FNDA:0,findByToken
FNDA:3,isUsable
FNDA:1,rotate
FNDA:2,revoke
FNDA:1,revokeAllForUser
DA:8,6
DA:11,6
DA:12,11
DA:16,11
DA:28,6
DA:33,5
DA:35,5
DA:45,5
DA:50,0
DA:55,3
DA:63,1
DA:65,1
DA:75,1
DA:76,1
DA:77,1
DA:79,1
DA:84,2
DA:85,1
DA:86,1
DA:98,1
DA:102,1
LF:21
LH:20
BRDA:55,0,0,3
BRDA:55,0,1,2
BRDA:84,1,0,1
BRDA:84,1,1,1
BRF:4
BRH:4
end_of_record
TN:
SF:src\users\user.entity.ts
FNF:0
FNH:0
DA:20,6
DA:21,6
DA:22,6
DA:25,6
DA:29,6
DA:32,6
DA:40,6
DA:44,6
DA:48,6
DA:51,6
DA:54,6
LF:11
LH:11
BRDA:51,0,0,0
BRDA:51,0,1,6
BRDA:54,1,0,0
BRDA:54,1,1,6
BRF:4
BRH:2
end_of_record
TN:
SF:src\users\users.module.ts
FNF:0
FNH:0
DA:6,1
DA:11,1
LF:2
LH:2
BRF:0
BRH:0
end_of_record
TN:
SF:src\users\users.service.ts
FN:11,constructor
FN:16,create
FN:45,findByEmail
FN:49,findById
FN:57,validatePassword
FN:64,incrementFailedAttempts
FN:74,lockAccount
FN:88,resetFailedAttempts
FN:99,isAccountLocked
FN:106,mapToDto
FNF:10
FNH:10
FNDA:20,constructor
FNDA:6,create
FNDA:2,findByEmail
FNDA:2,findById
FNDA:2,validatePassword
FNDA:2,incrementFailedAttempts
FNDA:2,lockAccount
FNDA:2,resetFailedAttempts
FNDA:3,isAccountLocked
FNDA:3,mapToDto
DA:10,6
DA:13,20
DA:17,6
DA:20,6
DA:21,2
DA:24,4
DA:26,4
DA:31,4
DA:32,4
DA:33,2
DA:38,2
DA:39,1
DA:41,1
DA:46,2
DA:50,2
DA:51,2
DA:52,1
DA:54,1
DA:61,2
DA:65,2
DA:66,2
DA:67,1
DA:70,1
DA:71,1
DA:75,2
DA:76,2
DA:77,1
DA:81,1
DA:82,1
DA:84,1
DA:85,1
DA:89,2
DA:90,2
DA:91,1
DA:94,1
DA:95,1
DA:96,1
DA:100,3
DA:101,1
DA:103,2
DA:107,3
LF:41
LH:41
BRDA:20,0,0,2
BRDA:20,0,1,4
BRDA:38,1,0,1
BRDA:38,1,1,1
BRDA:51,2,0,1
BRDA:51,2,1,1
BRDA:66,3,0,1
BRDA:66,3,1,1
BRDA:76,4,0,1
BRDA:76,4,1,1
BRDA:90,5,0,1
BRDA:90,5,1,1
BRDA:100,6,0,1
BRDA:100,6,1,2
BRF:14
BRH:14
end_of_record
