TN:
SF:src\auth\auth.controller.ts
FN:11,constructor
FN:14,register
FN:20,login
FN:27,refresh
FN:44,logout
FNF:5
FNH:3
FNDA:12,constructor
FNDA:1,register
FNDA:0,login
FNDA:0,refresh
FNDA:3,logout
DA:9,3
DA:10,3
DA:11,12
DA:15,1
DA:21,0
DA:28,0
DA:45,3
DA:46,3
LF:8
LH:6
BRDA:9,0,0,0
BRDA:9,0,1,3
BRF:2
BRH:1
end_of_record
TN:
SF:src\auth\auth.module.ts
FN:20,buildJwtOptions
FNF:1
FNH:1
FNDA:5,buildJwtOptions
DA:21,5
DA:39,1
DA:60,1
LF:3
LH:3
BRF:0
BRH:0
end_of_record
TN:
SF:src\auth\auth.service.ts
FN:40,constructor
FN:46,register
FN:64,login
FN:87,validateUser
FN:131,refreshToken
FN:146,(anonymous_5)
FN:162,logout
FN:178,issueTokens
FNF:8
FNH:8
FNDA:32,constructor
FNDA:7,register
FNDA:12,login
FNDA:18,validateUser
FNDA:7,refreshToken
FNDA:1,(anonymous_5)
FNDA:2,logout
FNDA:10,issueTokens
DA:22,4
DA:35,4
DA:36,4
DA:37,32
DA:38,32
DA:41,32
DA:42,32
DA:43,32
DA:47,7
DA:48,2
DA:51,5
DA:52,1
DA:57,4
DA:58,4
DA:60,2
DA:61,2
DA:68,12
DA:69,12
DA:70,5
DA:73,7
DA:74,7
DA:88,18
DA:90,18
DA:94,5
DA:95,5
DA:96,5
DA:99,13
DA:100,1
DA:101,1
DA:102,1
DA:105,12
DA:106,1
DA:107,1
DA:108,1
DA:111,11
DA:116,11
DA:118,3
DA:119,3
DA:120,1
DA:122,3
DA:123,3
DA:127,8
DA:128,8
DA:132,7
DA:134,7
DA:135,1
DA:141,6
DA:142,3
DA:143,3
DA:146,3
DA:147,3
DA:148,2
DA:149,2
DA:152,1
DA:153,1
DA:163,2
DA:164,2
DA:165,1
DA:166,1
DA:184,10
DA:185,10
DA:187,10
DA:199,10
DA:203,10
LF:64
LH:64
BRDA:47,0,0,2
BRDA:47,0,1,5
BRDA:47,1,0,7
BRDA:47,1,1,6
BRDA:51,2,0,1
BRDA:51,2,1,4
BRDA:69,3,0,5
BRDA:69,3,1,7
BRDA:90,4,0,5
BRDA:90,4,1,13
BRDA:99,5,0,1
BRDA:99,5,1,12
BRDA:105,6,0,1
BRDA:105,6,1,11
BRDA:116,7,0,3
BRDA:116,7,1,8
BRDA:119,8,0,1
BRDA:119,8,1,2
BRDA:134,9,0,1
BRDA:134,9,1,6
BRDA:141,10,0,3
BRDA:141,10,1,3
BRDA:147,11,0,2
BRDA:147,11,1,1
BRDA:147,12,0,3
BRDA:147,12,1,2
BRDA:164,13,0,1
BRDA:164,13,1,1
BRDA:185,14,0,10
BRDA:185,14,1,7
BRF:30
BRH:30
end_of_record
TN:
SF:src\auth\well-known.controller.ts
FN:18,constructor
FN:20,getJwks
FNF:2
FNH:2
FNDA:1,constructor
FNDA:6,getJwks
DA:16,2
DA:17,2
DA:18,1
DA:25,6
LF:4
LH:4
BRDA:16,0,0,0
BRDA:16,0,1,2
BRF:2
BRH:1
end_of_record
TN:
SF:src\auth\dto\login.dto.ts
FNF:0
FNH:0
LF:0
LH:0
BRF:0
BRH:0
end_of_record
TN:
SF:src\auth\dto\refresh-token.dto.ts
FNF:0
FNH:0
LF:0
LH:0
BRF:0
BRH:0
end_of_record
TN:
SF:src\auth\dto\register.dto.ts
FNF:0
FNH:0
LF:0
LH:0
BRF:0
BRH:0
end_of_record
TN:
SF:src\auth\guards\local-auth.guard.ts
FNF:0
FNH:0
DA:4,3
DA:5,3
LF:2
LH:2
BRF:0
BRH:0
end_of_record
TN:
SF:src\auth\services\jwt-keys.service.ts
FN:17,normalizePem
FN:35,constructor
FN:66,getPrivateKey
FN:73,getPublicKeyObject
FN:80,getPublicKeyPem
FN:87,getJwks
FN:108,publicKeyToJwk
FN:133,generateKeyId
FN:147,normalizeKey
FNF:9
FNH:7
FNDA:12,normalizePem
FNDA:1,constructor
FNDA:0,getPrivateKey
FNDA:0,getPublicKeyObject
FNDA:6,getPublicKeyPem
FNDA:6,getJwks
FNDA:6,publicKeyToJwk
FNDA:6,generateKeyId
FNDA:1,normalizeKey
DA:18,12
DA:28,2
DA:29,2
DA:30,1
DA:36,1
DA:37,1
DA:39,1
DA:40,0
DA:43,0
DA:48,1
DA:50,1
DA:53,1
DA:58,0
DA:59,0
DA:67,0
DA:74,0
DA:81,6
DA:88,6
DA:89,6
DA:90,6
DA:94,0
DA:95,0
DA:109,6
DA:115,6
DA:116,0
DA:119,6
DA:135,6
DA:136,6
DA:148,1
LF:29
LH:20
BRDA:18,0,0,12
BRDA:18,0,1,0
BRDA:36,1,0,1
BRDA:36,1,1,0
BRDA:37,2,0,1
BRDA:37,2,1,0
BRDA:39,3,0,0
BRDA:39,3,1,1
BRDA:39,4,0,1
BRDA:39,4,1,1
BRDA:115,5,0,0
BRDA:115,5,1,6
BRDA:115,6,0,6
BRDA:115,6,1,6
BRDA:115,6,2,6
BRF:15
BRH:10
end_of_record
TN:
SF:src\auth\strategies\local.strategy.ts
FN:9,constructor
FN:16,validate
FNF:2
FNH:0
FNDA:0,constructor
FNDA:0,validate
DA:7,1
DA:8,1
DA:9,0
DA:10,0
DA:17,0
DA:18,0
DA:19,0
DA:21,0
LF:8
LH:2
BRDA:18,0,0,0
BRDA:18,0,1,0
BRDA:7,1,0,0
BRDA:7,1,1,1
BRF:4
BRH:1
end_of_record
TN:
SF:src\config\cors.config.ts
FN:17,parseOrigins
FN:20,(anonymous_1)
FN:25,buildCorsOptions
FNF:3
FNH:3
FNDA:7,parseOrigins
FNDA:9,(anonymous_1)
FNDA:7,buildCorsOptions
DA:4,1
DA:18,7
DA:20,9
DA:22,7
DA:28,7
LF:5
LH:5
BRDA:18,0,0,7
BRDA:18,0,1,3
BRDA:22,1,0,3
BRDA:22,1,1,4
BRDA:26,2,0,7
BRDA:36,3,0,7
BRDA:36,3,1,4
BRF:7
BRH:7
end_of_record
TN:
SF:src\config\validation.config.ts
FN:10,buildValidationPipe
FNF:1
FNH:1
FNDA:12,buildValidationPipe
DA:11,12
LF:1
LH:1
BRF:0
BRH:0
end_of_record
TN:
SF:src\refresh-tokens\refresh-token.entity.ts
FN:23,(anonymous_0)
FNF:1
FNH:0
FNDA:0,(anonymous_0)
DA:10,5
DA:11,5
DA:12,5
DA:20,5
DA:23,5
DA:31,5
DA:35,5
LF:7
LH:7
BRDA:23,0,0,0
BRDA:23,0,1,5
BRF:2
BRH:1
end_of_record
TN:
SF:src\refresh-tokens\refresh-tokens.module.ts
FNF:0
FNH:0
DA:6,1
DA:11,1
LF:2
LH:2
BRF:0
BRH:0
end_of_record
TN:
SF:src\refresh-tokens\refresh-tokens.service.ts
FN:14,constructor
FN:27,hash
FN:32,issue
FN:49,findByToken
FN:54,isUsable
FN:62,rotate
FN:83,revoke
FN:97,revokeAllForUser
FNF:8
FNH:7
FNDA:11,constructor
FNDA:6,hash
FNDA:5,issue
FNDA:0,findByToken
FNDA:3,isUsable
FNDA:1,rotate
FNDA:2,revoke
FNDA:1,revokeAllForUser
DA:8,5
DA:11,5
DA:12,11
DA:16,11
DA:28,6
DA:33,5
DA:35,5
DA:45,5
DA:50,0
DA:55,3
DA:63,1
DA:65,1
DA:75,1
DA:76,1
DA:77,1
DA:79,1
DA:84,2
DA:85,1
DA:86,1
DA:98,1
DA:102,1
LF:21
LH:20
BRDA:55,0,0,3
BRDA:55,0,1,2
BRDA:84,1,0,1
BRDA:84,1,1,1
BRF:4
BRH:4
end_of_record
TN:
SF:src\users\user.entity.ts
FNF:0
FNH:0
DA:20,5
DA:21,5
DA:22,5
DA:25,5
DA:29,5
DA:32,5
DA:40,5
DA:44,5
DA:48,5
DA:51,5
DA:54,5
LF:11
LH:11
BRDA:51,0,0,0
BRDA:51,0,1,5
BRDA:54,1,0,0
BRDA:54,1,1,5
BRF:4
BRH:2
end_of_record
TN:
SF:src\users\users.module.ts
FNF:0
FNH:0
DA:6,1
DA:11,1
LF:2
LH:2
BRF:0
BRH:0
end_of_record
TN:
SF:src\users\users.service.ts
FN:11,constructor
FN:16,create
FN:45,findByEmail
FN:49,findById
FN:57,validatePassword
FN:64,incrementFailedAttempts
FN:74,lockAccount
FN:88,resetFailedAttempts
FN:99,isAccountLocked
FN:106,mapToDto
FNF:10
FNH:9
FNDA:13,constructor
FNDA:3,create
FNDA:2,findByEmail
FNDA:0,findById
FNDA:2,validatePassword
FNDA:2,incrementFailedAttempts
FNDA:1,lockAccount
FNDA:1,resetFailedAttempts
FNDA:3,isAccountLocked
FNDA:1,mapToDto
DA:10,5
DA:13,13
DA:17,3
DA:20,3
DA:21,2
DA:24,1
DA:26,1
DA:31,1
DA:32,1
DA:33,1
DA:38,0
DA:39,0
DA:41,0
DA:46,2
DA:50,0
DA:51,0
DA:52,0
DA:54,0
DA:61,2
DA:65,2
DA:66,2
DA:67,1
DA:70,1
DA:71,1
DA:75,1
DA:76,1
DA:77,0
DA:81,1
DA:82,1
DA:84,1
DA:85,1
DA:89,1
DA:90,1
DA:91,0
DA:94,1
DA:95,1
DA:96,1
DA:100,3
DA:101,1
DA:103,2
DA:107,1
LF:41
LH:32
BRDA:20,0,0,2
BRDA:20,0,1,1
BRDA:38,1,0,0
BRDA:38,1,1,0
BRDA:51,2,0,0
BRDA:51,2,1,0
BRDA:66,3,0,1
BRDA:66,3,1,1
BRDA:76,4,0,0
BRDA:76,4,1,1
BRDA:90,5,0,0
BRDA:90,5,1,1
BRDA:100,6,0,1
BRDA:100,6,1,2
BRF:14
BRH:8
end_of_record
