<?xml version="1.0" encoding="UTF-8"?>
<coverage generated="1790368646648" clover="3.2.0">
  <project timestamp="1790368646648" name="All files">
    <metrics statements="2044" coveredstatements="1951" conditionals="909" coveredconditionals="818" methods="482" coveredmethods="443" elements="3435" coveredelements="3212" complexity="0" loc="2044" ncloc="2044" packages="11" files="37" classes="37"/>
    <package name="app">
      <metrics statements="3" coveredstatements="3" conditionals="10" coveredconditionals="9" methods="1" coveredmethods="1"/>
      <file name="app.html" path="C:\Users\Administrator\Documents\GitHub\trading-season\apps\client-ui\src\app\app.html">
        <metrics statements="1" coveredstatements="1" conditionals="0" coveredconditionals="0" methods="0" coveredmethods="0"/>
        <line num="1" count="2" type="stmt"/>
      </file>
      <file name="app.ts" path="C:\Users\Administrator\Documents\GitHub\trading-season\apps\client-ui\src\app\app.ts">
        <metrics statements="2" coveredstatements="2" conditionals="10" coveredconditionals="9" methods="1" coveredmethods="1"/>
        <line num="10" count="2" type="cond" truecount="9" falsecount="1"/>
        <line num="11" count="2" type="stmt"/>
      </file>
    </package>
    <package name="app.core">
      <metrics statements="4" coveredstatements="4" conditionals="0" coveredconditionals="0" methods="2" coveredmethods="2"/>
      <file name="api.config.ts" path="C:\Users\Administrator\Documents\GitHub\trading-season\apps\client-ui\src\app\core\api.config.ts">
        <metrics statements="4" coveredstatements="4" conditionals="0" coveredconditionals="0" methods="2" coveredmethods="2"/>
        <line num="4" count="3" type="stmt"/>
        <line num="6" count="52" type="stmt"/>
        <line num="11" count="3" type="stmt"/>
        <line num="13" count="68" type="stmt"/>
      </file>
    </package>
    <package name="app.core.auth">
      <metrics statements="253" coveredstatements="230" conditionals="163" coveredconditionals="136" methods="67" coveredmethods="64"/>
      <file name="auth-error.ts" path="C:\Users\Administrator\Documents\GitHub\trading-season\apps\client-ui\src\app\core\auth\auth-error.ts">
        <metrics statements="36" coveredstatements="33" conditionals="35" coveredconditionals="29" methods="5" coveredmethods="5"/>
        <line num="7" count="3" type="stmt"/>
        <line num="9" count="2" type="stmt"/>
        <line num="10" count="2" type="stmt"/>
        <line num="15" count="3" type="stmt"/>
        <line num="17" count="3" type="stmt"/>
        <line num="18" count="3" type="stmt"/>
        <line num="20" count="3" type="stmt"/>
        <line num="21" count="3" type="stmt"/>
        <line num="25" count="3" type="stmt"/>
        <line num="40" count="32" type="cond" truecount="2" falsecount="0"/>
        <line num="41" count="1" type="stmt"/>
        <line num="43" count="31" type="cond" truecount="2" falsecount="0"/>
        <line num="44" count="2" type="stmt"/>
        <line num="46" count="29" type="cond" truecount="2" falsecount="0"/>
        <line num="47" count="2" type="cond" truecount="2" falsecount="0"/>
        <line num="51" count="27" type="cond" truecount="2" falsecount="0"/>
        <line num="52" count="1" type="stmt"/>
        <line num="54" count="26" type="cond" truecount="2" falsecount="0"/>
        <line num="55" count="4" type="stmt"/>
        <line num="58" count="22" type="cond" truecount="3" falsecount="0"/>
        <line num="60" count="16" type="cond" truecount="2" falsecount="0"/>
        <line num="64" count="2" type="cond" truecount="1" falsecount="1"/>
        <line num="65" count="0" type="stmt"/>
        <line num="67" count="2" type="cond" truecount="1" falsecount="1"/>
        <line num="68" count="2" type="cond" truecount="2" falsecount="0"/>
        <line num="70" count="0" type="stmt"/>
        <line num="72" count="4" type="cond" truecount="2" falsecount="0"/>
        <line num="73" count="2" type="stmt"/>
        <line num="75" count="2" type="cond" truecount="1" falsecount="1"/>
        <line num="76" count="2" type="stmt"/>
        <line num="78" count="0" type="stmt"/>
        <line num="84" count="2" type="stmt"/>
        <line num="85" count="2" type="cond" truecount="2" falsecount="0"/>
        <line num="86" count="2" type="stmt"/>
        <line num="87" count="1" type="cond" truecount="1" falsecount="1"/>
        <line num="89" count="1" type="cond" truecount="2" falsecount="2"/>
      </file>
      <file name="auth.guard.ts" path="C:\Users\Administrator\Documents\GitHub\trading-season\apps\client-ui\src\app\core\auth\auth.guard.ts">
        <metrics statements="8" coveredstatements="8" conditionals="4" coveredconditionals="4" methods="4" coveredmethods="4"/>
        <line num="7" count="1" type="stmt"/>
        <line num="8" count="2" type="stmt"/>
        <line num="9" count="2" type="stmt"/>
        <line num="11" count="2" type="cond" truecount="2" falsecount="0"/>
        <line num="15" count="1" type="stmt"/>
        <line num="16" count="2" type="stmt"/>
        <line num="17" count="2" type="stmt"/>
        <line num="19" count="2" type="cond" truecount="2" falsecount="0"/>
      </file>
      <file name="auth.interceptor.ts" path="C:\Users\Administrator\Documents\GitHub\trading-season\apps\client-ui\src\app\core\auth\auth.interceptor.ts">
        <metrics statements="5" coveredstatements="5" conditionals="4" coveredconditionals="4" methods="1" coveredmethods="1"/>
        <line num="8" count="1" type="stmt"/>
        <line num="9" count="13" type="stmt"/>
        <line num="10" count="13" type="cond" truecount="4" falsecount="0"/>
        <line num="11" count="10" type="stmt"/>
        <line num="13" count="3" type="stmt"/>
      </file>
      <file name="auth.service.ts" path="C:\Users\Administrator\Documents\GitHub\trading-season\apps\client-ui\src\app\core\auth\auth.service.ts">
        <metrics statements="38" coveredstatements="32" conditionals="21" coveredconditionals="17" methods="21" coveredmethods="18"/>
        <line num="27" count="52" type="cond" truecount="5" falsecount="0"/>
        <line num="28" count="52" type="stmt"/>
        <line num="29" count="52" type="stmt"/>
        <line num="30" count="52" type="stmt"/>
        <line num="31" count="52" type="stmt"/>
        <line num="33" count="52" type="stmt"/>
        <line num="36" count="2" type="stmt"/>
        <line num="42" count="4" type="stmt"/>
        <line num="44" count="4" type="stmt"/>
        <line num="46" count="2" type="cond" truecount="3" falsecount="1"/>
        <line num="47" count="0" type="stmt"/>
        <line num="51" count="2" type="stmt"/>
        <line num="53" count="1" type="stmt"/>
        <line num="54" count="1" type="cond" truecount="3" falsecount="1"/>
        <line num="62" count="3" type="stmt"/>
        <line num="65" count="1" type="stmt"/>
        <line num="66" count="1" type="stmt"/>
        <line num="70" count="2" type="stmt"/>
        <line num="75" count="2" type="stmt"/>
        <line num="76" count="2" type="stmt"/>
        <line num="77" count="2" type="cond" truecount="2" falsecount="0"/>
        <line num="78" count="1" type="stmt"/>
        <line num="80" count="1" type="stmt"/>
        <line num="81" count="1" type="stmt"/>
        <line num="83" count="0" type="stmt"/>
        <line num="89" count="1" type="cond" truecount="1" falsecount="1"/>
        <line num="90" count="0" type="stmt"/>
        <line num="92" count="1" type="stmt"/>
        <line num="93" count="1" type="cond" truecount="1" falsecount="1"/>
        <line num="94" count="0" type="stmt"/>
        <line num="96" count="1" type="stmt"/>
        <line num="99" count="1" type="stmt"/>
        <line num="100" count="1" type="stmt"/>
        <line num="102" count="0" type="stmt"/>
        <line num="103" count="0" type="stmt"/>
        <line num="112" count="8" type="stmt"/>
        <line num="114" count="4" type="stmt"/>
        <line num="119" count="3" type="stmt"/>
      </file>
      <file name="login-lockout.service.ts" path="C:\Users\Administrator\Documents\GitHub\trading-season\apps\client-ui\src\app\core\auth\login-lockout.service.ts">
        <metrics statements="51" coveredstatements="50" conditionals="33" coveredconditionals="32" methods="11" coveredmethods="11"/>
        <line num="5" count="2" type="stmt"/>
        <line num="6" count="2" type="stmt"/>
        <line num="8" count="2" type="stmt"/>
        <line num="11" count="2" type="stmt"/>
        <line num="23" count="31" type="cond" truecount="5" falsecount="0"/>
        <line num="24" count="31" type="stmt"/>
        <line num="26" count="31" type="stmt"/>
        <line num="27" count="31" type="stmt"/>
        <line num="28" count="31" type="stmt"/>
        <line num="31" count="31" type="stmt"/>
        <line num="32" count="33" type="stmt"/>
        <line num="33" count="33" type="cond" truecount="2" falsecount="0"/>
        <line num="35" count="33" type="stmt"/>
        <line num="38" count="31" type="stmt"/>
        <line num="43" count="37" type="stmt"/>
        <line num="44" count="37" type="stmt"/>
        <line num="48" count="45" type="cond" truecount="2" falsecount="0"/>
        <line num="49" count="3" type="stmt"/>
        <line num="51" count="42" type="stmt"/>
        <line num="52" count="42" type="stmt"/>
        <line num="57" count="45" type="stmt"/>
        <line num="61" count="4" type="cond" truecount="1" falsecount="1"/>
        <line num="62" count="0" type="stmt"/>
        <line num="64" count="4" type="stmt"/>
        <line num="65" count="4" type="stmt"/>
        <line num="69" count="2094" type="cond" truecount="2" falsecount="0"/>
        <line num="70" count="2" type="stmt"/>
        <line num="72" count="2092" type="stmt"/>
        <line num="73" count="2092" type="stmt"/>
        <line num="74" count="2092" type="stmt"/>
        <line num="75" count="2092" type="cond" truecount="4" falsecount="0"/>
        <line num="76" count="1990" type="stmt"/>
        <line num="77" count="1990" type="stmt"/>
        <line num="78" count="1990" type="stmt"/>
        <line num="80" count="102" type="cond" truecount="2" falsecount="0"/>
        <line num="82" count="3" type="stmt"/>
        <line num="84" count="102" type="stmt"/>
        <line num="85" count="102" type="cond" truecount="2" falsecount="0"/>
        <line num="86" count="3" type="stmt"/>
        <line num="87" count="3" type="stmt"/>
        <line num="92" count="2134" type="stmt"/>
        <line num="93" count="2134" type="stmt"/>
        <line num="94" count="2134" type="cond" truecount="2" falsecount="0"/>
        <line num="95" count="2134" type="stmt"/>
        <line num="96" count="2134" type="stmt"/>
        <line num="97" count="2134" type="stmt"/>
        <line num="102" count="2" type="stmt"/>
        <line num="107" count="42" type="stmt"/>
        <line num="108" count="42" type="stmt"/>
        <line num="115" count="7" type="stmt"/>
        <line num="116" count="7" type="stmt"/>
      </file>
      <file name="session-timeout.service.ts" path="C:\Users\Administrator\Documents\GitHub\trading-season\apps\client-ui\src\app\core\auth\session-timeout.service.ts">
        <metrics statements="86" coveredstatements="79" conditionals="41" coveredconditionals="34" methods="18" coveredmethods="18"/>
        <line num="7" count="3" type="stmt"/>
        <line num="8" count="3" type="stmt"/>
        <line num="11" count="3" type="stmt"/>
        <line num="13" count="3" type="stmt"/>
        <line num="14" count="3" type="stmt"/>
        <line num="18" count="3" type="stmt"/>
        <line num="20" count="3" type="stmt"/>
        <line num="26" count="29" type="cond" truecount="5" falsecount="0"/>
        <line num="27" count="29" type="stmt"/>
        <line num="28" count="29" type="stmt"/>
        <line num="29" count="29" type="stmt"/>
        <line num="30" count="29" type="stmt"/>
        <line num="32" count="29" type="stmt"/>
        <line num="33" count="29" type="stmt"/>
        <line num="35" count="29" type="stmt"/>
        <line num="36" count="29" type="stmt"/>
        <line num="37" count="29" type="stmt"/>
        <line num="39" count="7" type="stmt"/>
        <line num="40" count="2" type="stmt"/>
        <line num="41" count="2" type="cond" truecount="1" falsecount="1"/>
        <line num="42" count="2" type="stmt"/>
        <line num="47" count="29" type="cond" truecount="1" falsecount="1"/>
        <line num="48" count="0" type="stmt"/>
        <line num="50" count="29" type="stmt"/>
        <line num="51" count="51" type="stmt"/>
        <line num="52" count="51" type="stmt"/>
        <line num="53" count="51" type="cond" truecount="2" falsecount="0"/>
        <line num="58" count="6" type="cond" truecount="2" falsecount="0"/>
        <line num="59" count="2" type="stmt"/>
        <line num="61" count="4" type="stmt"/>
        <line num="62" count="4" type="cond" truecount="1" falsecount="1"/>
        <line num="63" count="0" type="stmt"/>
        <line num="65" count="4" type="stmt"/>
        <line num="66" count="4" type="stmt"/>
        <line num="73" count="21" type="cond" truecount="2" falsecount="0"/>
        <line num="75" count="18" type="cond" truecount="2" falsecount="0"/>
        <line num="76" count="18" type="stmt"/>
        <line num="77" count="18" type="stmt"/>
        <line num="78" count="108" type="stmt"/>
        <line num="80" count="18" type="stmt"/>
        <line num="82" count="21" type="stmt"/>
        <line num="86" count="47" type="cond" truecount="2" falsecount="0"/>
        <line num="87" count="29" type="stmt"/>
        <line num="89" count="18" type="stmt"/>
        <line num="90" count="18" type="stmt"/>
        <line num="91" count="18" type="stmt"/>
        <line num="92" count="108" type="stmt"/>
        <line num="94" count="18" type="stmt"/>
        <line num="95" count="18" type="stmt"/>
        <line num="96" count="18" type="stmt"/>
        <line num="103" count="7" type="cond" truecount="1" falsecount="1"/>
        <line num="104" count="0" type="stmt"/>
        <line num="106" count="7" type="stmt"/>
        <line num="107" count="7" type="stmt"/>
        <line num="108" count="7" type="cond" truecount="1" falsecount="1"/>
        <line num="109" count="7" type="stmt"/>
        <line num="116" count="43" type="cond" truecount="1" falsecount="1"/>
        <line num="117" count="0" type="stmt"/>
        <line num="119" count="43" type="stmt"/>
        <line num="120" count="43" type="cond" truecount="2" falsecount="0"/>
        <line num="121" count="43" type="stmt"/>
        <line num="122" count="43" type="stmt"/>
        <line num="123" count="43" type="cond" truecount="2" falsecount="0"/>
        <line num="124" count="17" type="stmt"/>
        <line num="125" count="17" type="stmt"/>
        <line num="127" count="26" type="stmt"/>
        <line num="131" count="17" type="stmt"/>
        <line num="132" count="17" type="stmt"/>
        <line num="133" count="17" type="stmt"/>
        <line num="140" count="61" type="cond" truecount="2" falsecount="0"/>
        <line num="141" count="26" type="stmt"/>
        <line num="142" count="26" type="stmt"/>
        <line num="147" count="25" type="stmt"/>
        <line num="148" count="25" type="stmt"/>
        <line num="149" count="25" type="stmt"/>
        <line num="156" count="61" type="stmt"/>
        <line num="157" count="61" type="stmt"/>
        <line num="158" count="61" type="cond" truecount="4" falsecount="0"/>
        <line num="160" count="0" type="stmt"/>
        <line num="165" count="29" type="cond" truecount="1" falsecount="1"/>
        <line num="166" count="0" type="stmt"/>
        <line num="168" count="29" type="stmt"/>
        <line num="169" count="29" type="stmt"/>
        <line num="170" count="29" type="cond" truecount="2" falsecount="0"/>
        <line num="172" count="0" type="stmt"/>
        <line num="178" count="35" type="stmt"/>
      </file>
      <file name="token-storage.service.ts" path="C:\Users\Administrator\Documents\GitHub\trading-season\apps\client-ui\src\app\core\auth\token-storage.service.ts">
        <metrics statements="29" coveredstatements="23" conditionals="25" coveredconditionals="16" methods="7" coveredmethods="7"/>
        <line num="18" count="3" type="stmt"/>
        <line num="23" count="52" type="cond" truecount="5" falsecount="0"/>
        <line num="24" count="52" type="stmt"/>
        <line num="25" count="52" type="stmt"/>
        <line num="27" count="52" type="stmt"/>
        <line num="30" count="15" type="cond" truecount="2" falsecount="0"/>
        <line num="34" count="3" type="cond" truecount="2" falsecount="0"/>
        <line num="38" count="1" type="stmt"/>
        <line num="39" count="1" type="cond" truecount="2" falsecount="0"/>
        <line num="43" count="7" type="stmt"/>
        <line num="48" count="7" type="stmt"/>
        <line num="49" count="7" type="cond" truecount="1" falsecount="1"/>
        <line num="50" count="0" type="stmt"/>
        <line num="52" count="7" type="stmt"/>
        <line num="53" count="7" type="stmt"/>
        <line num="60" count="3" type="stmt"/>
        <line num="61" count="3" type="cond" truecount="1" falsecount="1"/>
        <line num="62" count="0" type="stmt"/>
        <line num="64" count="3" type="stmt"/>
        <line num="65" count="3" type="stmt"/>
        <line num="72" count="52" type="cond" truecount="1" falsecount="1"/>
        <line num="73" count="0" type="stmt"/>
        <line num="75" count="52" type="stmt"/>
        <line num="76" count="52" type="stmt"/>
        <line num="77" count="52" type="cond" truecount="1" falsecount="1"/>
        <line num="78" count="52" type="stmt"/>
        <line num="80" count="0" type="stmt"/>
        <line num="81" count="0" type="cond" truecount="0" falsecount="5"/>
        <line num="87" count="0" type="stmt"/>
      </file>
    </package>
    <package name="app.dashboard">
      <metrics statements="569" coveredstatements="536" conditionals="187" coveredconditionals="154" methods="156" coveredmethods="133"/>
      <file name="dashboard.component.html" path="C:\Users\Administrator\Documents\GitHub\trading-season\apps\client-ui\src\app\dashboard\dashboard.component.html">
        <metrics statements="228" coveredstatements="224" conditionals="57" coveredconditionals="50" methods="26" coveredmethods="14"/>
        <line num="1" count="44" type="stmt"/>
        <line num="8" count="44" type="stmt"/>
        <line num="9" count="44" type="stmt"/>
        <line num="12" count="44" type="stmt"/>
        <line num="19" count="81" type="stmt"/>
        <line num="22" count="44" type="stmt"/>
        <line num="26" count="81" type="stmt"/>
        <line num="27" count="81" type="stmt"/>
        <line num="28" count="44" type="stmt"/>
        <line num="29" count="44" type="stmt"/>
        <line num="34" count="81" type="stmt"/>
        <line num="37" count="44" type="stmt"/>
        <line num="40" count="81" type="cond" truecount="1" falsecount="1"/>
        <line num="41" count="0" type="stmt"/>
        <line num="43" count="44" type="stmt"/>
        <line num="46" count="81" type="cond" truecount="3" falsecount="0"/>
        <line num="47" count="0" type="stmt"/>
        <line num="49" count="81" type="cond" truecount="1" falsecount="1"/>
        <line num="50" count="44" type="stmt"/>
        <line num="53" count="44" type="stmt"/>
        <line num="56" count="81" type="stmt"/>
        <line num="59" count="44" type="stmt"/>
        <line num="63" count="44" type="stmt"/>
        <line num="64" count="81" type="cond" truecount="2" falsecount="0"/>
        <line num="65" count="44" type="stmt"/>
        <line num="66" count="1" type="stmt"/>
        <line num="67" count="1" type="stmt"/>
        <line num="71" count="1" type="stmt"/>
        <line num="73" count="1" type="stmt"/>
        <line num="74" count="1" type="stmt"/>
        <line num="77" count="32" type="stmt"/>
        <line num="78" count="33" type="stmt"/>
        <line num="83" count="55" type="stmt"/>
        <line num="84" count="1" type="stmt"/>
        <line num="86" count="33" type="stmt"/>
        <line num="87" count="55" type="stmt"/>
        <line num="88" count="33" type="stmt"/>
        <line num="89" count="55" type="cond" truecount="1" falsecount="1"/>
        <line num="90" count="33" type="stmt"/>
        <line num="92" count="55" type="cond" truecount="2" falsecount="0"/>
        <line num="93" count="20" type="stmt"/>
        <line num="95" count="33" type="stmt"/>
        <line num="96" count="33" type="stmt"/>
        <line num="100" count="55" type="stmt"/>
        <line num="101" count="1" type="stmt"/>
        <line num="103" count="33" type="stmt"/>
        <line num="104" count="33" type="stmt"/>
        <line num="107" count="1" type="stmt"/>
        <line num="108" count="1" type="stmt"/>
        <line num="109" count="1" type="stmt"/>
        <line num="111" count="19" type="stmt"/>
        <line num="112" count="19" type="stmt"/>
        <line num="116" count="1" type="stmt"/>
        <line num="118" count="19" type="stmt"/>
        <line num="119" count="19" type="stmt"/>
        <line num="123" count="34" type="stmt"/>
        <line num="126" count="44" type="stmt"/>
        <line num="129" count="44" type="stmt"/>
        <line num="132" count="81" type="stmt"/>
        <line num="133" count="44" type="stmt"/>
        <line num="139" count="44" type="stmt"/>
        <line num="141" count="44" type="stmt"/>
        <line num="146" count="44" type="stmt"/>
        <line num="148" count="44" type="stmt"/>
        <line num="149" count="44" type="stmt"/>
        <line num="151" count="44" type="stmt"/>
        <line num="155" count="44" type="stmt"/>
        <line num="157" count="44" type="stmt"/>
        <line num="158" count="44" type="stmt"/>
        <line num="165" count="44" type="stmt"/>
        <line num="168" count="81" type="stmt"/>
        <line num="170" count="44" type="stmt"/>
        <line num="171" count="44" type="stmt"/>
        <line num="172" count="44" type="stmt"/>
        <line num="176" count="81" type="stmt"/>
        <line num="177" count="44" type="stmt"/>
        <line num="179" count="44" type="stmt"/>
        <line num="180" count="44" type="stmt"/>
        <line num="181" count="44" type="stmt"/>
        <line num="182" count="81" type="stmt"/>
        <line num="185" count="44" type="stmt"/>
        <line num="191" count="81" type="stmt"/>
        <line num="193" count="81" type="stmt"/>
        <line num="194" count="44" type="stmt"/>
        <line num="195" count="44" type="stmt"/>
        <line num="196" count="81" type="stmt"/>
        <line num="197" count="81" type="stmt"/>
        <line num="200" count="44" type="stmt"/>
        <line num="204" count="44" type="stmt"/>
        <line num="206" count="44" type="stmt"/>
        <line num="207" count="44" type="stmt"/>
        <line num="208" count="44" type="stmt"/>
        <line num="210" count="81" type="cond" truecount="2" falsecount="0"/>
        <line num="211" count="1" type="stmt"/>
        <line num="212" count="1" type="stmt"/>
        <line num="213" count="1" type="stmt"/>
        <line num="214" count="1" type="stmt"/>
        <line num="215" count="1" type="stmt"/>
        <line num="216" count="1" type="stmt"/>
        <line num="218" count="44" type="stmt"/>
        <line num="220" count="44" type="stmt"/>
        <line num="222" count="44" type="stmt"/>
        <line num="224" count="44" type="stmt"/>
        <line num="227" count="44" type="stmt"/>
        <line num="228" count="44" type="stmt"/>
        <line num="229" count="44" type="stmt"/>
        <line num="232" count="44" type="stmt"/>
        <line num="236" count="81" type="stmt"/>
        <line num="237" count="206" type="stmt"/>
        <line num="241" count="488" type="cond" truecount="2" falsecount="0"/>
        <line num="242" count="2" type="stmt"/>
        <line num="243" count="2" type="stmt"/>
        <line num="244" count="2" type="stmt"/>
        <line num="246" count="2" type="cond" truecount="2" falsecount="0"/>
        <line num="252" count="2" type="cond" truecount="2" falsecount="0"/>
        <line num="253" count="2" type="stmt"/>
        <line num="254" count="2" type="stmt"/>
        <line num="255" count="2" type="stmt"/>
        <line num="256" count="2" type="stmt"/>
        <line num="258" count="2" type="stmt"/>
        <line num="260" count="2" type="cond" truecount="2" falsecount="0"/>
        <line num="262" count="2" type="stmt"/>
        <line num="263" count="2" type="stmt"/>
        <line num="266" count="204" type="stmt"/>
        <line num="267" count="486" type="stmt"/>
        <line num="268" count="204" type="stmt"/>
        <line num="270" count="486" type="cond" truecount="2" falsecount="0"/>
        <line num="276" count="486" type="stmt"/>
        <line num="277" count="204" type="stmt"/>
        <line num="278" count="204" type="stmt"/>
        <line num="279" count="486" type="stmt"/>
        <line num="280" count="204" type="stmt"/>
        <line num="282" count="204" type="stmt"/>
        <line num="283" count="486" type="stmt"/>
        <line num="284" count="204" type="stmt"/>
        <line num="285" count="486" type="stmt"/>
        <line num="286" count="204" type="stmt"/>
        <line num="289" count="206" type="stmt"/>
        <line num="291" count="44" type="stmt"/>
        <line num="296" count="44" type="stmt"/>
        <line num="305" count="81" type="stmt"/>
        <line num="306" count="180" type="stmt"/>
        <line num="309" count="0" type="stmt"/>
        <line num="311" count="450" type="stmt"/>
        <line num="312" count="450" type="stmt"/>
        <line num="313" count="180" type="stmt"/>
        <line num="315" count="450" type="cond" truecount="2" falsecount="0"/>
        <line num="317" count="450" type="stmt"/>
        <line num="318" count="180" type="stmt"/>
        <line num="321" count="44" type="stmt"/>
        <line num="323" count="44" type="stmt"/>
        <line num="327" count="44" type="stmt"/>
        <line num="328" count="81" type="cond" truecount="2" falsecount="0"/>
        <line num="329" count="29" type="stmt"/>
        <line num="331" count="44" type="stmt"/>
        <line num="332" count="44" type="stmt"/>
        <line num="337" count="81" type="stmt"/>
        <line num="338" count="44" type="stmt"/>
        <line num="339" count="44" type="stmt"/>
        <line num="341" count="81" type="cond" truecount="1" falsecount="1"/>
        <line num="345" count="81" type="stmt"/>
        <line num="346" count="44" type="stmt"/>
        <line num="349" count="81" type="cond" truecount="0" falsecount="2"/>
        <line num="351" count="44" type="stmt"/>
        <line num="354" count="81" type="stmt"/>
        <line num="358" count="44" type="stmt"/>
        <line num="360" count="44" type="stmt"/>
        <line num="362" count="44" type="stmt"/>
        <line num="364" count="44" type="stmt"/>
        <line num="367" count="44" type="stmt"/>
        <line num="372" count="44" type="stmt"/>
        <line num="373" count="44" type="stmt"/>
        <line num="374" count="44" type="stmt"/>
        <line num="375" count="44" type="stmt"/>
        <line num="376" count="44" type="stmt"/>
        <line num="377" count="44" type="stmt"/>
        <line num="378" count="44" type="stmt"/>
        <line num="379" count="44" type="stmt"/>
        <line num="380" count="44" type="stmt"/>
        <line num="383" count="44" type="stmt"/>
        <line num="384" count="81" type="stmt"/>
        <line num="385" count="77" type="stmt"/>
        <line num="389" count="124" type="stmt"/>
        <line num="391" count="0" type="stmt"/>
        <line num="393" count="124" type="stmt"/>
        <line num="394" count="77" type="stmt"/>
        <line num="395" count="124" type="stmt"/>
        <line num="398" count="124" type="stmt"/>
        <line num="399" count="77" type="stmt"/>
        <line num="400" count="124" type="stmt"/>
        <line num="401" count="77" type="stmt"/>
        <line num="402" count="77" type="stmt"/>
        <line num="403" count="124" type="stmt"/>
        <line num="404" count="77" type="stmt"/>
        <line num="405" count="77" type="stmt"/>
        <line num="407" count="124" type="cond" truecount="2" falsecount="0"/>
        <line num="409" count="124" type="cond" truecount="2" falsecount="0"/>
        <line num="411" count="77" type="stmt"/>
        <line num="412" count="77" type="stmt"/>
        <line num="414" count="124" type="cond" truecount="2" falsecount="0"/>
        <line num="416" count="124" type="stmt"/>
        <line num="417" count="77" type="stmt"/>
        <line num="418" count="77" type="stmt"/>
        <line num="419" count="124" type="stmt"/>
        <line num="420" count="77" type="stmt"/>
        <line num="421" count="77" type="stmt"/>
        <line num="423" count="124" type="cond" truecount="2" falsecount="0"/>
        <line num="425" count="124" type="cond" truecount="2" falsecount="0"/>
        <line num="427" count="77" type="stmt"/>
        <line num="431" count="34" type="stmt"/>
        <line num="432" count="53" type="cond" truecount="2" falsecount="0"/>
        <line num="437" count="34" type="stmt"/>
        <line num="439" count="44" type="stmt"/>
        <line num="448" count="81" type="cond" truecount="2" falsecount="0"/>
        <line num="449" count="1" type="stmt"/>
        <line num="450" count="1" type="stmt"/>
        <line num="457" count="1" type="stmt"/>
        <line num="462" count="81" type="cond" truecount="2" falsecount="0"/>
        <line num="463" count="2" type="stmt"/>
        <line num="466" count="81" type="cond" truecount="2" falsecount="0"/>
        <line num="467" count="5" type="cond" truecount="3" falsecount="1"/>
        <line num="468" count="5" type="stmt"/>
        <line num="469" count="3" type="stmt"/>
        <line num="470" count="3" type="stmt"/>
        <line num="471" count="3" type="stmt"/>
        <line num="476" count="2" type="stmt"/>
        <line num="477" count="2" type="stmt"/>
        <line num="478" count="2" type="stmt"/>
      </file>
      <file name="dashboard.component.ts" path="C:\Users\Administrator\Documents\GitHub\trading-season\apps\client-ui\src\app\dashboard\dashboard.component.ts">
        <metrics statements="263" coveredstatements="235" conditionals="101" coveredconditionals="76" methods="101" coveredmethods="90"/>
        <line num="64" count="1" type="stmt"/>
        <line num="135" count="125" type="cond" truecount="2" falsecount="0"/>
        <line num="139" count="105" type="cond" truecount="10" falsecount="0"/>
        <line num="140" count="44" type="stmt"/>
        <line num="141" count="44" type="stmt"/>
        <line num="142" count="44" type="stmt"/>
        <line num="143" count="44" type="stmt"/>
        <line num="145" count="44" type="stmt"/>
        <line num="146" count="44" type="stmt"/>
        <line num="147" count="44" type="stmt"/>
        <line num="148" count="44" type="stmt"/>
        <line num="149" count="44" type="stmt"/>
        <line num="150" count="44" type="stmt"/>
        <line num="154" count="44" type="stmt"/>
        <line num="155" count="44" type="stmt"/>
        <line num="156" count="44" type="stmt"/>
        <line num="157" count="44" type="stmt"/>
        <line num="158" count="53" type="stmt"/>
        <line num="159" count="44" type="stmt"/>
        <line num="160" count="56" type="cond" truecount="3" falsecount="1"/>
        <line num="163" count="34" type="stmt"/>
        <line num="165" count="1" type="stmt"/>
        <line num="167" count="21" type="cond" truecount="2" falsecount="0"/>
        <line num="170" count="44" type="stmt"/>
        <line num="171" count="44" type="stmt"/>
        <line num="172" count="44" type="stmt"/>
        <line num="173" count="44" type="stmt"/>
        <line num="174" count="44" type="stmt"/>
        <line num="175" count="44" type="stmt"/>
        <line num="176" count="44" type="stmt"/>
        <line num="177" count="44" type="stmt"/>
        <line num="178" count="44" type="stmt"/>
        <line num="179" count="44" type="stmt"/>
        <line num="180" count="44" type="stmt"/>
        <line num="181" count="44" type="stmt"/>
        <line num="182" count="44" type="stmt"/>
        <line num="183" count="44" type="stmt"/>
        <line num="184" count="35" type="cond" truecount="2" falsecount="0"/>
        <line num="194" count="44" type="stmt"/>
        <line num="195" count="1" type="stmt"/>
        <line num="196" count="1" type="stmt"/>
        <line num="209" count="44" type="stmt"/>
        <line num="210" count="35" type="stmt"/>
        <line num="211" count="35" type="stmt"/>
        <line num="219" count="44" type="stmt"/>
        <line num="220" count="41" type="stmt"/>
        <line num="221" count="41" type="stmt"/>
        <line num="223" count="44" type="stmt"/>
        <line num="224" count="41" type="stmt"/>
        <line num="225" count="41" type="stmt"/>
        <line num="228" count="44" type="stmt"/>
        <line num="231" count="44" type="stmt"/>
        <line num="232" count="44" type="stmt"/>
        <line num="233" count="35" type="stmt"/>
        <line num="234" count="35" type="cond" truecount="3" falsecount="1"/>
        <line num="238" count="44" type="stmt"/>
        <line num="239" count="61" type="stmt"/>
        <line num="243" count="44" type="stmt"/>
        <line num="244" count="55" type="stmt"/>
        <line num="246" count="79" type="stmt"/>
        <line num="251" count="44" type="stmt"/>
        <line num="252" count="53" type="stmt"/>
        <line num="253" count="53" type="stmt"/>
        <line num="254" count="33" type="stmt"/>
        <line num="256" count="53" type="stmt"/>
        <line num="259" count="44" type="stmt"/>
        <line num="260" count="53" type="stmt"/>
        <line num="267" count="318" type="stmt"/>
        <line num="274" count="276" type="stmt"/>
        <line num="277" count="44" type="stmt"/>
        <line num="278" count="2" type="stmt"/>
        <line num="281" count="44" type="stmt"/>
        <line num="282" count="36" type="stmt"/>
        <line num="283" count="36" type="cond" truecount="2" falsecount="0"/>
        <line num="286" count="44" type="stmt"/>
        <line num="287" count="19" type="stmt"/>
        <line num="288" count="19" type="stmt"/>
        <line num="289" count="19" type="stmt"/>
        <line num="291" count="79" type="stmt"/>
        <line num="292" count="79" type="cond" truecount="1" falsecount="1"/>
        <line num="293" count="0" type="stmt"/>
        <line num="294" count="0" type="stmt"/>
        <line num="298" count="0" type="stmt"/>
        <line num="300" count="79" type="stmt"/>
        <line num="314" count="57" type="stmt"/>
        <line num="316" count="44" type="stmt"/>
        <line num="317" count="79" type="stmt"/>
        <line num="318" count="55" type="cond" truecount="2" falsecount="0"/>
        <line num="322" count="44" type="stmt"/>
        <line num="323" count="53" type="stmt"/>
        <line num="327" count="54" type="stmt"/>
        <line num="330" count="44" type="stmt"/>
        <line num="331" count="54" type="cond" truecount="2" falsecount="0"/>
        <line num="334" count="44" type="stmt"/>
        <line num="335" count="55" type="stmt"/>
        <line num="346" count="44" type="stmt"/>
        <line num="347" count="53" type="stmt"/>
        <line num="348" count="53" type="stmt"/>
        <line num="349" count="53" type="cond" truecount="2" falsecount="0"/>
        <line num="350" count="6" type="stmt"/>
        <line num="356" count="34" type="cond" truecount="1" falsecount="1"/>
        <line num="357" count="34" type="stmt"/>
        <line num="358" count="34" type="stmt"/>
        <line num="363" count="44" type="stmt"/>
        <line num="364" count="44" type="stmt"/>
        <line num="365" count="44" type="stmt"/>
        <line num="369" count="14" type="cond" truecount="1" falsecount="1"/>
        <line num="374" count="11" type="stmt"/>
        <line num="375" count="11" type="cond" truecount="4" falsecount="0"/>
        <line num="376" count="7" type="stmt"/>
        <line num="378" count="4" type="stmt"/>
        <line num="382" count="4" type="stmt"/>
        <line num="383" count="4" type="stmt"/>
        <line num="387" count="1" type="stmt"/>
        <line num="391" count="2" type="stmt"/>
        <line num="392" count="2" type="stmt"/>
        <line num="397" count="2" type="cond" truecount="2" falsecount="0"/>
        <line num="398" count="1" type="stmt"/>
        <line num="400" count="1" type="stmt"/>
        <line num="401" count="1" type="stmt"/>
        <line num="405" count="1" type="stmt"/>
        <line num="409" count="2" type="stmt"/>
        <line num="413" count="1" type="stmt"/>
        <line num="418" count="1" type="stmt"/>
        <line num="419" count="1" type="stmt"/>
        <line num="423" count="1" type="stmt"/>
        <line num="427" count="1" type="stmt"/>
        <line num="432" count="2" type="stmt"/>
        <line num="437" count="94" type="stmt"/>
        <line num="438" count="177" type="cond" truecount="2" falsecount="0"/>
        <line num="445" count="177" type="stmt"/>
        <line num="446" count="177" type="stmt"/>
        <line num="458" count="0" type="stmt"/>
        <line num="462" count="6" type="stmt"/>
        <line num="463" count="6" type="stmt"/>
        <line num="464" count="6" type="cond" truecount="3" falsecount="1"/>
        <line num="465" count="0" type="stmt"/>
        <line num="467" count="6" type="stmt"/>
        <line num="468" count="6" type="cond" truecount="2" falsecount="0"/>
        <line num="469" count="2" type="stmt"/>
        <line num="470" count="2" type="stmt"/>
        <line num="472" count="4" type="stmt"/>
        <line num="473" count="4" type="stmt"/>
        <line num="474" count="4" type="stmt"/>
        <line num="475" count="4" type="stmt"/>
        <line num="477" count="3" type="stmt"/>
        <line num="478" count="3" type="stmt"/>
        <line num="479" count="3" type="stmt"/>
        <line num="482" count="1" type="stmt"/>
        <line num="483" count="1" type="stmt"/>
        <line num="489" count="34" type="stmt"/>
        <line num="490" count="0" type="stmt"/>
        <line num="491" count="0" type="stmt"/>
        <line num="496" count="9" type="stmt"/>
        <line num="497" count="9" type="stmt"/>
        <line num="498" count="9" type="stmt"/>
        <line num="499" count="9" type="stmt"/>
        <line num="500" count="9" type="stmt"/>
        <line num="501" count="9" type="stmt"/>
        <line num="502" count="9" type="stmt"/>
        <line num="503" count="9" type="stmt"/>
        <line num="504" count="9" type="stmt"/>
        <line num="505" count="10" type="stmt"/>
        <line num="506" count="10" type="stmt"/>
        <line num="514" count="9" type="stmt"/>
        <line num="515" count="9" type="stmt"/>
        <line num="516" count="9" type="stmt"/>
        <line num="517" count="0" type="stmt"/>
        <line num="518" count="9" type="stmt"/>
        <line num="519" count="0" type="stmt"/>
        <line num="524" count="15" type="stmt"/>
        <line num="525" count="11" type="stmt"/>
        <line num="526" count="11" type="cond" truecount="1" falsecount="1"/>
        <line num="527" count="0" type="stmt"/>
        <line num="529" count="11" type="stmt"/>
        <line num="531" count="5" type="cond" truecount="1" falsecount="1"/>
        <line num="532" count="0" type="stmt"/>
        <line num="534" count="5" type="stmt"/>
        <line num="538" count="5" type="stmt"/>
        <line num="541" count="0" type="cond" truecount="0" falsecount="2"/>
        <line num="542" count="0" type="stmt"/>
        <line num="544" count="0" type="stmt"/>
        <line num="545" count="0" type="stmt"/>
        <line num="546" count="0" type="stmt"/>
        <line num="547" count="0" type="stmt"/>
        <line num="551" count="11" type="stmt"/>
        <line num="556" count="53" type="stmt"/>
        <line num="557" count="53" type="stmt"/>
        <line num="558" count="53" type="stmt"/>
        <line num="562" count="0" type="cond" truecount="0" falsecount="2"/>
        <line num="563" count="0" type="stmt"/>
        <line num="565" count="0" type="stmt"/>
        <line num="566" count="0" type="stmt"/>
        <line num="567" count="0" type="stmt"/>
        <line num="568" count="0" type="stmt"/>
        <line num="570" count="0" type="stmt"/>
        <line num="571" count="0" type="cond" truecount="0" falsecount="2"/>
        <line num="572" count="0" type="stmt"/>
        <line num="576" count="0" type="stmt"/>
        <line num="581" count="1" type="stmt"/>
        <line num="582" count="1" type="stmt"/>
        <line num="583" count="1" type="cond" truecount="1" falsecount="1"/>
        <line num="584" count="1" type="cond" truecount="1" falsecount="1"/>
        <line num="585" count="1" type="stmt"/>
        <line num="586" count="1" type="cond" truecount="1" falsecount="1"/>
        <line num="592" count="53" type="stmt"/>
        <line num="593" count="53" type="stmt"/>
        <line num="597" count="91" type="stmt"/>
        <line num="606" count="91" type="stmt"/>
        <line num="607" count="2275" type="cond" truecount="1" falsecount="1"/>
        <line num="608" count="91" type="stmt"/>
        <line num="612" count="6" type="stmt"/>
        <line num="613" count="6" type="stmt"/>
        <line num="614" count="6" type="stmt"/>
        <line num="615" count="6" type="stmt"/>
        <line num="616" count="6" type="cond" truecount="6" falsecount="0"/>
        <line num="617" count="1" type="stmt"/>
        <line num="622" count="5" type="cond" truecount="2" falsecount="0"/>
        <line num="623" count="2" type="stmt"/>
        <line num="624" count="2" type="cond" truecount="2" falsecount="0"/>
        <line num="625" count="1" type="stmt"/>
        <line num="630" count="1" type="stmt"/>
        <line num="632" count="3" type="stmt"/>
        <line num="636" count="2" type="stmt"/>
        <line num="637" count="2" type="stmt"/>
        <line num="638" count="4" type="stmt"/>
        <line num="639" count="2" type="stmt"/>
        <line num="640" count="2" type="cond" truecount="2" falsecount="0"/>
        <line num="641" count="1" type="stmt"/>
        <line num="642" count="0" type="cond" truecount="0" falsecount="2"/>
        <line num="644" count="1" type="stmt"/>
        <line num="648" count="1" type="cond" truecount="1" falsecount="1"/>
        <line num="649" count="1" type="cond" truecount="1" falsecount="1"/>
        <line num="653" count="1" type="stmt"/>
        <line num="654" count="1" type="stmt"/>
        <line num="666" count="77" type="stmt"/>
        <line num="667" count="77" type="stmt"/>
        <line num="676" count="4" type="stmt"/>
        <line num="677" count="4" type="stmt"/>
        <line num="678" count="4" type="stmt"/>
        <line num="679" count="4" type="stmt"/>
        <line num="680" count="4" type="stmt"/>
        <line num="681" count="4" type="stmt"/>
        <line num="690" count="4" type="stmt"/>
        <line num="691" count="8" type="stmt"/>
        <line num="692" count="8" type="stmt"/>
        <line num="693" count="200" type="stmt"/>
        <line num="694" count="8" type="stmt"/>
        <line num="701" count="8" type="stmt"/>
        <line num="703" count="8" type="stmt"/>
        <line num="707" count="2" type="stmt"/>
        <line num="708" count="2" type="stmt"/>
        <line num="712" count="1" type="stmt"/>
        <line num="716" count="1" type="stmt"/>
        <line num="717" count="1" type="stmt"/>
        <line num="722" count="172" type="stmt"/>
        <line num="726" count="1" type="stmt"/>
        <line num="727" count="1" type="stmt"/>
        <line num="728" count="1" type="stmt"/>
        <line num="732" count="365" type="stmt"/>
        <line num="733" count="365" type="cond" truecount="4" falsecount="0"/>
        <line num="734" count="261" type="stmt"/>
        <line num="737" count="1" type="stmt"/>
      </file>
      <file name="market-data.service.ts" path="C:\Users\Administrator\Documents\GitHub\trading-season\apps\client-ui\src\app\dashboard\market-data.service.ts">
        <metrics statements="19" coveredstatements="19" conditionals="9" coveredconditionals="9" methods="10" coveredmethods="10"/>
        <line num="62" count="69" type="cond" truecount="5" falsecount="0"/>
        <line num="63" count="69" type="stmt"/>
        <line num="64" count="69" type="stmt"/>
        <line num="68" count="36" type="cond" truecount="2" falsecount="0"/>
        <line num="69" count="36" type="stmt"/>
        <line num="73" count="15" type="stmt"/>
        <line num="77" count="15" type="stmt"/>
        <line num="81" count="5" type="stmt"/>
        <line num="82" count="5" type="stmt"/>
        <line num="86" count="11" type="cond" truecount="2" falsecount="0"/>
        <line num="87" count="10" type="stmt"/>
        <line num="88" count="10" type="stmt"/>
        <line num="90" count="1" type="stmt"/>
        <line num="93" count="1" type="stmt"/>
        <line num="94" count="1" type="stmt"/>
        <line num="95" count="1" type="stmt"/>
        <line num="96" count="1" type="stmt"/>
        <line num="98" count="1" type="stmt"/>
        <line num="99" count="1" type="stmt"/>
      </file>
      <file name="mock-data.ts" path="C:\Users\Administrator\Documents\GitHub\trading-season\apps\client-ui\src\app\dashboard\mock-data.ts">
        <metrics statements="59" coveredstatements="58" conditionals="20" coveredconditionals="19" methods="19" coveredmethods="19"/>
        <line num="6" count="3" type="stmt"/>
        <line num="34" count="3" type="stmt"/>
        <line num="47" count="3" type="stmt"/>
        <line num="60" count="852" type="stmt"/>
        <line num="67" count="12" type="stmt"/>
        <line num="68" count="12" type="cond" truecount="2" falsecount="0"/>
        <line num="69" count="2" type="stmt"/>
        <line num="71" count="10" type="stmt"/>
        <line num="73" count="36" type="cond" truecount="2" falsecount="0"/>
        <line num="82" count="3" type="stmt"/>
        <line num="83" count="3" type="stmt"/>
        <line num="84" count="3" type="stmt"/>
        <line num="85" count="3" type="stmt"/>
        <line num="90" count="3" type="stmt"/>
        <line num="94" count="3933" type="stmt"/>
        <line num="99" count="2" type="stmt"/>
        <line num="100" count="37" type="stmt"/>
        <line num="101" count="37" type="cond" truecount="2" falsecount="0"/>
        <line num="106" count="163" type="cond" truecount="3" falsecount="1"/>
        <line num="108" count="161" type="cond" truecount="2" falsecount="0"/>
        <line num="109" count="18" type="stmt"/>
        <line num="112" count="143" type="stmt"/>
        <line num="114" count="1" type="stmt"/>
        <line num="116" count="5" type="stmt"/>
        <line num="118" count="1" type="stmt"/>
        <line num="120" count="0" type="stmt"/>
        <line num="127" count="18" type="stmt"/>
        <line num="133" count="18" type="stmt"/>
        <line num="134" count="162" type="stmt"/>
        <line num="135" count="18" type="stmt"/>
        <line num="144" count="18" type="cond" truecount="2" falsecount="0"/>
        <line num="145" count="12" type="stmt"/>
        <line num="148" count="6" type="stmt"/>
        <line num="149" count="6" type="stmt"/>
        <line num="150" count="42" type="stmt"/>
        <line num="152" count="6" type="cond" truecount="2" falsecount="0"/>
        <line num="153" count="1" type="stmt"/>
        <line num="155" count="6" type="stmt"/>
        <line num="166" count="18" type="stmt"/>
        <line num="167" count="18" type="stmt"/>
        <line num="176" count="18" type="stmt"/>
        <line num="177" count="450" type="stmt"/>
        <line num="178" count="18" type="stmt"/>
        <line num="185" count="18" type="stmt"/>
        <line num="196" count="163" type="stmt"/>
        <line num="197" count="163" type="cond" truecount="2" falsecount="0"/>
        <line num="198" count="163" type="stmt"/>
        <line num="199" count="3972" type="stmt"/>
        <line num="201" count="163" type="stmt"/>
        <line num="202" count="163" type="stmt"/>
        <line num="203" count="1450" type="stmt"/>
        <line num="206" count="163" type="stmt"/>
        <line num="207" count="163" type="stmt"/>
        <line num="208" count="163" type="stmt"/>
        <line num="209" count="3972" type="stmt"/>
        <line num="212" count="3972" type="stmt"/>
        <line num="213" count="3972" type="stmt"/>
        <line num="216" count="163" type="stmt"/>
        <line num="217" count="3972" type="stmt"/>
      </file>
    </package>
    <package name="app.dashboard.accounts">
      <metrics statements="216" coveredstatements="214" conditionals="133" coveredconditionals="128" methods="70" coveredmethods="70"/>
      <file name="account-dialog.component.ts" path="C:\Users\Administrator\Documents\GitHub\trading-season\apps\client-ui\src\app\dashboard\accounts\account-dialog.component.ts">
        <metrics statements="58" coveredstatements="57" conditionals="34" coveredconditionals="33" methods="10" coveredmethods="10"/>
        <line num="20" count="2" type="stmt"/>
        <line num="35" count="11" type="stmt"/>
        <line num="36" count="22" type="cond" truecount="4" falsecount="0"/>
        <line num="38" count="11" type="stmt"/>
        <line num="40" count="22" type="stmt"/>
        <line num="41" count="11" type="stmt"/>
        <line num="42" count="11" type="stmt"/>
        <line num="43" count="11" type="stmt"/>
        <line num="51" count="22" type="stmt"/>
        <line num="53" count="22" type="cond" truecount="2" falsecount="0"/>
        <line num="54" count="1" type="stmt"/>
        <line num="55" count="1" type="stmt"/>
        <line num="56" count="1" type="stmt"/>
        <line num="58" count="7" type="stmt"/>
        <line num="59" count="7" type="stmt"/>
        <line num="61" count="7" type="stmt"/>
        <line num="63" count="11" type="stmt"/>
        <line num="65" count="22" type="cond" truecount="2" falsecount="0"/>
        <line num="66" count="2" type="stmt"/>
        <line num="69" count="11" type="stmt"/>
        <line num="75" count="11" type="stmt"/>
        <line num="77" count="11" type="stmt"/>
        <line num="78" count="11" type="stmt"/>
        <line num="79" count="11" type="stmt"/>
        <line num="83" count="22" type="stmt"/>
        <line num="85" count="22" type="stmt"/>
        <line num="86" count="11" type="stmt"/>
        <line num="92" count="33" type="cond" truecount="10" falsecount="0"/>
        <line num="93" count="11" type="stmt"/>
        <line num="96" count="11" type="stmt"/>
        <line num="98" count="11" type="stmt"/>
        <line num="99" count="11" type="stmt"/>
        <line num="101" count="11" type="stmt"/>
        <line num="102" count="11" type="stmt"/>
        <line num="103" count="11" type="stmt"/>
        <line num="104" count="11" type="stmt"/>
        <line num="105" count="17" type="cond" truecount="2" falsecount="0"/>
        <line num="106" count="7" type="cond" truecount="2" falsecount="0"/>
        <line num="108" count="10" type="cond" truecount="2" falsecount="0"/>
        <line num="110" count="11" type="stmt"/>
        <line num="112" count="11" type="stmt"/>
        <line num="120" count="11" type="stmt"/>
        <line num="123" count="11" type="cond" truecount="2" falsecount="0"/>
        <line num="127" count="5" type="cond" truecount="1" falsecount="1"/>
        <line num="128" count="0" type="stmt"/>
        <line num="130" count="5" type="cond" truecount="2" falsecount="0"/>
        <line num="131" count="1" type="stmt"/>
        <line num="132" count="1" type="stmt"/>
        <line num="134" count="4" type="stmt"/>
        <line num="135" count="4" type="stmt"/>
        <line num="136" count="4" type="cond" truecount="2" falsecount="0"/>
        <line num="140" count="5" type="stmt"/>
        <line num="141" count="5" type="stmt"/>
        <line num="142" count="5" type="stmt"/>
        <line num="144" count="2" type="stmt"/>
        <line num="145" count="2" type="stmt"/>
        <line num="148" count="2" type="stmt"/>
        <line num="149" count="2" type="stmt"/>
      </file>
      <file name="account-error.ts" path="C:\Users\Administrator\Documents\GitHub\trading-season\apps\client-ui\src\app\dashboard\accounts\account-error.ts">
        <metrics statements="24" coveredstatements="24" conditionals="25" coveredconditionals="25" methods="4" coveredmethods="4"/>
        <line num="7" count="3" type="stmt"/>
        <line num="9" count="2" type="stmt"/>
        <line num="10" count="2" type="stmt"/>
        <line num="14" count="3" type="stmt"/>
        <line num="32" count="18" type="cond" truecount="2" falsecount="0"/>
        <line num="33" count="1" type="stmt"/>
        <line num="35" count="17" type="cond" truecount="2" falsecount="0"/>
        <line num="36" count="2" type="stmt"/>
        <line num="38" count="15" type="cond" truecount="2" falsecount="0"/>
        <line num="39" count="1" type="stmt"/>
        <line num="41" count="14" type="cond" truecount="2" falsecount="0"/>
        <line num="42" count="1" type="stmt"/>
        <line num="44" count="13" type="cond" truecount="7" falsecount="0"/>
        <line num="46" count="1" type="stmt"/>
        <line num="49" count="2" type="stmt"/>
        <line num="51" count="3" type="cond" truecount="2" falsecount="0"/>
        <line num="54" count="6" type="stmt"/>
        <line num="56" count="1" type="stmt"/>
        <line num="61" count="6" type="cond" truecount="4" falsecount="0"/>
        <line num="64" count="3" type="stmt"/>
        <line num="66" count="2" type="stmt"/>
        <line num="68" count="1" type="stmt"/>
        <line num="74" count="3" type="stmt"/>
        <line num="75" count="3" type="cond" truecount="4" falsecount="0"/>
      </file>
      <file name="account-store.service.ts" path="C:\Users\Administrator\Documents\GitHub\trading-season\apps\client-ui\src\app\dashboard\accounts\account-store.service.ts">
        <metrics statements="60" coveredstatements="60" conditionals="22" coveredconditionals="20" methods="42" coveredmethods="42"/>
        <line num="18" count="3" type="stmt"/>
        <line num="27" count="60" type="cond" truecount="5" falsecount="0"/>
        <line num="28" count="60" type="stmt"/>
        <line num="29" count="60" type="stmt"/>
        <line num="31" count="60" type="stmt"/>
        <line num="32" count="60" type="stmt"/>
        <line num="33" count="60" type="stmt"/>
        <line num="34" count="60" type="stmt"/>
        <line num="35" count="60" type="stmt"/>
        <line num="37" count="60" type="stmt"/>
        <line num="39" count="60" type="stmt"/>
        <line num="41" count="60" type="stmt"/>
        <line num="42" count="60" type="stmt"/>
        <line num="44" count="60" type="stmt"/>
        <line num="46" count="67" type="cond" truecount="3" falsecount="0"/>
        <line num="51" count="65" type="cond" truecount="2" falsecount="0"/>
        <line num="54" count="64" type="stmt"/>
        <line num="57" count="60" type="stmt"/>
        <line num="59" count="55" type="stmt"/>
        <line num="60" count="36" type="stmt"/>
        <line num="65" count="50" type="stmt"/>
        <line num="66" count="50" type="stmt"/>
        <line num="67" count="34" type="stmt"/>
        <line num="71" count="33" type="stmt"/>
        <line num="72" count="33" type="stmt"/>
        <line num="74" count="2" type="stmt"/>
        <line num="79" count="117" type="stmt"/>
        <line num="84" count="103" type="cond" truecount="3" falsecount="1"/>
        <line num="89" count="9" type="cond" truecount="2" falsecount="0"/>
        <line num="90" count="3" type="stmt"/>
        <line num="92" count="6" type="stmt"/>
        <line num="93" count="6" type="stmt"/>
        <line num="98" count="2" type="stmt"/>
        <line num="100" count="2" type="stmt"/>
        <line num="101" count="1" type="stmt"/>
        <line num="105" count="2" type="stmt"/>
        <line num="111" count="3" type="cond" truecount="2" falsecount="0"/>
        <line num="112" count="1" type="stmt"/>
        <line num="114" count="2" type="stmt"/>
        <line num="116" count="2" type="stmt"/>
        <line num="120" count="2" type="stmt"/>
        <line num="124" count="1" type="stmt"/>
        <line num="128" count="3" type="stmt"/>
        <line num="134" count="2" type="stmt"/>
        <line num="142" count="6" type="stmt"/>
        <line num="143" count="1" type="stmt"/>
        <line num="144" count="6" type="stmt"/>
        <line num="149" count="54" type="stmt"/>
        <line num="151" count="37" type="stmt"/>
        <line num="153" count="65" type="stmt"/>
        <line num="154" count="37" type="stmt"/>
        <line num="155" count="37" type="stmt"/>
        <line num="162" count="34" type="cond" truecount="2" falsecount="0"/>
        <line num="163" count="59" type="stmt"/>
        <line num="168" count="60" type="stmt"/>
        <line num="172" count="59" type="stmt"/>
        <line num="178" count="52" type="stmt"/>
        <line num="180" count="37" type="cond" truecount="1" falsecount="1"/>
        <line num="184" count="35" type="stmt"/>
        <line num="188" count="34" type="stmt"/>
      </file>
      <file name="account.models.ts" path="C:\Users\Administrator\Documents\GitHub\trading-season\apps\client-ui\src\app\dashboard\accounts\account.models.ts">
        <metrics statements="1" coveredstatements="1" conditionals="0" coveredconditionals="0" methods="0" coveredmethods="0"/>
        <line num="44" count="2" type="stmt"/>
      </file>
      <file name="cash-transaction-dialog.component.ts" path="C:\Users\Administrator\Documents\GitHub\trading-season\apps\client-ui\src\app\dashboard\accounts\cash-transaction-dialog.component.ts">
        <metrics statements="67" coveredstatements="66" conditionals="45" coveredconditionals="43" methods="12" coveredmethods="12"/>
        <line num="44" count="14" type="stmt"/>
        <line num="45" count="33" type="cond" truecount="4" falsecount="0"/>
        <line num="47" count="14" type="stmt"/>
        <line num="49" count="33" type="stmt"/>
        <line num="50" count="14" type="stmt"/>
        <line num="51" count="14" type="stmt"/>
        <line num="52" count="14" type="stmt"/>
        <line num="61" count="33" type="stmt"/>
        <line num="63" count="33" type="cond" truecount="2" falsecount="0"/>
        <line num="64" count="10" type="stmt"/>
        <line num="66" count="15" type="stmt"/>
        <line num="67" count="23" type="stmt"/>
        <line num="68" count="15" type="stmt"/>
        <line num="70" count="14" type="stmt"/>
        <line num="72" count="33" type="cond" truecount="2" falsecount="0"/>
        <line num="73" count="1" type="stmt"/>
        <line num="76" count="14" type="stmt"/>
        <line num="82" count="14" type="stmt"/>
        <line num="84" count="14" type="stmt"/>
        <line num="85" count="14" type="stmt"/>
        <line num="86" count="14" type="stmt"/>
        <line num="90" count="33" type="stmt"/>
        <line num="92" count="33" type="stmt"/>
        <line num="93" count="14" type="stmt"/>
        <line num="99" count="47" type="cond" truecount="10" falsecount="0"/>
        <line num="100" count="14" type="stmt"/>
        <line num="102" count="14" type="stmt"/>
        <line num="104" count="14" type="stmt"/>
        <line num="105" count="14" type="stmt"/>
        <line num="107" count="14" type="stmt"/>
        <line num="108" count="14" type="stmt"/>
        <line num="109" count="14" type="stmt"/>
        <line num="110" count="14" type="stmt"/>
        <line num="111" count="14" type="stmt"/>
        <line num="112" count="19" type="cond" truecount="2" falsecount="0"/>
        <line num="113" count="4" type="stmt"/>
        <line num="115" count="15" type="cond" truecount="2" falsecount="0"/>
        <line num="118" count="14" type="stmt"/>
        <line num="123" count="51" type="stmt"/>
        <line num="125" count="14" type="stmt"/>
        <line num="128" count="19" type="stmt"/>
        <line num="129" count="19" type="cond" truecount="2" falsecount="0"/>
        <line num="130" count="9" type="stmt"/>
        <line num="132" count="10" type="cond" truecount="2" falsecount="0"/>
        <line num="133" count="2" type="stmt"/>
        <line num="135" count="8" type="cond" truecount="2" falsecount="0"/>
        <line num="136" count="2" type="stmt"/>
        <line num="138" count="6" type="cond" truecount="2" falsecount="0"/>
        <line num="139" count="2" type="stmt"/>
        <line num="141" count="4" type="stmt"/>
        <line num="145" count="9" type="cond" truecount="1" falsecount="1"/>
        <line num="146" count="0" type="stmt"/>
        <line num="148" count="9" type="cond" truecount="2" falsecount="0"/>
        <line num="149" count="5" type="stmt"/>
        <line num="150" count="5" type="stmt"/>
        <line num="152" count="4" type="cond" truecount="1" falsecount="1"/>
        <line num="153" count="9" type="cond" truecount="2" falsecount="0"/>
        <line num="155" count="9" type="stmt"/>
        <line num="156" count="9" type="stmt"/>
        <line num="157" count="9" type="stmt"/>
        <line num="159" count="1" type="stmt"/>
        <line num="160" count="1" type="stmt"/>
        <line num="163" count="1" type="stmt"/>
        <line num="164" count="1" type="stmt"/>
        <line num="171" count="51" type="cond" truecount="5" falsecount="0"/>
        <line num="172" count="48" type="stmt"/>
        <line num="174" count="3" type="cond" truecount="2" falsecount="0"/>
      </file>
      <file name="money.ts" path="C:\Users\Administrator\Documents\GitHub\trading-season\apps\client-ui\src\app\dashboard\accounts\money.ts">
        <metrics statements="6" coveredstatements="6" conditionals="7" coveredconditionals="7" methods="2" coveredmethods="2"/>
        <line num="4" count="2" type="stmt"/>
        <line num="7" count="51" type="stmt"/>
        <line num="8" count="51" type="cond" truecount="5" falsecount="0"/>
        <line num="9" count="43" type="stmt"/>
        <line num="11" count="8" type="cond" truecount="2" falsecount="0"/>
        <line num="16" count="4" type="stmt"/>
      </file>
    </package>
    <package name="app.dashboard.order-submission">
      <metrics statements="134" coveredstatements="134" conditionals="55" coveredconditionals="53" methods="29" coveredmethods="29"/>
      <file name="order-submission.component.html" path="C:\Users\Administrator\Documents\GitHub\trading-season\apps\client-ui\src\app\dashboard\order-submission\order-submission.component.html">
        <metrics statements="77" coveredstatements="77" conditionals="20" coveredconditionals="19" methods="9" coveredmethods="9"/>
        <line num="1" count="20" type="stmt"/>
        <line num="3" count="20" type="stmt"/>
        <line num="5" count="20" type="stmt"/>
        <line num="10" count="20" type="stmt"/>
        <line num="12" count="20" type="stmt"/>
        <line num="13" count="20" type="stmt"/>
        <line num="14" count="20" type="stmt"/>
        <line num="18" count="20" type="stmt"/>
        <line num="20" count="20" type="stmt"/>
        <line num="21" count="20" type="stmt"/>
        <line num="24" count="20" type="stmt"/>
        <line num="27" count="20" type="stmt"/>
        <line num="28" count="20" type="stmt"/>
        <line num="29" count="20" type="stmt"/>
        <line num="32" count="20" type="stmt"/>
        <line num="37" count="20" type="stmt"/>
        <line num="38" count="20" type="stmt"/>
        <line num="39" count="20" type="stmt"/>
        <line num="40" count="20" type="stmt"/>
        <line num="41" count="20" type="stmt"/>
        <line num="45" count="20" type="stmt"/>
        <line num="48" count="20" type="stmt"/>
        <line num="49" count="20" type="stmt"/>
        <line num="50" count="20" type="stmt"/>
        <line num="52" count="20" type="cond" truecount="2" falsecount="0"/>
        <line num="54" count="20" type="cond" truecount="2" falsecount="0"/>
        <line num="56" count="20" type="stmt"/>
        <line num="58" count="20" type="cond" truecount="1" falsecount="1"/>
        <line num="60" count="20" type="stmt"/>
        <line num="62" count="20" type="stmt"/>
        <line num="66" count="20" type="stmt"/>
        <line num="69" count="20" type="stmt"/>
        <line num="71" count="20" type="stmt"/>
        <line num="72" count="24" type="stmt"/>
        <line num="75" count="40" type="cond" truecount="2" falsecount="0"/>
        <line num="83" count="2" type="stmt"/>
        <line num="85" count="40" type="stmt"/>
        <line num="86" count="24" type="stmt"/>
        <line num="88" count="20" type="stmt"/>
        <line num="90" count="20" type="stmt"/>
        <line num="93" count="20" type="stmt"/>
        <line num="94" count="20" type="stmt"/>
        <line num="95" count="20" type="stmt"/>
        <line num="96" count="20" type="cond" truecount="2" falsecount="0"/>
        <line num="97" count="3" type="cond" truecount="2" falsecount="0"/>
        <line num="99" count="17" type="stmt"/>
        <line num="101" count="20" type="stmt"/>
        <line num="103" count="20" type="stmt"/>
        <line num="107" count="20" type="stmt"/>
        <line num="111" count="20" type="stmt"/>
        <line num="113" count="20" type="stmt"/>
        <line num="117" count="20" type="stmt"/>
        <line num="119" count="20" type="stmt"/>
        <line num="122" count="20" type="cond" truecount="2" falsecount="0"/>
        <line num="124" count="20" type="stmt"/>
        <line num="128" count="20" type="stmt"/>
        <line num="130" count="20" type="stmt"/>
        <line num="131" count="20" type="stmt"/>
        <line num="133" count="20" type="stmt"/>
        <line num="134" count="20" type="stmt"/>
        <line num="135" count="20" type="stmt"/>
        <line num="137" count="20" type="stmt"/>
        <line num="138" count="20" type="stmt"/>
        <line num="139" count="20" type="stmt"/>
        <line num="141" count="20" type="stmt"/>
        <line num="142" count="20" type="stmt"/>
        <line num="143" count="20" type="stmt"/>
        <line num="145" count="20" type="stmt"/>
        <line num="146" count="20" type="cond" truecount="2" falsecount="0"/>
        <line num="147" count="20" type="stmt"/>
        <line num="151" count="20" type="stmt"/>
        <line num="152" count="20" type="stmt"/>
        <line num="155" count="20" type="cond" truecount="2" falsecount="0"/>
        <line num="156" count="20" type="stmt"/>
        <line num="157" count="20" type="stmt"/>
        <line num="159" count="20" type="cond" truecount="2" falsecount="0"/>
        <line num="160" count="20" type="stmt"/>
      </file>
      <file name="order-submission.component.ts" path="C:\Users\Administrator\Documents\GitHub\trading-season\apps\client-ui\src\app\dashboard\order-submission\order-submission.component.ts">
        <metrics statements="57" coveredstatements="57" conditionals="35" coveredconditionals="34" methods="20" coveredmethods="20"/>
        <line num="41" count="40" type="cond" truecount="2" falsecount="0"/>
        <line num="46" count="40" type="cond" truecount="10" falsecount="0"/>
        <line num="47" count="20" type="stmt"/>
        <line num="49" count="20" type="stmt"/>
        <line num="50" count="20" type="stmt"/>
        <line num="51" count="20" type="stmt"/>
        <line num="52" count="20" type="stmt"/>
        <line num="53" count="20" type="stmt"/>
        <line num="54" count="20" type="stmt"/>
        <line num="56" count="20" type="stmt"/>
        <line num="58" count="20" type="stmt"/>
        <line num="59" count="20" type="stmt"/>
        <line num="62" count="20" type="stmt"/>
        <line num="63" count="20" type="stmt"/>
        <line num="65" count="22" type="cond" truecount="2" falsecount="1"/>
        <line num="69" count="20" type="stmt"/>
        <line num="70" count="20" type="stmt"/>
        <line num="71" count="20" type="stmt"/>
        <line num="72" count="20" type="stmt"/>
        <line num="74" count="20" type="stmt"/>
        <line num="75" count="14" type="stmt"/>
        <line num="76" count="14" type="stmt"/>
        <line num="77" count="14" type="stmt"/>
        <line num="78" count="14" type="stmt"/>
        <line num="79" count="14" type="cond" truecount="2" falsecount="0"/>
        <line num="80" count="11" type="stmt"/>
        <line num="83" count="3" type="stmt"/>
        <line num="85" count="2" type="stmt"/>
        <line num="86" count="3" type="stmt"/>
        <line num="91" count="1" type="stmt"/>
        <line num="93" count="3" type="stmt"/>
        <line num="96" count="20" type="stmt"/>
        <line num="97" count="20" type="stmt"/>
        <line num="98" count="20" type="stmt"/>
        <line num="99" count="20" type="stmt"/>
        <line num="100" count="20" type="cond" truecount="2" falsecount="0"/>
        <line num="101" count="2" type="stmt"/>
        <line num="102" count="2" type="stmt"/>
        <line num="106" count="2" type="stmt"/>
        <line num="108" count="18" type="stmt"/>
        <line num="116" count="20" type="stmt"/>
        <line num="117" count="3" type="cond" truecount="2" falsecount="0"/>
        <line num="120" count="20" type="stmt"/>
        <line num="121" count="22" type="cond" truecount="2" falsecount="0"/>
        <line num="127" count="20" type="stmt"/>
        <line num="129" count="20" type="stmt"/>
        <line num="131" count="20" type="stmt"/>
        <line num="132" count="18" type="cond" truecount="2" falsecount="0"/>
        <line num="137" count="20" type="stmt"/>
        <line num="139" count="20" type="stmt"/>
        <line num="140" count="15" type="stmt"/>
        <line num="141" count="15" type="cond" truecount="2" falsecount="0"/>
        <line num="145" count="6" type="stmt"/>
        <line num="146" count="6" type="cond" truecount="2" falsecount="0"/>
        <line num="150" count="4" type="cond" truecount="2" falsecount="0"/>
        <line num="151" count="1" type="stmt"/>
        <line num="153" count="3" type="stmt"/>
      </file>
    </package>
    <package name="app.dashboard.settings-dialog">
      <metrics statements="40" coveredstatements="40" conditionals="14" coveredconditionals="14" methods="10" coveredmethods="9"/>
      <file name="settings-dialog.component.html" path="C:\Users\Administrator\Documents\GitHub\trading-season\apps\client-ui\src\app\dashboard\settings-dialog\settings-dialog.component.html">
        <metrics statements="29" coveredstatements="29" conditionals="2" coveredconditionals="2" methods="3" coveredmethods="3"/>
        <line num="1" count="10" type="stmt"/>
        <line num="3" count="10" type="stmt"/>
        <line num="5" count="10" type="stmt"/>
        <line num="12" count="10" type="stmt"/>
        <line num="14" count="10" type="stmt"/>
        <line num="15" count="10" type="stmt"/>
        <line num="16" count="10" type="stmt"/>
        <line num="20" count="10" type="stmt"/>
        <line num="22" count="10" type="stmt"/>
        <line num="23" count="10" type="stmt"/>
        <line num="26" count="10" type="stmt"/>
        <line num="28" count="10" type="stmt"/>
        <line num="29" count="10" type="stmt"/>
        <line num="30" count="10" type="stmt"/>
        <line num="31" count="10" type="stmt"/>
        <line num="34" count="10" type="stmt"/>
        <line num="36" count="10" type="stmt"/>
        <line num="37" count="10" type="stmt"/>
        <line num="38" count="10" type="stmt"/>
        <line num="39" count="10" type="stmt"/>
        <line num="41" count="10" type="stmt"/>
        <line num="43" count="10" type="stmt"/>
        <line num="44" count="50" type="stmt"/>
        <line num="45" count="50" type="cond" truecount="2" falsecount="0"/>
        <line num="46" count="50" type="stmt"/>
        <line num="48" count="10" type="stmt"/>
        <line num="49" count="10" type="stmt"/>
        <line num="50" count="10" type="stmt"/>
        <line num="52" count="10" type="stmt"/>
      </file>
      <file name="settings-dialog.component.ts" path="C:\Users\Administrator\Documents\GitHub\trading-season\apps\client-ui\src\app\dashboard\settings-dialog\settings-dialog.component.ts">
        <metrics statements="11" coveredstatements="11" conditionals="12" coveredconditionals="12" methods="7" coveredmethods="6"/>
        <line num="26" count="20" type="cond" truecount="2" falsecount="0"/>
        <line num="31" count="20" type="cond" truecount="10" falsecount="0"/>
        <line num="32" count="10" type="stmt"/>
        <line num="33" count="10" type="stmt"/>
        <line num="35" count="10" type="stmt"/>
        <line num="37" count="10" type="stmt"/>
        <line num="38" count="10" type="stmt"/>
        <line num="41" count="10" type="stmt"/>
        <line num="46" count="10" type="stmt"/>
        <line num="48" count="1" type="stmt"/>
        <line num="50" count="10" type="stmt"/>
      </file>
    </package>
    <package name="app.dashboard.shared">
      <metrics statements="434" coveredstatements="416" conditionals="233" coveredconditionals="213" methods="92" coveredmethods="83"/>
      <file name="daily-sparkline.component.ts" path="C:\Users\Administrator\Documents\GitHub\trading-season\apps\client-ui\src\app\dashboard\shared\daily-sparkline.component.ts">
        <metrics statements="55" coveredstatements="55" conditionals="36" coveredconditionals="36" methods="13" coveredmethods="13"/>
        <line num="4" count="2" type="stmt"/>
        <line num="5" count="2" type="stmt"/>
        <line num="6" count="2" type="stmt"/>
        <line num="19" count="82" type="stmt"/>
        <line num="20" count="82" type="stmt"/>
        <line num="21" count="84" type="stmt"/>
        <line num="26" count="82" type="stmt"/>
        <line num="28" count="84" type="stmt"/>
        <line num="37" count="84" type="cond" truecount="2" falsecount="0"/>
        <line num="38" count="81" type="stmt"/>
        <line num="41" count="83" type="stmt"/>
        <line num="50" count="84" type="cond" truecount="2" falsecount="0"/>
        <line num="51" count="81" type="stmt"/>
        <line num="55" count="83" type="stmt"/>
        <line num="59" count="82" type="stmt"/>
        <line num="63" count="166" type="cond" truecount="10" falsecount="0"/>
        <line num="64" count="82" type="stmt"/>
        <line num="65" count="82" type="stmt"/>
        <line num="67" count="82" type="stmt"/>
        <line num="68" count="82" type="stmt"/>
        <line num="70" count="84" type="cond" truecount="2" falsecount="0"/>
        <line num="72" count="82" type="stmt"/>
        <line num="73" count="1988" type="stmt"/>
        <line num="74" count="84" type="cond" truecount="2" falsecount="0"/>
        <line num="75" count="1" type="stmt"/>
        <line num="77" count="83" type="stmt"/>
        <line num="78" count="83" type="stmt"/>
        <line num="79" count="83" type="cond" truecount="2" falsecount="0"/>
        <line num="80" count="84" type="stmt"/>
        <line num="83" count="82" type="stmt"/>
        <line num="84" count="84" type="stmt"/>
        <line num="85" count="84" type="stmt"/>
        <line num="86" count="1988" type="stmt"/>
        <line num="92" count="82" type="stmt"/>
        <line num="93" count="83" type="stmt"/>
        <line num="94" count="83" type="cond" truecount="2" falsecount="0"/>
        <line num="97" count="84" type="stmt"/>
        <line num="99" count="82" type="stmt"/>
        <line num="100" count="84" type="stmt"/>
        <line num="101" count="84" type="cond" truecount="2" falsecount="0"/>
        <line num="102" count="1" type="stmt"/>
        <line num="104" count="83" type="cond" truecount="2" falsecount="0"/>
        <line num="105" count="6" type="stmt"/>
        <line num="107" count="77" type="stmt"/>
        <line num="108" count="1982" type="cond" truecount="2" falsecount="0"/>
        <line num="112" count="84" type="cond" truecount="2" falsecount="0"/>
        <line num="114" count="82" type="stmt"/>
        <line num="115" count="84" type="stmt"/>
        <line num="116" count="84" type="cond" truecount="2" falsecount="0"/>
        <line num="117" count="1" type="stmt"/>
        <line num="119" count="83" type="stmt"/>
        <line num="120" count="83" type="cond" truecount="2" falsecount="0"/>
        <line num="121" count="84" type="stmt"/>
        <line num="125" count="2072" type="stmt"/>
        <line num="126" count="2072" type="stmt"/>
      </file>
      <file name="dashboard-dialog.component.ts" path="C:\Users\Administrator\Documents\GitHub\trading-season\apps\client-ui\src\app\dashboard\shared\dashboard-dialog.component.ts">
        <metrics statements="24" coveredstatements="24" conditionals="12" coveredconditionals="12" methods="9" coveredmethods="8"/>
        <line num="13" count="3" type="stmt"/>
        <line num="21" count="64" type="cond" truecount="2" falsecount="0"/>
        <line num="24" count="25" type="stmt"/>
        <line num="26" count="25" type="stmt"/>
        <line num="28" count="25" type="stmt"/>
        <line num="32" count="39" type="stmt"/>
        <line num="35" count="25" type="stmt"/>
        <line num="37" count="25" type="stmt"/>
        <line num="38" count="39" type="stmt"/>
        <line num="39" count="25" type="stmt"/>
        <line num="42" count="39" type="stmt"/>
        <line num="43" count="25" type="stmt"/>
        <line num="45" count="25" type="stmt"/>
        <line num="46" count="25" type="stmt"/>
        <line num="48" count="25" type="stmt"/>
        <line num="49" count="25" type="stmt"/>
        <line num="50" count="25" type="stmt"/>
        <line num="83" count="64" type="cond" truecount="10" falsecount="0"/>
        <line num="84" count="25" type="stmt"/>
        <line num="86" count="25" type="stmt"/>
        <line num="87" count="25" type="stmt"/>
        <line num="88" count="25" type="stmt"/>
        <line num="90" count="25" type="stmt"/>
        <line num="94" count="25" type="stmt"/>
      </file>
      <file name="dashboard-header-dropdown.component.ts" path="C:\Users\Administrator\Documents\GitHub\trading-season\apps\client-ui\src\app\dashboard\shared\dashboard-header-dropdown.component.ts">
        <metrics statements="28" coveredstatements="28" conditionals="14" coveredconditionals="13" methods="6" coveredmethods="6"/>
        <line num="9" count="147" type="stmt"/>
        <line num="10" count="147" type="stmt"/>
        <line num="11" count="132" type="stmt"/>
        <line num="12" count="109" type="stmt"/>
        <line num="13" count="109" type="stmt"/>
        <line num="14" count="88" type="stmt"/>
        <line num="16" count="132" type="stmt"/>
        <line num="17" count="147" type="stmt"/>
        <line num="18" count="132" type="stmt"/>
        <line num="19" count="132" type="stmt"/>
        <line num="34" count="279" type="cond" truecount="10" falsecount="0"/>
        <line num="36" count="132" type="stmt"/>
        <line num="37" count="132" type="stmt"/>
        <line num="38" count="132" type="stmt"/>
        <line num="39" count="132" type="stmt"/>
[...]
        <line num="118" count="1" type="stmt"/>
        <line num="121" count="2" type="stmt"/>
        <line num="123" count="2" type="stmt"/>
      </file>
      <file name="landing.component.ts" path="C:\Users\Administrator\Documents\GitHub\trading-season\apps\client-ui\src\app\landing\landing.component.ts">
        <metrics statements="62" coveredstatements="47" conditionals="18" coveredconditionals="15" methods="19" coveredmethods="16"/>
        <line num="13" count="1" type="stmt"/>
        <line num="14" count="1" type="stmt"/>
        <line num="16" count="1" type="stmt"/>
        <line num="17" count="1" type="stmt"/>
        <line num="19" count="1" type="stmt"/>
        <line num="21" count="1" type="stmt"/>
        <line num="36" count="1" type="stmt"/>
        <line num="38" count="4" type="stmt"/>
        <line num="43" count="4" type="stmt"/>
        <line num="45" count="4" type="stmt"/>
        <line num="47" count="260" type="stmt"/>
        <line num="51" count="0" type="stmt"/>
        <line num="52" count="0" type="stmt"/>
        <line num="56" count="260" type="stmt"/>
        <line num="57" count="260" type="stmt"/>
        <line num="58" count="260" type="stmt"/>
        <line num="63" count="4" type="stmt"/>
        <line num="67" count="6" type="stmt"/>
        <line num="73" count="6" type="stmt"/>
        <line num="74" count="6" type="stmt"/>
        <line num="75" count="6" type="stmt"/>
        <line num="76" count="6" type="stmt"/>
        <line num="81" count="2" type="cond" truecount="1" falsecount="1"/>
        <line num="82" count="2" type="stmt"/>
        <line num="83" count="130" type="stmt"/>
        <line num="88" count="130" type="cond" truecount="2" falsecount="0"/>
        <line num="89" count="2" type="stmt"/>
        <line num="90" count="2" type="stmt"/>
        <line num="104" count="3" type="cond" truecount="10" falsecount="0"/>
        <line num="105" count="2" type="stmt"/>
        <line num="106" count="6" type="stmt"/>
        <line num="107" count="2" type="stmt"/>
        <line num="109" count="2" type="stmt"/>
        <line num="110" count="2" type="stmt"/>
        <line num="111" count="2" type="stmt"/>
        <line num="112" count="2" type="stmt"/>
        <line num="115" count="2" type="stmt"/>
        <line num="117" count="2" type="stmt"/>
        <line num="118" count="1" type="stmt"/>
        <line num="119" count="1" type="stmt"/>
        <line num="122" count="2" type="stmt"/>
        <line num="123" count="1" type="stmt"/>
        <line num="124" count="1" type="stmt"/>
        <line num="128" count="2" type="stmt"/>
        <line num="130" count="2" type="stmt"/>
        <line num="131" count="1" type="stmt"/>
        <line num="132" count="1" type="stmt"/>
        <line num="134" count="0" type="stmt"/>
        <line num="135" count="0" type="cond" truecount="0" falsecount="2"/>
        <line num="136" count="0" type="stmt"/>
        <line num="137" count="0" type="stmt"/>
        <line num="138" count="0" type="stmt"/>
        <line num="140" count="0" type="stmt"/>
        <line num="143" count="0" type="stmt"/>
        <line num="144" count="0" type="stmt"/>
        <line num="145" count="0" type="stmt"/>
        <line num="146" count="0" type="stmt"/>
        <line num="148" count="0" type="stmt"/>
        <line num="150" count="1" type="stmt"/>
        <line num="152" count="1" type="stmt"/>
        <line num="158" count="0" type="stmt"/>
        <line num="159" count="0" type="stmt"/>
      </file>
    </package>
    <package name="app.login">
      <metrics statements="89" coveredstatements="89" conditionals="40" coveredconditionals="40" methods="11" coveredmethods="11"/>
      <file name="login.component.html" path="C:\Users\Administrator\Documents\GitHub\trading-season\apps\client-ui\src\app\login\login.component.html">
        <metrics statements="49" coveredstatements="49" conditionals="18" coveredconditionals="18" methods="2" coveredmethods="2"/>
        <line num="1" count="20" type="stmt"/>
        <line num="2" count="20" type="stmt"/>
        <line num="8" count="20" type="stmt"/>
        <line num="10" count="20" type="stmt"/>
        <line num="11" count="20" type="stmt"/>
        <line num="14" count="20" type="stmt"/>
        <line num="15" count="23" type="cond" truecount="2" falsecount="0"/>
        <line num="16" count="1" type="stmt"/>
        <line num="17" count="1" type="stmt"/>
        <line num="18" count="1" type="stmt"/>
        <line num="20" count="23" type="stmt"/>
        <line num="21" count="20" type="stmt"/>
        <line num="22" count="20" type="stmt"/>
        <line num="23" count="20" type="stmt"/>
        <line num="24" count="20" type="stmt"/>
        <line num="35" count="23" type="stmt"/>
        <line num="37" count="20" type="stmt"/>
        <line num="38" count="23" type="cond" truecount="2" falsecount="0"/>
        <line num="39" count="1" type="stmt"/>
        <line num="41" count="20" type="stmt"/>
        <line num="43" count="20" type="stmt"/>
        <line num="44" count="20" type="stmt"/>
        <line num="45" count="20" type="stmt"/>
        <line num="46" count="20" type="stmt"/>
        <line num="53" count="23" type="cond" truecount="2" falsecount="0"/>
        <line num="57" count="23" type="stmt"/>
        <line num="59" count="20" type="stmt"/>
        <line num="62" count="20" type="stmt"/>
        <line num="63" count="23" type="stmt"/>
        <line num="65" count="23" type="cond" truecount="2" falsecount="0"/>
        <line num="66" count="20" type="stmt"/>
        <line num="68" count="23" type="cond" truecount="2" falsecount="0"/>
        <line num="69" count="1" type="stmt"/>
        <line num="71" count="20" type="stmt"/>
        <line num="73" count="23" type="cond" truecount="2" falsecount="0"/>
        <line num="74" count="3" type="stmt"/>
        <line num="75" count="5" type="stmt"/>
        <line num="77" count="3" type="stmt"/>
        <line num="79" count="6" type="stmt"/>
        <line num="82" count="20" type="stmt"/>
        <line num="85" count="23" type="cond" truecount="2" falsecount="0"/>
        <line num="88" count="20" type="stmt"/>
        <line num="89" count="23" type="cond" truecount="2" falsecount="0"/>
        <line num="90" count="5" type="stmt"/>
        <line num="92" count="18" type="cond" truecount="2" falsecount="0"/>
        <line num="94" count="20" type="stmt"/>
        <line num="99" count="20" type="stmt"/>
        <line num="101" count="20" type="stmt"/>
        <line num="102" count="20" type="stmt"/>
      </file>
      <file name="login.component.ts" path="C:\Users\Administrator\Documents\GitHub\trading-season\apps\client-ui\src\app\login\login.component.ts">
        <metrics statements="40" coveredstatements="40" conditionals="22" coveredconditionals="22" methods="9" coveredmethods="9"/>
        <line num="35" count="43" type="cond" truecount="2" falsecount="0"/>
        <line num="39" count="1" type="cond" truecount="8" falsecount="0"/>
        <line num="40" count="20" type="stmt"/>
        <line num="41" count="20" type="stmt"/>
        <line num="42" count="20" type="stmt"/>
        <line num="43" count="20" type="stmt"/>
        <line num="47" count="20" type="stmt"/>
        <line num="50" count="20" type="stmt"/>
        <line num="52" count="20" type="stmt"/>
        <line num="54" count="20" type="stmt"/>
        <line num="56" count="20" type="stmt"/>
        <line num="58" count="20" type="stmt"/>
        <line num="59" count="20" type="stmt"/>
        <line num="61" count="20" type="stmt"/>
        <line num="62" count="5" type="stmt"/>
        <line num="63" count="5" type="stmt"/>
        <line num="66" count="20" type="stmt"/>
        <line num="68" count="20" type="stmt"/>
        <line num="74" count="20" type="stmt"/>
        <line num="76" count="13" type="stmt"/>
        <line num="80" count="2" type="stmt"/>
        <line num="84" count="28" type="stmt"/>
        <line num="86" count="28" type="cond" truecount="2" falsecount="0"/>
        <line num="87" count="1" type="stmt"/>
        <line num="89" count="27" type="cond" truecount="2" falsecount="0"/>
        <line num="90" count="2" type="stmt"/>
        <line num="91" count="2" type="stmt"/>
        <line num="93" count="25" type="cond" truecount="2" falsecount="0"/>
        <line num="94" count="1" type="stmt"/>
        <line num="97" count="24" type="stmt"/>
        <line num="98" count="24" type="stmt"/>
        <line num="99" count="24" type="stmt"/>
        <line num="101" count="24" type="stmt"/>
        <line num="106" count="3" type="stmt"/>
        <line num="107" count="3" type="stmt"/>
        <line num="108" count="3" type="stmt"/>
        <line num="111" count="20" type="stmt"/>
        <line num="113" count="20" type="cond" truecount="4" falsecount="0"/>
        <line num="114" count="17" type="stmt"/>
        <line num="117" count="20" type="cond" truecount="2" falsecount="0"/>
      </file>
    </package>
    <package name="app.register">
      <metrics statements="193" coveredstatements="191" conditionals="56" coveredconditionals="56" methods="25" coveredmethods="25"/>
      <file name="register.component.html" path="C:\Users\Administrator\Documents\GitHub\trading-season\apps\client-ui\src\app\register\register.component.html">
        <metrics statements="141" coveredstatements="139" conditionals="38" coveredconditionals="38" methods="6" coveredmethods="6"/>
        <line num="1" count="14" type="stmt"/>
        <line num="2" count="14" type="stmt"/>
        <line num="8" count="14" type="stmt"/>
        <line num="10" count="14" type="stmt"/>
        <line num="11" count="14" type="stmt"/>
        <line num="14" count="14" type="stmt"/>
        <line num="15" count="18" type="stmt"/>
        <line num="16" count="14" type="stmt"/>
        <line num="18" count="14" type="stmt"/>
        <line num="19" count="14" type="stmt"/>
        <line num="26" count="18" type="stmt"/>
        <line num="28" count="18" type="cond" truecount="2" falsecount="0"/>
        <line num="29" count="1" type="stmt"/>
        <line num="31" count="14" type="stmt"/>
        <line num="33" count="14" type="stmt"/>
        <line num="34" count="14" type="stmt"/>
        <line num="35" count="14" type="stmt"/>
        <line num="42" count="18" type="stmt"/>
        <line num="44" count="14" type="stmt"/>
        <line num="47" count="14" type="stmt"/>
        <line num="48" count="14" type="stmt"/>
        <line num="49" count="14" type="stmt"/>
        <line num="56" count="18" type="stmt"/>
        <line num="58" count="18" type="cond" truecount="2" falsecount="0"/>
        <line num="59" count="1" type="stmt"/>
        <line num="61" count="14" type="stmt"/>
        <line num="63" count="14" type="stmt"/>
        <line num="64" count="14" type="stmt"/>
        <line num="65" count="14" type="stmt"/>
        <line num="66" count="14" type="stmt"/>
        <line num="77" count="18" type="stmt"/>
        <line num="79" count="14" type="stmt"/>
        <line num="80" count="18" type="cond" truecount="2" falsecount="0"/>
        <line num="81" count="1" type="stmt"/>
        <line num="83" count="14" type="stmt"/>
        <line num="85" count="14" type="stmt"/>
        <line num="87" count="14" type="stmt"/>
        <line num="88" count="14" type="stmt"/>
        <line num="94" count="18" type="stmt"/>
        <line num="96" count="18" type="cond" truecount="2" falsecount="0"/>
        <line num="97" count="1" type="stmt"/>
        <line num="99" count="14" type="stmt"/>
        <line num="101" count="14" type="stmt"/>
        <line num="102" count="14" type="stmt"/>
        <line num="103" count="14" type="stmt"/>
        <line num="104" count="14" type="stmt"/>
        <line num="107" count="18" type="cond" truecount="2" falsecount="0"/>
        <line num="113" count="18" type="stmt"/>
        <line num="114" count="14" type="stmt"/>
        <line num="116" count="14" type="stmt"/>
        <line num="119" count="14" type="stmt"/>
        <line num="120" count="18" type="stmt"/>
        <line num="122" count="18" type="cond" truecount="2" falsecount="0"/>
        <line num="123" count="14" type="stmt"/>
        <line num="125" count="18" type="cond" truecount="2" falsecount="0"/>
        <line num="126" count="1" type="stmt"/>
        <line num="128" count="14" type="stmt"/>
        <line num="131" count="14" type="stmt"/>
        <line num="132" count="14" type="stmt"/>
        <line num="133" count="14" type="stmt"/>
        <line num="134" count="14" type="stmt"/>
        <line num="145" count="18" type="stmt"/>
        <line num="147" count="14" type="stmt"/>
        <line num="148" count="18" type="cond" truecount="2" falsecount="0"/>
        <line num="149" count="1" type="stmt"/>
        <line num="151" count="14" type="stmt"/>
        <line num="153" count="14" type="stmt"/>
        <line num="154" count="14" type="stmt"/>
        <line num="155" count="14" type="stmt"/>
        <line num="156" count="18" type="stmt"/>
        <line num="158" count="18" type="stmt"/>
        <line num="160" count="18" type="stmt"/>
        <line num="161" count="54" type="stmt"/>
        <line num="163" count="14" type="stmt"/>
        <line num="164" count="14" type="stmt"/>
        <line num="166" count="14" type="stmt"/>
        <line num="167" count="14" type="stmt"/>
        <line num="168" count="14" type="stmt"/>
        <line num="169" count="14" type="stmt"/>
        <line num="173" count="14" type="stmt"/>
        <line num="177" count="18" type="stmt"/>
        <line num="181" count="18" type="stmt"/>
        <line num="182" count="14" type="stmt"/>
        <line num="184" count="14" type="stmt"/>
        <line num="185" count="14" type="stmt"/>
        <line num="186" count="14" type="stmt"/>
        <line num="188" count="14" type="stmt"/>
        <line num="189" count="18" type="cond" truecount="2" falsecount="0"/>
        <line num="190" count="0" type="stmt"/>
        <line num="192" count="14" type="stmt"/>
        <line num="194" count="14" type="stmt"/>
        <line num="195" count="14" type="stmt"/>
        <line num="196" count="14" type="stmt"/>
        <line num="197" count="14" type="stmt"/>
        <line num="204" count="18" type="cond" truecount="2" falsecount="0"/>
        <line num="208" count="18" type="stmt"/>
        <line num="210" count="14" type="stmt"/>
        <line num="213" count="14" type="stmt"/>
        <line num="214" count="18" type="stmt"/>
        <line num="216" count="18" type="cond" truecount="2" falsecount="0"/>
        <line num="217" count="14" type="stmt"/>
        <line num="219" count="14" type="stmt"/>
        <line num="222" count="18" type="stmt"/>
        <line num="225" count="18" type="cond" truecount="2" falsecount="0"/>
        <line num="226" count="14" type="stmt"/>
        <line num="227" count="14" type="stmt"/>
        <line num="228" count="14" type="stmt"/>
        <line num="230" count="18" type="stmt"/>
        <line num="233" count="18" type="cond" truecount="2" falsecount="0"/>
        <line num="234" count="14" type="stmt"/>
        <line num="235" count="14" type="stmt"/>
        <line num="236" count="14" type="stmt"/>
        <line num="238" count="18" type="stmt"/>
        <line num="241" count="18" type="cond" truecount="2" falsecount="0"/>
        <line num="242" count="14" type="stmt"/>
        <line num="243" count="14" type="stmt"/>
        <line num="247" count="14" type="stmt"/>
        <line num="248" count="14" type="stmt"/>
        <line num="249" count="14" type="stmt"/>
        <line num="250" count="14" type="stmt"/>
        <line num="257" count="18" type="cond" truecount="2" falsecount="0"/>
        <line num="261" count="18" type="stmt"/>
        <line num="263" count="14" type="stmt"/>
        <line num="266" count="14" type="stmt"/>
        <line num="267" count="18" type="stmt"/>
        <line num="271" count="14" type="stmt"/>
        <line num="272" count="18" type="cond" truecount="2" falsecount="0"/>
        <line num="275" count="14" type="stmt"/>
        <line num="277" count="18" type="cond" truecount="2" falsecount="0"/>
        <line num="278" count="0" type="stmt"/>
        <line num="280" count="14" type="stmt"/>
        <line num="282" count="18" type="cond" truecount="2" falsecount="0"/>
        <line num="283" count="1" type="stmt"/>
        <line num="286" count="14" type="stmt"/>
        <line num="289" count="18" type="stmt"/>
        <line num="292" count="14" type="stmt"/>
        <line num="293" count="18" type="cond" truecount="2" falsecount="0"/>
        <line num="294" count="14" type="stmt"/>
        <line num="298" count="14" type="stmt"/>
        <line num="300" count="14" type="stmt"/>
        <line num="301" count="14" type="stmt"/>
      </file>
      <file name="register.component.ts" path="C:\Users\Administrator\Documents\GitHub\trading-season\apps\client-ui\src\app\register\register.component.ts">
        <metrics statements="52" coveredstatements="52" conditionals="18" coveredconditionals="18" methods="19" coveredmethods="19"/>
        <line num="38" count="1" type="stmt"/>
        <line num="39" count="1" type="stmt"/>
        <line num="40" count="1" type="stmt"/>
        <line num="41" count="1" type="stmt"/>
        <line num="45" count="14" type="stmt"/>
        <line num="46" count="166" type="stmt"/>
        <line num="47" count="166" type="stmt"/>
        <line num="48" count="166" type="cond" truecount="2" falsecount="0"/>
        <line num="77" count="32" type="cond" truecount="2" falsecount="0"/>
        <line num="81" count="1" type="cond" truecount="8" falsecount="0"/>
        <line num="82" count="14" type="stmt"/>
        <line num="83" count="14" type="stmt"/>
        <line num="84" count="14" type="stmt"/>
        <line num="86" count="14" type="stmt"/>
        <line num="87" count="14" type="stmt"/>
        <line num="89" count="14" type="stmt"/>
        <line num="90" count="14" type="stmt"/>
        <line num="92" count="14" type="stmt"/>
        <line num="94" count="14" type="stmt"/>
        <line num="96" count="14" type="stmt"/>
        <line num="97" count="14" type="stmt"/>
        <line num="99" count="14" type="stmt"/>
        <line num="101" count="14" type="stmt"/>
        <line num="130" count="14" type="stmt"/>
        <line num="134" count="14" type="stmt"/>
        <line num="135" count="14" type="stmt"/>
        <line num="136" count="14" type="stmt"/>
        <line num="137" count="12" type="stmt"/>
        <line num="141" count="14" type="stmt"/>
        <line num="143" count="8" type="stmt"/>
        <line num="148" count="2" type="stmt"/>
        <line num="149" count="2" type="stmt"/>
        <line num="152" count="2" type="stmt"/>
        <line num="157" count="5" type="cond" truecount="2" falsecount="0"/>
        <line num="158" count="4" type="stmt"/>
        <line num="163" count="2" type="stmt"/>
        <line num="167" count="1" type="stmt"/>
        <line num="171" count="2" type="stmt"/>
        <line num="175" count="5" type="stmt"/>
        <line num="177" count="5" type="cond" truecount="2" falsecount="0"/>
        <line num="178" count="1" type="stmt"/>
        <line num="179" count="1" type="stmt"/>
        <line num="181" count="4" type="cond" truecount="2" falsecount="0"/>
        <line num="182" count="1" type="stmt"/>
        <line num="185" count="3" type="stmt"/>
        <line num="186" count="3" type="stmt"/>
        <line num="187" count="3" type="stmt"/>
        <line num="189" count="3" type="stmt"/>
        <line num="194" count="1" type="stmt"/>
        <line num="195" count="1" type="stmt"/>
        <line num="198" count="1" type="stmt"/>
        <line num="199" count="1" type="stmt"/>
      </file>
    </package>
  </project>
</coverage>
